[I 2021-10-29 14:59:51.681 ServerApp] jupyterlab | extension was successfully linked.
[I 2021-10-29 14:59:52.161 ServerApp] nbclassic | extension was successfully linked.
[I 2021-10-29 14:59:58.871 LabApp] JupyterLab extension loaded from /home/kimpson/anaconda3/lib/python3.8/site-packages/jupyterlab
[I 2021-10-29 14:59:58.871 LabApp] JupyterLab application directory is /home/kimpson/anaconda3/share/jupyter/lab
[I 2021-10-29 14:59:58.874 ServerApp] jupyterlab | extension was successfully loaded.
[I 2021-10-29 14:59:58.882 ServerApp] nbclassic | extension was successfully loaded.
[I 2021-10-29 14:59:58.882 ServerApp] Serving notebooks from local directory: /network/aopp/chaos/pred/kimpson/ML4L/jupyter_notebooks
[I 2021-10-29 14:59:58.882 ServerApp] Jupyter Server 1.4.1 is running at:
[I 2021-10-29 14:59:58.882 ServerApp] http://localhost:9165/lab
[I 2021-10-29 14:59:58.882 ServerApp]  or http://127.0.0.1:9165/lab
[I 2021-10-29 14:59:58.882 ServerApp] Use Control-C to stop this server and shut down all kernels (twice to skip confirmation).
[I 2021-10-29 15:20:52.801 ServerApp] 302 GET / (::1) 1.03ms
[I 2021-10-29 15:20:52.829 LabApp] 302 GET /lab? (::1) 1.74ms
[I 2021-10-29 15:21:57.496 ServerApp] 302 POST /login?next=%2Flab%3F (::1) 6.97ms
[W 2021-10-29 15:22:05.995 LabApp] Could not determine jupyterlab build status without nodejs
[W 2021-10-29 15:22:09.680 ServerApp] 404 GET /api/contents/jupyter_notebooks/2.%20Toy_Example_longer_timescales.ipynb?content=0&1635517329436 (::1): No such file or directory: jupyter_notebooks/2. Toy_Example_longer_timescales.ipynb
[W 2021-10-29 15:22:09.680 ServerApp] No such file or directory: jupyter_notebooks/2. Toy_Example_longer_timescales.ipynb
[W 2021-10-29 15:22:09.681 ServerApp] 404 GET /api/contents/jupyter_notebooks/2.%20Toy_Example_longer_timescales.ipynb?content=0&1635517329436 (::1) 2.81ms referer=http://localhost:8883/lab?
[W 2021-10-29 15:22:09.683 ServerApp] 404 GET /api/contents/jupyter_notebooks/1.%20Toy_Example.ipynb?content=0&1635517329437 (::1): No such file or directory: jupyter_notebooks/1. Toy_Example.ipynb
[W 2021-10-29 15:22:09.683 ServerApp] No such file or directory: jupyter_notebooks/1. Toy_Example.ipynb
[W 2021-10-29 15:22:09.684 ServerApp] 404 GET /api/contents/jupyter_notebooks/1.%20Toy_Example.ipynb?content=0&1635517329437 (::1) 1.83ms referer=http://localhost:8883/lab?
[W 2021-10-29 15:22:10.371 ServerApp] 404 GET /api/contents/jupyter_notebooks?1635517330130 (::1): No such file or directory: jupyter_notebooks
[W 2021-10-29 15:22:10.372 ServerApp] No such file or directory: jupyter_notebooks
[W 2021-10-29 15:22:10.372 ServerApp] 404 GET /api/contents/jupyter_notebooks?1635517330130 (::1) 1.83ms referer=http://localhost:8883/lab?
[I 2021-10-29 15:22:46.911 ServerApp] Kernel started: 4afd7aa7-8a2d-4838-83c1-242c421456e4
[I 2021-10-29 15:24:45.240 ServerApp] Saving file at /2. Toy_Example_longer_timescales.ipynb
[I 2021-10-29 15:32:23.332 ServerApp] 302 GET / (::1) 0.91ms
[W 2021-10-29 15:32:30.280 LabApp] Could not determine jupyterlab build status without nodejs
[I 2021-10-29 15:33:25.148 ServerApp] Creating new notebook in 
[I 2021-10-29 15:33:26.102 ServerApp] Kernel started: 43f825fd-5aaa-4e5c-9393-7dabb5debdaf
[I 2021-10-29 15:35:25.823 ServerApp] Saving file at /Untitled.ipynb
[I 2021-10-29 15:38:48.188 ServerApp] Starting buffering for 43f825fd-5aaa-4e5c-9393-7dabb5debdaf:9a1bee30-0cf2-42bb-9e03-478d33f9cd48
[I 2021-10-29 15:51:51.291 ServerApp] 302 GET / (::1) 0.77ms
[I 2021-10-29 15:51:59.187 ServerApp] 302 GET / (::1) 0.86ms
[I 2021-10-29 15:51:59.382 LabApp] 302 GET /lab? (::1) 1.64ms
[I 2021-10-29 15:51:59.519 ServerApp] Starting buffering for 4afd7aa7-8a2d-4838-83c1-242c421456e4:720ef854-64a2-4c1f-93b8-a4f98b12880a
[I 2021-10-29 15:52:04.218 ServerApp] 302 POST /login?next=%2Flab%3F (::1) 2.69ms
[W 2021-10-29 15:52:16.602 LabApp] Could not determine jupyterlab build status without nodejs
[I 2021-10-29 15:55:03.498 ServerApp] Saving file at /Untitled.ipynb
[I 2021-10-29 15:59:03.722 ServerApp] Saving file at /Untitled.ipynb
[I 2021-10-29 16:00:55.803 ServerApp] Kernel interrupted: 43f825fd-5aaa-4e5c-9393-7dabb5debdaf
[I 2021-10-29 16:01:03.914 ServerApp] Saving file at /Untitled.ipynb
[I 2021-10-29 16:03:04.030 ServerApp] Saving file at /Untitled.ipynb
[I 2021-10-29 16:48:29.477 ServerApp] Starting buffering for 4afd7aa7-8a2d-4838-83c1-242c421456e4:0a6a4f68-860f-42b4-b101-c1a42492a6de
[I 2021-10-29 16:48:29.478 ServerApp] Starting buffering for 43f825fd-5aaa-4e5c-9393-7dabb5debdaf:f6bcaf0e-8e8a-47e0-af7f-469f4835addc
[W 2021-10-29 16:48:34.610 LabApp] Could not determine jupyterlab build status without nodejs
[I 2021-10-29 16:48:45.323 ServerApp] Copying 2. Toy_Example_longer_timescales.ipynb to 
[I 2021-10-29 16:48:49.832 ServerApp] Kernel started: 39f5831e-2281-46b8-9467-0f771179f316
[I 2021-10-29 16:50:48.191 ServerApp] Saving file at /2. Toy_Example_longer_timescales-Copy1.ipynb
[I 2021-10-29 17:29:53.866 ServerApp] Saving file at /2. Toy_Example_longer_timescales.ipynb
[I 2021-10-29 17:31:54.258 ServerApp] Saving file at /2. Toy_Example_longer_timescales.ipynb
[I 2021-10-29 17:35:55.079 ServerApp] Saving file at /2. Toy_Example_longer_timescales.ipynb
[I 2021-10-29 17:37:55.650 ServerApp] Saving file at /2. Toy_Example_longer_timescales.ipynb
[I 2021-10-29 17:39:56.113 ServerApp] Saving file at /2. Toy_Example_longer_timescales.ipynb
[I 2021-10-29 17:41:57.046 ServerApp] Saving file at /2. Toy_Example_longer_timescales.ipynb
[I 2021-10-29 20:47:53.496 ServerApp] Creating new notebook in 
[I 2021-10-29 20:47:54.854 ServerApp] Kernel started: d3953761-7dac-4ac7-ab00-91804bb2a91a
[I 2021-10-29 20:49:54.069 ServerApp] Saving file at /Untitled1.ipynb
[I 2021-10-29 21:04:02.530 ServerApp] Saving file at /Untitled1.ipynb
[I 2021-10-29 21:16:16.175 ServerApp] Starting buffering for d3953761-7dac-4ac7-ab00-91804bb2a91a:d835661d-9b17-4e5e-bc80-4a8242669e5d
[I 2021-10-29 21:16:16.176 ServerApp] Starting buffering for 43f825fd-5aaa-4e5c-9393-7dabb5debdaf:5a65fb27-49a5-447a-9268-b93217e7daed
[I 2021-10-29 21:16:16.177 ServerApp] Starting buffering for 39f5831e-2281-46b8-9467-0f771179f316:1d64ddb6-cc81-48ab-af0d-e39ea6049cf2
[I 2021-10-29 21:16:16.177 ServerApp] Starting buffering for 4afd7aa7-8a2d-4838-83c1-242c421456e4:c30f31c0-bfb9-4105-9189-b2cede0b617c
[C 2021-11-01 17:15:05.713 ServerApp] received signal 15, stopping
[I 2021-11-01 17:15:05.754 ServerApp] Shutting down 4 kernels
[I 2021-11-01 17:15:05.756 ServerApp] Kernel shutdown: 4afd7aa7-8a2d-4838-83c1-242c421456e4
[I 2021-11-01 17:15:05.757 ServerApp] Kernel shutdown: 43f825fd-5aaa-4e5c-9393-7dabb5debdaf
[I 2021-11-01 17:15:05.758 ServerApp] Kernel shutdown: 39f5831e-2281-46b8-9467-0f771179f316
[I 2021-11-01 17:15:05.759 ServerApp] Kernel shutdown: d3953761-7dac-4ac7-ab00-91804bb2a91a
