[I 2022-05-03 20:12:39.365 ServerApp] jupyterlab | extension was successfully linked.
[I 2022-05-03 20:12:39.382 ServerApp] nbclassic | extension was successfully linked.
[I 2022-05-03 20:12:40.233 ServerApp] notebook_shim | extension was successfully linked.
[I 2022-05-03 20:12:40.234 ServerApp] panel.io.jupyter_server_extension | extension was successfully linked.
[I 2022-05-03 20:12:40.293 ServerApp] notebook_shim | extension was successfully loaded.
[I 2022-05-03 20:12:40.296 LabApp] JupyterLab extension loaded from /home/k/kimpson/bin/conda/envs/workhorse/lib/python3.7/site-packages/jupyterlab
[I 2022-05-03 20:12:40.297 LabApp] JupyterLab application directory is /home/k/kimpson/bin/conda/envs/workhorse/share/jupyter/lab
[I 2022-05-03 20:12:40.310 ServerApp] jupyterlab | extension was successfully loaded.
[I 2022-05-03 20:12:40.324 ServerApp] nbclassic | extension was successfully loaded.
[I 2022-05-03 20:12:40.329 ServerApp] panel.io.jupyter_server_extension | extension was successfully loaded.
[I 2022-05-03 20:12:40.331 ServerApp] Serving notebooks from local directory: /network/aopp/chaos/pred/kimpson/ML4L
[I 2022-05-03 20:12:40.331 ServerApp] Jupyter Server 1.15.6 is running at:
[I 2022-05-03 20:12:40.331 ServerApp] http://localhost:9174/lab
[I 2022-05-03 20:12:40.331 ServerApp]  or http://127.0.0.1:9174/lab
[I 2022-05-03 20:12:40.331 ServerApp] Use Control-C to stop this server and shut down all kernels (twice to skip confirmation).
[I 2022-05-03 20:14:30.114 ServerApp] 302 GET / (::1) 1.59ms
[I 2022-05-03 20:14:30.133 LabApp] 302 GET /lab? (::1) 2.42ms
[I 2022-05-03 20:14:35.113 ServerApp] 302 POST /login?next=%2Flab%3F (::1) 3.35ms
[I 2022-05-03 20:14:39.843 LabApp] Build is up to date
[W 2022-05-03 20:14:41.521 ServerApp] Notebook reproducible_workflow/experiments/2. Lakes_with_extra_fields.ipynb is not trusted
[I 2022-05-03 20:14:47.654 ServerApp] Kernel started: 60c1089e-cd1b-42a8-87bc-e494cb402f01
[I 2022-05-03 20:16:54.735 ServerApp] Saving file at /reproducible_workflow/experiments/2. Lakes_with_extra_fields.ipynb
[W 2022-05-03 20:16:54.738 ServerApp] Notebook reproducible_workflow/experiments/2. Lakes_with_extra_fields.ipynb is not trusted
[I 2022-05-03 20:29:08.666 ServerApp] Saving file at /reproducible_workflow/experiments/2. Lakes_with_extra_fields.ipynb
[W 2022-05-03 20:29:08.669 ServerApp] Notebook reproducible_workflow/experiments/2. Lakes_with_extra_fields.ipynb is not trusted
[I 2022-05-03 20:31:31.990 ServerApp] Saving file at /reproducible_workflow/experiments/2. Lakes_with_extra_fields.ipynb
[W 2022-05-03 20:31:31.992 ServerApp] Notebook reproducible_workflow/experiments/2. Lakes_with_extra_fields.ipynb is not trusted
[I 2022-05-03 20:33:43.062 ServerApp] Saving file at /reproducible_workflow/experiments/2. Lakes_with_extra_fields.ipynb
[W 2022-05-03 20:33:43.065 ServerApp] Notebook reproducible_workflow/experiments/2. Lakes_with_extra_fields.ipynb is not trusted
[I 2022-05-03 21:47:55.308 ServerApp] Saving file at /reproducible_workflow/experiments/2. Lakes_with_extra_fields.ipynb
[W 2022-05-03 21:47:55.312 ServerApp] Notebook reproducible_workflow/experiments/2. Lakes_with_extra_fields.ipynb is not trusted
[I 2022-05-03 21:50:06.432 ServerApp] Saving file at /reproducible_workflow/experiments/2. Lakes_with_extra_fields.ipynb
[W 2022-05-03 21:50:06.435 ServerApp] Notebook reproducible_workflow/experiments/2. Lakes_with_extra_fields.ipynb is not trusted
[I 2022-05-03 21:52:17.596 ServerApp] Saving file at /reproducible_workflow/experiments/2. Lakes_with_extra_fields.ipynb
[W 2022-05-03 21:52:17.599 ServerApp] Notebook reproducible_workflow/experiments/2. Lakes_with_extra_fields.ipynb is not trusted
[I 2022-05-03 21:53:26.588 ServerApp] Saving file at /reproducible_workflow/experiments/2. Lakes_with_extra_fields.ipynb
[W 2022-05-03 21:53:26.593 ServerApp] Notebook reproducible_workflow/experiments/2. Lakes_with_extra_fields.ipynb is not trusted
[I 2022-05-03 22:59:38.500 ServerApp] Saving file at /reproducible_workflow/experiments/2. Lakes_with_extra_fields.ipynb
[W 2022-05-03 22:59:38.503 ServerApp] Notebook reproducible_workflow/experiments/2. Lakes_with_extra_fields.ipynb is not trusted
[I 2022-05-03 23:03:23.962 ServerApp] Starting buffering for 60c1089e-cd1b-42a8-87bc-e494cb402f01:4824d49f-db10-4bf1-991d-16c21127d98c
[I 2022-05-03 23:03:24.155 ServerApp] Restoring connection for 60c1089e-cd1b-42a8-87bc-e494cb402f01:4824d49f-db10-4bf1-991d-16c21127d98c
[W 2022-05-03 23:04:54.157 ServerApp] WebSocket ping timeout after 90001 ms.
[W 2022-05-03 23:04:54.335 ServerApp] WebSocket ping timeout after 90000 ms.
[I 2022-05-03 23:04:59.338 ServerApp] Starting buffering for 60c1089e-cd1b-42a8-87bc-e494cb402f01:5e2867d7-eb2f-4e47-bf5e-685e45b852e8
[I 2022-05-04 09:50:37.490 LabApp] Build is up to date
[W 2022-05-04 09:50:38.095 ServerApp] Notebook reproducible_workflow/experiments/2. Lakes_with_extra_fields.ipynb is not trusted
[I 2022-05-04 10:02:56.487 ServerApp] Saving file at /reproducible_workflow/experiments/2. Lakes_with_extra_fields.ipynb
[W 2022-05-04 10:02:56.490 ServerApp] Notebook reproducible_workflow/experiments/2. Lakes_with_extra_fields.ipynb is not trusted
[I 2022-05-04 10:05:08.973 ServerApp] Saving file at /reproducible_workflow/experiments/2. Lakes_with_extra_fields.ipynb
[W 2022-05-04 10:05:08.976 ServerApp] Notebook reproducible_workflow/experiments/2. Lakes_with_extra_fields.ipynb is not trusted
[I 2022-05-04 10:07:28.161 ServerApp] Saving file at /reproducible_workflow/experiments/2. Lakes_with_extra_fields.ipynb
[W 2022-05-04 10:07:28.164 ServerApp] Notebook reproducible_workflow/experiments/2. Lakes_with_extra_fields.ipynb is not trusted
[I 2022-05-04 10:09:41.399 ServerApp] Saving file at /reproducible_workflow/experiments/2. Lakes_with_extra_fields.ipynb
[W 2022-05-04 10:09:41.402 ServerApp] Notebook reproducible_workflow/experiments/2. Lakes_with_extra_fields.ipynb is not trusted
[I 2022-05-04 10:12:02.146 ServerApp] Saving file at /reproducible_workflow/experiments/2. Lakes_with_extra_fields.ipynb
[W 2022-05-04 10:12:02.149 ServerApp] Notebook reproducible_workflow/experiments/2. Lakes_with_extra_fields.ipynb is not trusted
[I 2022-05-04 10:15:32.869 ServerApp] Saving file at /reproducible_workflow/experiments/2. Lakes_with_extra_fields.ipynb
[W 2022-05-04 10:15:32.872 ServerApp] Notebook reproducible_workflow/experiments/2. Lakes_with_extra_fields.ipynb is not trusted
[I 2022-05-04 10:17:46.884 ServerApp] Saving file at /reproducible_workflow/experiments/2. Lakes_with_extra_fields.ipynb
[W 2022-05-04 10:17:46.887 ServerApp] Notebook reproducible_workflow/experiments/2. Lakes_with_extra_fields.ipynb is not trusted
[I 2022-05-04 10:20:01.476 ServerApp] Saving file at /reproducible_workflow/experiments/2. Lakes_with_extra_fields.ipynb
[W 2022-05-04 10:20:01.485 ServerApp] Notebook reproducible_workflow/experiments/2. Lakes_with_extra_fields.ipynb is not trusted
[I 2022-05-04 10:22:05.432 ServerApp] Saving file at /reproducible_workflow/experiments/2. Lakes_with_extra_fields.ipynb
[W 2022-05-04 10:22:05.433 ServerApp] Notebook reproducible_workflow/experiments/2. Lakes_with_extra_fields.ipynb is not trusted
[I 2022-05-04 10:24:08.721 ServerApp] Saving file at /reproducible_workflow/experiments/2. Lakes_with_extra_fields.ipynb
[W 2022-05-04 10:24:08.722 ServerApp] Notebook reproducible_workflow/experiments/2. Lakes_with_extra_fields.ipynb is not trusted
[I 2022-05-04 10:26:11.800 ServerApp] Saving file at /reproducible_workflow/experiments/2. Lakes_with_extra_fields.ipynb
[W 2022-05-04 10:26:11.801 ServerApp] Notebook reproducible_workflow/experiments/2. Lakes_with_extra_fields.ipynb is not trusted
[I 2022-05-04 10:28:14.954 ServerApp] Saving file at /reproducible_workflow/experiments/2. Lakes_with_extra_fields.ipynb
[W 2022-05-04 10:28:14.955 ServerApp] Notebook reproducible_workflow/experiments/2. Lakes_with_extra_fields.ipynb is not trusted
[I 2022-05-04 10:30:18.293 ServerApp] Saving file at /reproducible_workflow/experiments/2. Lakes_with_extra_fields.ipynb
[W 2022-05-04 10:30:18.294 ServerApp] Notebook reproducible_workflow/experiments/2. Lakes_with_extra_fields.ipynb is not trusted
[I 2022-05-04 10:32:21.801 ServerApp] Saving file at /reproducible_workflow/experiments/2. Lakes_with_extra_fields.ipynb
[W 2022-05-04 10:32:21.802 ServerApp] Notebook reproducible_workflow/experiments/2. Lakes_with_extra_fields.ipynb is not trusted
[I 2022-05-04 10:34:25.349 ServerApp] Saving file at /reproducible_workflow/experiments/2. Lakes_with_extra_fields.ipynb
[W 2022-05-04 10:34:25.350 ServerApp] Notebook reproducible_workflow/experiments/2. Lakes_with_extra_fields.ipynb is not trusted
[I 2022-05-04 10:36:28.683 ServerApp] Saving file at /reproducible_workflow/experiments/2. Lakes_with_extra_fields.ipynb
[W 2022-05-04 10:36:28.683 ServerApp] Notebook reproducible_workflow/experiments/2. Lakes_with_extra_fields.ipynb is not trusted
[I 2022-05-04 10:38:32.492 ServerApp] Saving file at /reproducible_workflow/experiments/2. Lakes_with_extra_fields.ipynb
[W 2022-05-04 10:38:32.493 ServerApp] Notebook reproducible_workflow/experiments/2. Lakes_with_extra_fields.ipynb is not trusted
[I 2022-05-04 10:40:35.646 ServerApp] Saving file at /reproducible_workflow/experiments/2. Lakes_with_extra_fields.ipynb
[W 2022-05-04 10:40:35.647 ServerApp] Notebook reproducible_workflow/experiments/2. Lakes_with_extra_fields.ipynb is not trusted
[I 2022-05-04 10:42:39.356 ServerApp] Saving file at /reproducible_workflow/experiments/2. Lakes_with_extra_fields.ipynb
[W 2022-05-04 10:42:39.358 ServerApp] Notebook reproducible_workflow/experiments/2. Lakes_with_extra_fields.ipynb is not trusted
[I 2022-05-04 10:44:42.875 ServerApp] Saving file at /reproducible_workflow/experiments/2. Lakes_with_extra_fields.ipynb
[W 2022-05-04 10:44:42.876 ServerApp] Notebook reproducible_workflow/experiments/2. Lakes_with_extra_fields.ipynb is not trusted
[I 2022-05-04 10:46:46.234 ServerApp] Saving file at /reproducible_workflow/experiments/2. Lakes_with_extra_fields.ipynb
[W 2022-05-04 10:46:46.234 ServerApp] Notebook reproducible_workflow/experiments/2. Lakes_with_extra_fields.ipynb is not trusted
[I 2022-05-04 10:48:49.674 ServerApp] Saving file at /reproducible_workflow/experiments/2. Lakes_with_extra_fields.ipynb
[W 2022-05-04 10:48:49.675 ServerApp] Notebook reproducible_workflow/experiments/2. Lakes_with_extra_fields.ipynb is not trusted
[I 2022-05-04 10:50:52.764 ServerApp] Saving file at /reproducible_workflow/experiments/2. Lakes_with_extra_fields.ipynb
[W 2022-05-04 10:50:52.765 ServerApp] Notebook reproducible_workflow/experiments/2. Lakes_with_extra_fields.ipynb is not trusted
[I 2022-05-04 10:52:55.723 ServerApp] Saving file at /reproducible_workflow/experiments/2. Lakes_with_extra_fields.ipynb
[W 2022-05-04 10:52:55.724 ServerApp] Notebook reproducible_workflow/experiments/2. Lakes_with_extra_fields.ipynb is not trusted
[I 2022-05-04 11:05:01.769 ServerApp] Saving file at /reproducible_workflow/experiments/2. Lakes_with_extra_fields.ipynb
[W 2022-05-04 11:05:01.770 ServerApp] Notebook reproducible_workflow/experiments/2. Lakes_with_extra_fields.ipynb is not trusted
[I 2022-05-04 11:07:04.699 ServerApp] Saving file at /reproducible_workflow/experiments/2. Lakes_with_extra_fields.ipynb
[W 2022-05-04 11:07:04.700 ServerApp] Notebook reproducible_workflow/experiments/2. Lakes_with_extra_fields.ipynb is not trusted
[I 2022-05-04 11:09:09.048 ServerApp] Saving file at /reproducible_workflow/experiments/2. Lakes_with_extra_fields.ipynb
[W 2022-05-04 11:09:09.049 ServerApp] Notebook reproducible_workflow/experiments/2. Lakes_with_extra_fields.ipynb is not trusted
[I 2022-05-04 11:13:12.594 ServerApp] Saving file at /reproducible_workflow/experiments/2. Lakes_with_extra_fields.ipynb
[I 2022-05-04 11:15:16.148 ServerApp] Saving file at /reproducible_workflow/experiments/2. Lakes_with_extra_fields.ipynb
[I 2022-05-04 11:17:19.575 ServerApp] Saving file at /reproducible_workflow/experiments/2. Lakes_with_extra_fields.ipynb
[I 2022-05-04 11:19:22.990 ServerApp] Saving file at /reproducible_workflow/experiments/2. Lakes_with_extra_fields.ipynb
[I 2022-05-04 11:20:38.710 ServerApp] Saving file at /reproducible_workflow/experiments/2. Lakes_with_extra_fields.ipynb
[I 2022-05-04 11:20:40.932 ServerApp] Saving file at /reproducible_workflow/experiments/2. Lakes_with_extra_fields.ipynb
[I 2022-05-04 15:23:47.049 ServerApp] Saving file at /reproducible_workflow/experiments/2. Lakes_with_extra_fields.ipynb
[I 2022-05-04 15:25:50.203 ServerApp] Saving file at /reproducible_workflow/experiments/2. Lakes_with_extra_fields.ipynb
[I 2022-05-04 15:27:53.344 ServerApp] Saving file at /reproducible_workflow/experiments/2. Lakes_with_extra_fields.ipynb
[I 2022-05-04 15:29:56.518 ServerApp] Saving file at /reproducible_workflow/experiments/2. Lakes_with_extra_fields.ipynb
[I 2022-05-04 15:32:00.980 ServerApp] Saving file at /reproducible_workflow/experiments/2. Lakes_with_extra_fields.ipynb
[I 2022-05-04 15:34:04.828 ServerApp] Saving file at /reproducible_workflow/experiments/2. Lakes_with_extra_fields.ipynb
[I 2022-05-04 15:35:01.433 ServerApp] Kernel interrupted: 60c1089e-cd1b-42a8-87bc-e494cb402f01
[I 2022-05-04 15:35:01.715 ServerApp] Kernel interrupted: 60c1089e-cd1b-42a8-87bc-e494cb402f01
[I 2022-05-04 15:35:01.796 ServerApp] Kernel interrupted: 60c1089e-cd1b-42a8-87bc-e494cb402f01
[I 2022-05-04 15:35:01.940 ServerApp] Kernel interrupted: 60c1089e-cd1b-42a8-87bc-e494cb402f01
[I 2022-05-04 15:36:08.900 ServerApp] Saving file at /reproducible_workflow/experiments/2. Lakes_with_extra_fields.ipynb
[I 2022-05-04 15:42:14.299 ServerApp] Saving file at /reproducible_workflow/experiments/2. Lakes_with_extra_fields.ipynb
[I 2022-05-04 15:44:17.865 ServerApp] Saving file at /reproducible_workflow/experiments/2. Lakes_with_extra_fields.ipynb
[I 2022-05-04 15:46:21.325 ServerApp] Saving file at /reproducible_workflow/experiments/2. Lakes_with_extra_fields.ipynb
[I 2022-05-04 15:48:24.848 ServerApp] Saving file at /reproducible_workflow/experiments/2. Lakes_with_extra_fields.ipynb
[I 2022-05-04 15:50:28.455 ServerApp] Saving file at /reproducible_workflow/experiments/2. Lakes_with_extra_fields.ipynb
[I 2022-05-04 15:52:32.449 ServerApp] Saving file at /reproducible_workflow/experiments/2. Lakes_with_extra_fields.ipynb
[I 2022-05-04 15:54:35.991 ServerApp] Saving file at /reproducible_workflow/experiments/2. Lakes_with_extra_fields.ipynb
[I 2022-05-04 15:58:39.427 ServerApp] Saving file at /reproducible_workflow/experiments/2. Lakes_with_extra_fields.ipynb
[I 2022-05-04 16:00:43.144 ServerApp] Saving file at /reproducible_workflow/experiments/2. Lakes_with_extra_fields.ipynb
[I 2022-05-04 16:02:46.670 ServerApp] Saving file at /reproducible_workflow/experiments/2. Lakes_with_extra_fields.ipynb
[I 2022-05-04 16:04:50.271 ServerApp] Saving file at /reproducible_workflow/experiments/2. Lakes_with_extra_fields.ipynb
[I 2022-05-04 16:06:53.788 ServerApp] Saving file at /reproducible_workflow/experiments/2. Lakes_with_extra_fields.ipynb
[I 2022-05-04 16:08:57.429 ServerApp] Saving file at /reproducible_workflow/experiments/2. Lakes_with_extra_fields.ipynb
[I 2022-05-04 16:11:00.922 ServerApp] Saving file at /reproducible_workflow/experiments/2. Lakes_with_extra_fields.ipynb
[I 2022-05-04 16:13:04.281 ServerApp] Saving file at /reproducible_workflow/experiments/2. Lakes_with_extra_fields.ipynb
[I 2022-05-04 16:15:07.639 ServerApp] Saving file at /reproducible_workflow/experiments/2. Lakes_with_extra_fields.ipynb
[I 2022-05-04 16:17:10.955 ServerApp] Saving file at /reproducible_workflow/experiments/2. Lakes_with_extra_fields.ipynb
[I 2022-05-04 16:19:14.314 ServerApp] Saving file at /reproducible_workflow/experiments/2. Lakes_with_extra_fields.ipynb
[I 2022-05-04 16:21:17.753 ServerApp] Saving file at /reproducible_workflow/experiments/2. Lakes_with_extra_fields.ipynb
[I 2022-05-04 16:23:21.254 ServerApp] Saving file at /reproducible_workflow/experiments/2. Lakes_with_extra_fields.ipynb
[I 2022-05-04 16:25:24.726 ServerApp] Saving file at /reproducible_workflow/experiments/2. Lakes_with_extra_fields.ipynb
[I 2022-05-04 16:31:30.401 ServerApp] Saving file at /reproducible_workflow/experiments/2. Lakes_with_extra_fields.ipynb
[I 2022-05-04 16:33:33.864 ServerApp] Saving file at /reproducible_workflow/experiments/2. Lakes_with_extra_fields.ipynb
[I 2022-05-04 16:35:37.387 ServerApp] Saving file at /reproducible_workflow/experiments/2. Lakes_with_extra_fields.ipynb
[I 2022-05-04 16:37:40.454 ServerApp] Saving file at /reproducible_workflow/experiments/2. Lakes_with_extra_fields.ipynb
[I 2022-05-04 16:39:44.124 ServerApp] Saving file at /reproducible_workflow/experiments/2. Lakes_with_extra_fields.ipynb
[I 2022-05-04 16:41:47.201 ServerApp] Saving file at /reproducible_workflow/experiments/2. Lakes_with_extra_fields.ipynb
[I 2022-05-04 16:43:50.270 ServerApp] Saving file at /reproducible_workflow/experiments/2. Lakes_with_extra_fields.ipynb
[I 2022-05-04 16:45:53.344 ServerApp] Saving file at /reproducible_workflow/experiments/2. Lakes_with_extra_fields.ipynb
[I 2022-05-04 16:47:56.440 ServerApp] Saving file at /reproducible_workflow/experiments/2. Lakes_with_extra_fields.ipynb
[I 2022-05-04 16:49:59.712 ServerApp] Saving file at /reproducible_workflow/experiments/2. Lakes_with_extra_fields.ipynb
[I 2022-05-04 16:52:02.998 ServerApp] Saving file at /reproducible_workflow/experiments/2. Lakes_with_extra_fields.ipynb
[I 2022-05-04 16:54:06.347 ServerApp] Saving file at /reproducible_workflow/experiments/2. Lakes_with_extra_fields.ipynb
[I 2022-05-04 16:56:09.745 ServerApp] Saving file at /reproducible_workflow/experiments/2. Lakes_with_extra_fields.ipynb
[I 2022-05-04 16:58:13.151 ServerApp] Saving file at /reproducible_workflow/experiments/2. Lakes_with_extra_fields.ipynb
[I 2022-05-04 17:00:19.967 ServerApp] Saving file at /reproducible_workflow/experiments/2. Lakes_with_extra_fields.ipynb
[I 2022-05-04 17:02:23.296 ServerApp] Saving file at /reproducible_workflow/experiments/2. Lakes_with_extra_fields.ipynb
[I 2022-05-04 17:04:26.417 ServerApp] Saving file at /reproducible_workflow/experiments/2. Lakes_with_extra_fields.ipynb
[I 2022-05-04 17:06:29.467 ServerApp] Saving file at /reproducible_workflow/experiments/2. Lakes_with_extra_fields.ipynb
[I 2022-05-04 17:08:32.516 ServerApp] Saving file at /reproducible_workflow/experiments/2. Lakes_with_extra_fields.ipynb
[I 2022-05-04 17:10:35.535 ServerApp] Saving file at /reproducible_workflow/experiments/2. Lakes_with_extra_fields.ipynb
[I 2022-05-04 17:12:38.657 ServerApp] Saving file at /reproducible_workflow/experiments/2. Lakes_with_extra_fields.ipynb
[I 2022-05-04 17:14:41.695 ServerApp] Saving file at /reproducible_workflow/experiments/2. Lakes_with_extra_fields.ipynb
[I 2022-05-04 17:16:44.751 ServerApp] Saving file at /reproducible_workflow/experiments/2. Lakes_with_extra_fields.ipynb
[I 2022-05-04 17:18:47.681 ServerApp] Saving file at /reproducible_workflow/experiments/2. Lakes_with_extra_fields.ipynb
[I 2022-05-04 17:20:50.602 ServerApp] Saving file at /reproducible_workflow/experiments/2. Lakes_with_extra_fields.ipynb
[I 2022-05-04 17:22:53.582 ServerApp] Saving file at /reproducible_workflow/experiments/2. Lakes_with_extra_fields.ipynb
[I 2022-05-04 17:24:56.782 ServerApp] Saving file at /reproducible_workflow/experiments/2. Lakes_with_extra_fields.ipynb
[I 2022-05-04 17:27:01.041 ServerApp] Saving file at /reproducible_workflow/experiments/2. Lakes_with_extra_fields.ipynb
[I 2022-05-04 17:29:03.985 ServerApp] Saving file at /reproducible_workflow/experiments/2. Lakes_with_extra_fields.ipynb
[I 2022-05-04 17:31:06.960 ServerApp] Saving file at /reproducible_workflow/experiments/2. Lakes_with_extra_fields.ipynb
[I 2022-05-04 17:33:09.957 ServerApp] Saving file at /reproducible_workflow/experiments/2. Lakes_with_extra_fields.ipynb
[I 2022-05-04 17:35:12.936 ServerApp] Saving file at /reproducible_workflow/experiments/2. Lakes_with_extra_fields.ipynb
[I 2022-05-04 17:37:15.868 ServerApp] Saving file at /reproducible_workflow/experiments/2. Lakes_with_extra_fields.ipynb
[I 2022-05-04 17:41:18.856 ServerApp] Saving file at /reproducible_workflow/experiments/2. Lakes_with_extra_fields.ipynb
[I 2022-05-04 17:43:21.848 ServerApp] Saving file at /reproducible_workflow/experiments/2. Lakes_with_extra_fields.ipynb
[I 2022-05-04 23:26:05.017 ServerApp] Starting buffering for 60c1089e-cd1b-42a8-87bc-e494cb402f01:35c83ae4-fe9d-43ac-b885-42106ff98cf3
[I 2022-05-04 23:26:05.057 ServerApp] Restoring connection for 60c1089e-cd1b-42a8-87bc-e494cb402f01:35c83ae4-fe9d-43ac-b885-42106ff98cf3
[W 2022-05-04 23:27:35.060 ServerApp] WebSocket ping timeout after 90003 ms.
[I 2022-05-04 23:27:40.064 ServerApp] Starting buffering for 60c1089e-cd1b-42a8-87bc-e494cb402f01:35c83ae4-fe9d-43ac-b885-42106ff98cf3
[I 2022-05-06 13:02:18.420 ServerApp] 302 GET / (::1) 1.13ms
[I 2022-05-06 13:02:26.800 LabApp] Build is up to date
[I 2022-05-06 13:02:36.675 ServerApp] Kernel started: 4d73812d-0525-43c3-abd7-7e73b2222bbd
[I 2022-05-06 13:23:15.819 ServerApp] 302 GET / (::1) 1.27ms
[I 2022-05-06 13:23:20.110 LabApp] Build is up to date
[W 2022-05-06 13:23:29.083 ServerApp] Notebook reproducible_workflow/00. Workflow.ipynb is not trusted
[I 2022-05-06 13:23:31.740 ServerApp] Kernel started: 109222b3-dfdb-4110-aa8a-0709c22fbadc
[I 2022-05-06 13:25:33.653 ServerApp] Saving file at /reproducible_workflow/00. Workflow.ipynb
[W 2022-05-06 13:25:33.655 ServerApp] Notebook reproducible_workflow/00. Workflow.ipynb is not trusted
[I 2022-05-06 13:30:16.658 ServerApp] Saving file at /reproducible_workflow/scripts/preprocess_ML_data.py
[I 2022-05-06 13:30:43.933 ServerApp] Saving file at /reproducible_workflow/scripts/preprocess_ML_data.py
[I 2022-05-06 13:30:44.305 ServerApp] Saving file at /reproducible_workflow/scripts/preprocess_ML_data.py
[I 2022-05-06 13:34:44.384 ServerApp] Saving file at /reproducible_workflow/scripts/preprocess_ML_data.py
[I 2022-05-06 13:36:18.469 ServerApp] Saving file at /reproducible_workflow/scripts/preprocess_ML_data.py
[I 2022-05-06 13:36:38.450 ServerApp] Saving file at /reproducible_workflow/scripts/preprocess_ML_data.py
[I 2022-05-06 13:38:08.183 ServerApp] Saving file at /reproducible_workflow/scripts/preprocess_ML_data.py
[I 2022-05-06 13:39:38.830 ServerApp] Saving file at /reproducible_workflow/00. Workflow.ipynb
[W 2022-05-06 13:39:38.832 ServerApp] Notebook reproducible_workflow/00. Workflow.ipynb is not trusted
[I 2022-05-06 13:40:08.671 ServerApp] Saving file at /reproducible_workflow/00. Workflow.ipynb
[W 2022-05-06 13:40:08.673 ServerApp] Notebook reproducible_workflow/00. Workflow.ipynb is not trusted
[I 2022-05-06 13:41:30.280 ServerApp] Saving file at /reproducible_workflow/scripts/preprocess_ML_data.py
[I 2022-05-06 13:42:17.863 ServerApp] Saving file at /reproducible_workflow/scripts/preprocess_ML_data.py
[I 2022-05-06 13:44:12.199 ServerApp] Saving file at /reproducible_workflow/00. Workflow.ipynb
[W 2022-05-06 13:44:12.201 ServerApp] Notebook reproducible_workflow/00. Workflow.ipynb is not trusted
[I 2022-05-06 13:46:15.507 ServerApp] Saving file at /reproducible_workflow/00. Workflow.ipynb
[W 2022-05-06 13:46:15.509 ServerApp] Notebook reproducible_workflow/00. Workflow.ipynb is not trusted
[I 2022-05-06 13:48:18.723 ServerApp] Saving file at /reproducible_workflow/00. Workflow.ipynb
[W 2022-05-06 13:48:18.726 ServerApp] Notebook reproducible_workflow/00. Workflow.ipynb is not trusted
[I 2022-05-06 13:49:38.126 ServerApp] Saving file at /reproducible_workflow/scripts/train_model.py
[I 2022-05-06 13:50:09.850 ServerApp] Saving file at /reproducible_workflow/scripts/train_model.py
[I 2022-05-06 13:50:22.140 ServerApp] Saving file at /reproducible_workflow/00. Workflow.ipynb
[W 2022-05-06 13:50:22.141 ServerApp] Notebook reproducible_workflow/00. Workflow.ipynb is not trusted
[I 2022-05-06 13:50:31.763 ServerApp] Saving file at /reproducible_workflow/scripts/train_model.py
[I 2022-05-06 13:51:47.251 ServerApp] Saving file at /reproducible_workflow/scripts/train_model.py
[I 2022-05-06 13:52:05.458 ServerApp] Saving file at /reproducible_workflow/scripts/train_model.py
[I 2022-05-06 13:52:25.366 ServerApp] Saving file at /reproducible_workflow/00. Workflow.ipynb
[W 2022-05-06 13:52:25.368 ServerApp] Notebook reproducible_workflow/00. Workflow.ipynb is not trusted
[I 2022-05-06 13:52:37.364 ServerApp] Saving file at /reproducible_workflow/scripts/train_model.py
[I 2022-05-06 13:52:42.878 ServerApp] Saving file at /reproducible_workflow/scripts/train_model.py
[I 2022-05-06 13:52:43.146 ServerApp] Saving file at /reproducible_workflow/scripts/train_model.py
[I 2022-05-06 13:52:46.077 ServerApp] Saving file at /reproducible_workflow/scripts/train_model.py
[I 2022-05-06 13:52:46.244 ServerApp] Saving file at /reproducible_workflow/scripts/train_model.py
[I 2022-05-06 13:52:51.245 ServerApp] Saving file at /reproducible_workflow/scripts/train_model.py
[I 2022-05-06 13:54:28.747 ServerApp] Saving file at /reproducible_workflow/00. Workflow.ipynb
[W 2022-05-06 13:54:28.749 ServerApp] Notebook reproducible_workflow/00. Workflow.ipynb is not trusted
[I 2022-05-06 13:56:32.083 ServerApp] Saving file at /reproducible_workflow/00. Workflow.ipynb
[W 2022-05-06 13:56:32.084 ServerApp] Notebook reproducible_workflow/00. Workflow.ipynb is not trusted
[I 2022-05-06 14:07:38.074 ServerApp] Saving file at /reproducible_workflow/experiments/2. Lakes_with_extra_fields.ipynb
[I 2022-05-06 14:07:48.102 ServerApp] Copying reproducible_workflow/experiments/2. Lakes_with_extra_fields.ipynb to /reproducible_workflow/experiments
[I 2022-05-06 14:08:18.620 ServerApp] Kernel started: 1a49f378-ecf2-41d1-8f43-4f02917c0b07
[I 2022-05-06 14:09:41.759 ServerApp] Saving file at /reproducible_workflow/experiments/2. Lakes_with_extra_fields.ipynb
[W 2022-05-06 14:32:01.540 ServerApp] delete /reproducible_workflow/scripts/dev/load_TRF_records.py
[W 2022-05-06 14:32:01.542 ServerApp] Skipping trash for /network/aopp/chaos/pred/kimpson/ML4L/reproducible_workflow/scripts/dev/load_TRF_records.py, on different device to home directory
[W 2022-05-06 14:32:18.802 ServerApp] delete /reproducible_workflow/scripts/dev/testing_tensorflow_io.py
[W 2022-05-06 14:32:18.803 ServerApp] Skipping trash for /network/aopp/chaos/pred/kimpson/ML4L/reproducible_workflow/scripts/dev/testing_tensorflow_io.py, on different device to home directory
[W 2022-05-06 14:32:40.185 ServerApp] delete /reproducible_workflow/scripts/dev/create_TRF_records.py
[W 2022-05-06 14:32:40.186 ServerApp] Skipping trash for /network/aopp/chaos/pred/kimpson/ML4L/reproducible_workflow/scripts/dev/create_TRF_records.py, on different device to home directory
[I 2022-05-06 14:33:05.747 ServerApp] Saving file at /reproducible_workflow/scripts/dev/how_to_write_TFRecords.py
[I 2022-05-06 14:33:06.056 ServerApp] Saving file at /reproducible_workflow/scripts/dev/how_to_write_TFRecords.py
[I 2022-05-06 14:33:19.490 ServerApp] Saving file at /reproducible_workflow/scripts/dev/how_to_write_TFRecords.py
[I 2022-05-06 14:33:19.652 ServerApp] Saving file at /reproducible_workflow/scripts/dev/how_to_write_TFRecords.py
[I 2022-05-06 14:35:19.709 ServerApp] Saving file at /reproducible_workflow/scripts/dev/how_to_write_TFRecords.py
[I 2022-05-06 14:35:21.867 ServerApp] Saving file at /reproducible_workflow/scripts/dev/how_to_write_TFRecords.py
[I 2022-05-06 14:47:25.050 ServerApp] Saving file at /reproducible_workflow/scripts/dev/how_to_write_TFRecords.py
[I 2022-05-06 14:47:25.665 ServerApp] Saving file at /reproducible_workflow/scripts/dev/how_to_write_TFRecords.py
[I 2022-05-06 14:47:39.972 ServerApp] Copying reproducible_workflow/scripts/dev/how_to_write_TFRecords.py to /reproducible_workflow/scripts/dev
[I 2022-05-06 14:48:14.170 ServerApp] Saving file at /reproducible_workflow/scripts/dev/how_to_read_TFRecords.py
[I 2022-05-06 14:48:14.358 ServerApp] Saving file at /reproducible_workflow/scripts/dev/how_to_read_TFRecords.py
[I 2022-05-06 14:49:12.685 ServerApp] Saving file at /reproducible_workflow/scripts/dev/how_to_read_TFRecords.py
[I 2022-05-06 14:51:11.672 ServerApp] Saving file at /reproducible_workflow/scripts/dev/how_to_read_TFRecords.py
[I 2022-05-06 14:51:17.643 ServerApp] Saving file at /reproducible_workflow/scripts/dev/how_to_read_TFRecords.py
[I 2022-05-06 14:51:55.306 ServerApp] Saving file at /reproducible_workflow/scripts/dev/how_to_read_TFRecords.py
[I 2022-05-06 14:52:13.747 ServerApp] Saving file at /reproducible_workflow/scripts/dev/how_to_read_TFRecords.py
[I 2022-05-06 14:54:11.110 ServerApp] Saving file at /reproducible_workflow/scripts/dev/how_to_read_TFRecords.py
[I 2022-05-06 14:56:39.548 ServerApp] Saving file at /reproducible_workflow/scripts/dev/how_to_read_TFRecords.py
[I 2022-05-06 14:56:40.980 ServerApp] Saving file at /reproducible_workflow/scripts/dev/how_to_read_TFRecords.py
[I 2022-05-06 14:56:41.176 ServerApp] Saving file at /reproducible_workflow/scripts/dev/how_to_read_TFRecords.py
[I 2022-05-06 14:58:47.176 ServerApp] Saving file at /reproducible_workflow/scripts/dev/how_to_write_TFRecords.py
[I 2022-05-06 14:58:59.043 ServerApp] Saving file at /reproducible_workflow/scripts/dev/how_to_write_TFRecords.py
[I 2022-05-06 15:00:59.107 ServerApp] Saving file at /reproducible_workflow/scripts/dev/how_to_write_TFRecords.py
[I 2022-05-06 15:01:21.024 ServerApp] Saving file at /reproducible_workflow/scripts/dev/how_to_write_TFRecords.py
[I 2022-05-06 15:02:20.276 ServerApp] Saving file at /reproducible_workflow/scripts/dev/how_to_write_TFRecords.py
[I 2022-05-06 15:04:07.948 ServerApp] Saving file at /reproducible_workflow/scripts/dev/how_to_write_TFRecords.py
[I 2022-05-06 15:04:15.724 ServerApp] Saving file at /reproducible_workflow/scripts/dev/how_to_write_TFRecords.py
[I 2022-05-06 15:05:03.089 ServerApp] Saving file at /reproducible_workflow/scripts/dev/how_to_write_TFRecords.py
[I 2022-05-06 15:05:40.456 ServerApp] Saving file at /reproducible_workflow/scripts/dev/how_to_write_TFRecords.py
[I 2022-05-06 15:05:44.442 ServerApp] Saving file at /reproducible_workflow/scripts/dev/how_to_write_TFRecords.py
[I 2022-05-06 15:05:44.601 ServerApp] Saving file at /reproducible_workflow/scripts/dev/how_to_write_TFRecords.py
[I 2022-05-06 15:05:45.039 ServerApp] Saving file at /reproducible_workflow/scripts/dev/how_to_write_TFRecords.py
[I 2022-05-06 15:07:03.945 ServerApp] Saving file at /reproducible_workflow/scripts/dev/how_to_write_TFRecords.py
[I 2022-05-06 15:07:32.558 ServerApp] Saving file at /reproducible_workflow/scripts/dev/how_to_write_TFRecords.py
[I 2022-05-06 15:07:33.291 ServerApp] Saving file at /reproducible_workflow/scripts/dev/how_to_write_TFRecords.py
[I 2022-05-06 15:07:43.553 ServerApp] Saving file at /reproducible_workflow/scripts/dev/how_to_write_TFRecords.py
[I 2022-05-06 15:08:08.519 ServerApp] Saving file at /reproducible_workflow/scripts/dev/how_to_write_TFRecords.py
[I 2022-05-06 15:09:24.008 ServerApp] Saving file at /reproducible_workflow/scripts/dev/how_to_read_TFRecords.py
[I 2022-05-06 15:09:35.439 ServerApp] Saving file at /reproducible_workflow/scripts/dev/how_to_read_TFRecords.py
[I 2022-05-06 15:09:36.022 ServerApp] Saving file at /reproducible_workflow/scripts/dev/how_to_read_TFRecords.py
[I 2022-05-06 15:10:00.193 ServerApp] Saving file at /reproducible_workflow/scripts/dev/how_to_read_TFRecords.py
[I 2022-05-06 15:10:11.252 ServerApp] Saving file at /reproducible_workflow/scripts/dev/how_to_read_TFRecords.py
[I 2022-05-06 15:10:35.646 ServerApp] Saving file at /reproducible_workflow/scripts/dev/how_to_read_TFRecords.py
[I 2022-05-06 15:10:43.698 ServerApp] Saving file at /reproducible_workflow/scripts/dev/how_to_read_TFRecords.py
[I 2022-05-06 15:10:43.877 ServerApp] Saving file at /reproducible_workflow/scripts/dev/how_to_read_TFRecords.py
[I 2022-05-06 15:10:56.671 ServerApp] Saving file at /reproducible_workflow/scripts/dev/how_to_read_TFRecords.py
[I 2022-05-06 15:10:56.951 ServerApp] Saving file at /reproducible_workflow/scripts/dev/how_to_read_TFRecords.py
[I 2022-05-06 15:10:57.218 ServerApp] Saving file at /reproducible_workflow/scripts/dev/how_to_read_TFRecords.py
[I 2022-05-06 15:11:32.740 ServerApp] Saving file at /reproducible_workflow/scripts/dev/how_to_read_TFRecords.py
[I 2022-05-06 15:15:06.913 ServerApp] Saving file at /reproducible_workflow/scripts/dev/how_to_read_TFRecords.py
[I 2022-05-06 15:15:47.750 ServerApp] Saving file at /reproducible_workflow/scripts/dev/how_to_read_TFRecords.py
[I 2022-05-06 15:17:47.815 ServerApp] Saving file at /reproducible_workflow/scripts/dev/how_to_read_TFRecords.py
[I 2022-05-06 15:18:32.373 ServerApp] Saving file at /reproducible_workflow/scripts/dev/how_to_read_TFRecords.py
[I 2022-05-06 15:19:46.320 ServerApp] Saving file at /reproducible_workflow/scripts/dev/how_to_read_TFRecords.py
[I 2022-05-06 15:19:46.704 ServerApp] Saving file at /reproducible_workflow/scripts/dev/how_to_read_TFRecords.py
[I 2022-05-06 15:20:20.812 ServerApp] Saving file at /reproducible_workflow/scripts/dev/how_to_read_TFRecords.py
[I 2022-05-06 15:21:13.653 ServerApp] Saving file at /reproducible_workflow/scripts/dev/how_to_read_TFRecords.py
[I 2022-05-06 15:21:13.990 ServerApp] Saving file at /reproducible_workflow/scripts/dev/how_to_read_TFRecords.py
[I 2022-05-06 15:21:14.485 ServerApp] Saving file at /reproducible_workflow/scripts/dev/how_to_read_TFRecords.py
[I 2022-05-06 15:21:50.108 ServerApp] Saving file at /reproducible_workflow/scripts/dev/how_to_read_TFRecords.py
[I 2022-05-06 15:21:50.328 ServerApp] Saving file at /reproducible_workflow/scripts/dev/how_to_read_TFRecords.py
[I 2022-05-06 15:21:56.604 ServerApp] Saving file at /reproducible_workflow/scripts/dev/how_to_read_TFRecords.py
[I 2022-05-06 15:21:56.841 ServerApp] Saving file at /reproducible_workflow/scripts/dev/how_to_read_TFRecords.py
[I 2022-05-06 15:21:57.969 ServerApp] Saving file at /reproducible_workflow/scripts/dev/how_to_read_TFRecords.py
[I 2022-05-06 15:29:00.023 ServerApp] Saving file at /reproducible_workflow/scripts/dev/how_to_write_TFRecords.py
[I 2022-05-06 17:48:44.126 ServerApp] Kernel started: 0fd6bd35-415d-4c7e-9356-d9339f1ea3c1
[I 2022-05-06 17:50:14.890 ServerApp] Kernel started: db77867f-ebfa-4aae-b7ce-f9aa978a47e4
[I 2022-05-06 18:13:30.040 ServerApp] Saving file at /reproducible_workflow/experiments/2. Lakes_with_extra_fields.ipynb
[I 2022-05-06 18:17:12.007 ServerApp] Saving file at /reproducible_workflow/experiments/2. Lakes_with_extra_fields.ipynb
[I 2022-05-06 18:18:44.019 ServerApp] Saving file at /reproducible_workflow/experiments/A3.MaracaiboLake.ipynb
[I 2022-05-06 18:20:44.261 ServerApp] Saving file at /reproducible_workflow/experiments/A3.MaracaiboLake.ipynb
[I 2022-05-06 18:22:44.520 ServerApp] Saving file at /reproducible_workflow/experiments/A3.MaracaiboLake.ipynb
[I 2022-05-06 18:24:44.764 ServerApp] Saving file at /reproducible_workflow/experiments/A3.MaracaiboLake.ipynb
[I 2022-05-06 18:26:44.996 ServerApp] Saving file at /reproducible_workflow/experiments/A3.MaracaiboLake.ipynb
[I 2022-05-06 18:28:45.246 ServerApp] Saving file at /reproducible_workflow/experiments/A3.MaracaiboLake.ipynb
[I 2022-05-06 18:30:45.520 ServerApp] Saving file at /reproducible_workflow/experiments/A3.MaracaiboLake.ipynb
[I 2022-05-06 18:32:46.012 ServerApp] Saving file at /reproducible_workflow/experiments/A3.MaracaiboLake.ipynb
[I 2022-05-06 18:34:46.351 ServerApp] Saving file at /reproducible_workflow/experiments/A3.MaracaiboLake.ipynb
[I 2022-05-06 18:36:47.394 ServerApp] Saving file at /reproducible_workflow/experiments/A3.MaracaiboLake.ipynb
[I 2022-05-06 18:38:47.650 ServerApp] Saving file at /reproducible_workflow/experiments/A3.MaracaiboLake.ipynb
[I 2022-05-06 18:40:47.922 ServerApp] Saving file at /reproducible_workflow/experiments/A3.MaracaiboLake.ipynb
[I 2022-05-06 18:42:48.363 ServerApp] Saving file at /reproducible_workflow/experiments/A3.MaracaiboLake.ipynb
[I 2022-05-06 18:44:48.684 ServerApp] Saving file at /reproducible_workflow/experiments/A3.MaracaiboLake.ipynb
[I 2022-05-06 18:46:49.036 ServerApp] Saving file at /reproducible_workflow/experiments/A3.MaracaiboLake.ipynb
[I 2022-05-06 18:48:49.220 ServerApp] Saving file at /reproducible_workflow/experiments/A3.MaracaiboLake.ipynb
[I 2022-05-06 18:50:49.505 ServerApp] Saving file at /reproducible_workflow/experiments/A3.MaracaiboLake.ipynb
[I 2022-05-06 18:52:49.861 ServerApp] Saving file at /reproducible_workflow/experiments/A3.MaracaiboLake.ipynb
[I 2022-05-06 18:54:50.314 ServerApp] Saving file at /reproducible_workflow/experiments/A3.MaracaiboLake.ipynb
[I 2022-05-06 18:56:51.099 ServerApp] Saving file at /reproducible_workflow/experiments/A3.MaracaiboLake.ipynb
[I 2022-05-06 18:58:52.430 ServerApp] Saving file at /reproducible_workflow/experiments/A3.MaracaiboLake.ipynb
[I 2022-05-06 19:00:53.412 ServerApp] Saving file at /reproducible_workflow/experiments/A3.MaracaiboLake.ipynb
[I 2022-05-06 19:02:53.666 ServerApp] Saving file at /reproducible_workflow/experiments/A3.MaracaiboLake.ipynb
[I 2022-05-06 19:04:53.934 ServerApp] Saving file at /reproducible_workflow/experiments/A3.MaracaiboLake.ipynb
[I 2022-05-06 19:06:54.277 ServerApp] Saving file at /reproducible_workflow/experiments/A3.MaracaiboLake.ipynb
[I 2022-05-06 19:08:54.616 ServerApp] Saving file at /reproducible_workflow/experiments/A3.MaracaiboLake.ipynb
[I 2022-05-06 19:13:29.253 ServerApp] Saving file at /reproducible_workflow/scripts/train_model.py
[I 2022-05-06 19:14:11.368 ServerApp] Saving file at /reproducible_workflow/scripts/train_model.py
[I 2022-05-06 19:14:25.136 ServerApp] Saving file at /reproducible_workflow/scripts/train_model.py
[I 2022-05-06 19:14:25.415 ServerApp] Saving file at /reproducible_workflow/scripts/train_model.py
[I 2022-05-06 19:14:43.383 ServerApp] Saving file at /reproducible_workflow/scripts/train_model.py
[I 2022-05-06 19:14:43.531 ServerApp] Saving file at /reproducible_workflow/scripts/train_model.py
[W 2022-05-06 19:33:28.489 ServerApp] WebSocket ping timeout after 90003 ms.
[W 2022-05-06 19:33:28.618 ServerApp] WebSocket ping timeout after 90001 ms.
[I 2022-05-06 22:15:05.313 ServerApp] Starting buffering for 0fd6bd35-415d-4c7e-9356-d9339f1ea3c1:bf85184f-968a-45ea-b35f-b0e381614035
[I 2022-05-06 22:15:05.315 ServerApp] Starting buffering for db77867f-ebfa-4aae-b7ce-f9aa978a47e4:efcac38d-dc2c-4de2-a0f4-16c27bf96a03
[I 2022-05-06 22:15:05.316 ServerApp] Starting buffering for 4d73812d-0525-43c3-abd7-7e73b2222bbd:9c8edc6f-3da1-48cd-b566-816eb36d0768
[I 2022-05-06 22:15:05.317 ServerApp] Starting buffering for 1a49f378-ecf2-41d1-8f43-4f02917c0b07:92cdcdc2-8e87-47ff-9056-a0b7788cef3f
[I 2022-05-06 22:15:05.323 ServerApp] Starting buffering for 60c1089e-cd1b-42a8-87bc-e494cb402f01:e3beed7d-3a12-45d2-a533-1148c536aed8
[I 2022-05-06 22:15:05.323 ServerApp] Starting buffering for 109222b3-dfdb-4110-aa8a-0709c22fbadc:e651b803-b410-40b6-bbfe-a85a2b07ba1e
[I 2022-05-06 22:15:05.352 ServerApp] Restoring connection for db77867f-ebfa-4aae-b7ce-f9aa978a47e4:efcac38d-dc2c-4de2-a0f4-16c27bf96a03
[I 2022-05-06 22:15:05.411 ServerApp] Restoring connection for 0fd6bd35-415d-4c7e-9356-d9339f1ea3c1:bf85184f-968a-45ea-b35f-b0e381614035
[I 2022-05-06 22:15:05.481 ServerApp] Restoring connection for 4d73812d-0525-43c3-abd7-7e73b2222bbd:9c8edc6f-3da1-48cd-b566-816eb36d0768
[I 2022-05-06 22:15:05.617 ServerApp] Restoring connection for 1a49f378-ecf2-41d1-8f43-4f02917c0b07:92cdcdc2-8e87-47ff-9056-a0b7788cef3f
[I 2022-05-06 22:15:05.660 ServerApp] Restoring connection for 60c1089e-cd1b-42a8-87bc-e494cb402f01:e3beed7d-3a12-45d2-a533-1148c536aed8
[W 2022-05-06 22:16:35.353 ServerApp] WebSocket ping timeout after 90001 ms.
[W 2022-05-06 22:16:35.412 ServerApp] WebSocket ping timeout after 90000 ms.
[W 2022-05-06 22:16:35.482 ServerApp] WebSocket ping timeout after 90000 ms.
[W 2022-05-06 22:16:35.543 ServerApp] WebSocket ping timeout after 90000 ms.
[W 2022-05-06 22:16:35.618 ServerApp] WebSocket ping timeout after 90000 ms.
[W 2022-05-06 22:16:35.661 ServerApp] WebSocket ping timeout after 90001 ms.
[W 2022-05-06 22:16:35.667 ServerApp] WebSocket ping timeout after 90001 ms.
[I 2022-05-06 22:16:40.357 ServerApp] Starting buffering for db77867f-ebfa-4aae-b7ce-f9aa978a47e4:efcac38d-dc2c-4de2-a0f4-16c27bf96a03
[I 2022-05-06 22:16:40.414 ServerApp] Starting buffering for 0fd6bd35-415d-4c7e-9356-d9339f1ea3c1:bf85184f-968a-45ea-b35f-b0e381614035
[I 2022-05-06 22:16:40.483 ServerApp] Starting buffering for 4d73812d-0525-43c3-abd7-7e73b2222bbd:9c8edc6f-3da1-48cd-b566-816eb36d0768
[I 2022-05-06 22:16:40.619 ServerApp] Starting buffering for 1a49f378-ecf2-41d1-8f43-4f02917c0b07:92cdcdc2-8e87-47ff-9056-a0b7788cef3f
[I 2022-05-06 22:16:40.662 ServerApp] Starting buffering for 60c1089e-cd1b-42a8-87bc-e494cb402f01:e3beed7d-3a12-45d2-a533-1148c536aed8
[I 2022-05-06 22:16:40.668 ServerApp] Starting buffering for 109222b3-dfdb-4110-aa8a-0709c22fbadc:e651b803-b410-40b6-bbfe-a85a2b07ba1e
[W 2022-05-09 10:36:28.513 ServerApp] Forbidden
[W 2022-05-09 10:36:28.514 ServerApp] 403 GET /api/kernels/60c1089e-cd1b-42a8-87bc-e494cb402f01?1652088988404 (::1) 4.78ms referer=http://localhost:8884/lab/tree/reproducible_workflow/scripts/train_model.py
[W 2022-05-09 10:36:28.559 ServerApp] Forbidden
[W 2022-05-09 10:36:28.560 ServerApp] 403 GET /api/kernels?1652088988466 (::1) 12.65ms referer=http://localhost:8884/lab/tree/reproducible_workflow/scripts/train_model.py
[W 2022-05-09 10:36:31.091 ServerApp] Forbidden
[W 2022-05-09 10:36:31.092 ServerApp] 403 GET /api/kernels?1652088991000 (::1) 2.14ms referer=http://localhost:8884/lab/tree/reproducible_workflow/scripts/train_model.py
[W 2022-05-09 10:36:31.680 ServerApp] Forbidden
[W 2022-05-09 10:36:31.681 ServerApp] 403 GET /api/kernels/109222b3-dfdb-4110-aa8a-0709c22fbadc?1652088991596 (::1) 2.36ms referer=http://localhost:8884/lab/tree/reproducible_workflow/scripts/train_model.py
[W 2022-05-09 10:36:31.704 ServerApp] Forbidden
[W 2022-05-09 10:36:31.713 ServerApp] 403 GET /api/kernels?1652088991623 (::1) 9.89ms referer=http://localhost:8884/lab/tree/reproducible_workflow/scripts/train_model.py
[W 2022-05-09 10:36:32.313 ServerApp] Forbidden
[W 2022-05-09 10:36:32.313 ServerApp] 403 GET /api/kernels?1652088992222 (::1) 2.98ms referer=http://localhost:8884/lab/tree/reproducible_workflow/scripts/train_model.py
[W 2022-05-09 10:36:33.981 ServerApp] Forbidden
[W 2022-05-09 10:36:33.982 ServerApp] 403 GET /api/contents/reproducible_workflow/scripts?content=1&1652088993891 (::1) 9.70ms referer=http://localhost:8884/lab/tree/reproducible_workflow/scripts/train_model.py
[W 2022-05-09 10:36:35.339 ServerApp] Forbidden
[W 2022-05-09 10:36:35.340 ServerApp] 403 GET /api/kernels/0fd6bd35-415d-4c7e-9356-d9339f1ea3c1?1652088995254 (::1) 2.64ms referer=http://localhost:8884/lab/tree/reproducible_workflow/scripts/train_model.py
[W 2022-05-09 10:36:35.371 ServerApp] Forbidden
[W 2022-05-09 10:36:35.372 ServerApp] 403 GET /api/kernels?1652088995290 (::1) 1.92ms referer=http://localhost:8884/lab/tree/reproducible_workflow/scripts/train_model.py
[W 2022-05-09 10:36:36.743 ServerApp] Forbidden
[W 2022-05-09 10:36:36.743 ServerApp] 403 GET /api/kernels/4d73812d-0525-43c3-abd7-7e73b2222bbd?1652088996655 (::1) 1.96ms referer=http://localhost:8884/lab/tree/reproducible_workflow/scripts/train_model.py
[W 2022-05-09 10:36:36.780 ServerApp] Forbidden
[W 2022-05-09 10:36:36.780 ServerApp] 403 GET /api/kernels?1652088996698 (::1) 1.88ms referer=http://localhost:8884/lab/tree/reproducible_workflow/scripts/train_model.py
[I 2022-05-09 10:36:41.003 LabApp] 302 GET /lab/tree/reproducible_workflow/scripts/train_model.py (::1) 2.68ms
[I 2022-05-09 10:36:43.982 ServerApp] 302 POST /login?next=%2Flab%2Ftree%2Freproducible_workflow%2Fscripts%2Ftrain_model.py (::1) 3.63ms
[W 2022-05-09 10:36:52.483 ServerApp] Notebook reproducible_workflow/00. Workflow.ipynb is not trusted
[I 2022-05-09 10:36:53.334 LabApp] Build is up to date
[I 2022-05-09 10:36:59.923 ServerApp] Starting buffering for 109222b3-dfdb-4110-aa8a-0709c22fbadc:6ca686fb-20fa-4a25-975a-898a921a86e7
[I 2022-05-09 10:37:04.204 ServerApp] Starting buffering for 60c1089e-cd1b-42a8-87bc-e494cb402f01:ba7098ef-42de-4fdf-bb64-f6efac1872c2
[I 2022-05-09 10:37:04.498 ServerApp] Starting buffering for db77867f-ebfa-4aae-b7ce-f9aa978a47e4:8b061891-9637-496f-b2ca-1f962da8e1e2
[I 2022-05-09 10:37:06.008 ServerApp] Starting buffering for 1a49f378-ecf2-41d1-8f43-4f02917c0b07:080ea8d3-5767-41a7-bc12-2aef8a2cb508
[I 2022-05-09 10:37:07.291 ServerApp] Starting buffering for 4d73812d-0525-43c3-abd7-7e73b2222bbd:2d26eeb5-fc77-465e-9351-43003d67ae10
[I 2022-05-09 10:38:54.944 ServerApp] Saving file at /reproducible_workflow/experiments/A3.MaracaiboLake.ipynb
[I 2022-05-09 10:40:55.198 ServerApp] Saving file at /reproducible_workflow/experiments/A3.MaracaiboLake.ipynb
[W 2022-05-09 10:41:44.685 ServerApp] Notebook jupyter_notebooks/legacy/01. Toy_Example.ipynb is not trusted
[I 2022-05-09 10:41:46.511 ServerApp] Kernel started: b728f3cf-d681-490c-b191-89b6d616947b
[I 2022-05-09 10:42:58.334 ServerApp] Saving file at /reproducible_workflow/experiments/A3.MaracaiboLake.ipynb
[I 2022-05-09 10:44:58.573 ServerApp] Saving file at /reproducible_workflow/experiments/A3.MaracaiboLake.ipynb
[I 2022-05-09 10:46:58.757 ServerApp] Saving file at /reproducible_workflow/experiments/A3.MaracaiboLake.ipynb
[I 2022-05-09 10:48:59.062 ServerApp] Saving file at /reproducible_workflow/experiments/A3.MaracaiboLake.ipynb
[I 2022-05-09 10:50:59.318 ServerApp] Saving file at /reproducible_workflow/experiments/A3.MaracaiboLake.ipynb
[I 2022-05-09 10:53:00.711 ServerApp] Saving file at /reproducible_workflow/experiments/A3.MaracaiboLake.ipynb
[I 2022-05-09 10:55:01.030 ServerApp] Saving file at /reproducible_workflow/experiments/A3.MaracaiboLake.ipynb
[I 2022-05-09 10:56:48.680 ServerApp] Saving file at /reproducible_workflow/experiments/A3.MaracaiboLake.ipynb
