[I 2022-04-04 08:08:54.138 ServerApp] jupyterlab | extension was successfully linked.
[I 2022-04-04 08:08:54.162 ServerApp] nbclassic | extension was successfully linked.
[I 2022-04-04 08:09:01.164 ServerApp] notebook_shim | extension was successfully linked.
[I 2022-04-04 08:09:01.589 ServerApp] notebook_shim | extension was successfully loaded.
[I 2022-04-04 08:09:01.591 LabApp] JupyterLab extension loaded from /home/k/kimpson/bin/conda/envs/GPU/lib/python3.7/site-packages/jupyterlab
[I 2022-04-04 08:09:01.591 LabApp] JupyterLab application directory is /home/k/kimpson/bin/conda/envs/GPU/share/jupyter/lab
[I 2022-04-04 08:09:01.605 ServerApp] jupyterlab | extension was successfully loaded.
[I 2022-04-04 08:09:01.737 ServerApp] nbclassic | extension was successfully loaded.
[I 2022-04-04 08:09:01.739 ServerApp] Serving notebooks from local directory: /network/aopp/chaos/pred/kimpson/ML4L
[I 2022-04-04 08:09:01.739 ServerApp] Jupyter Server 1.13.5 is running at:
[I 2022-04-04 08:09:01.739 ServerApp] http://localhost:9168/lab
[I 2022-04-04 08:09:01.739 ServerApp]  or http://127.0.0.1:9168/lab
[I 2022-04-04 08:09:01.740 ServerApp] Use Control-C to stop this server and shut down all kernels (twice to skip confirmation).
[I 2022-04-04 08:11:29.567 ServerApp] 302 GET / (::1) 1.74ms
[W 2022-04-04 08:11:37.048 ServerApp] 404 GET /apple-touch-icon-precomposed.png (::1) 227.32ms referer=None
[W 2022-04-04 08:11:38.040 ServerApp] 404 GET /apple-touch-icon.png (::1) 1.80ms referer=None
[W 2022-04-04 08:11:47.088 LabApp] Could not determine jupyterlab build status without nodejs
[I 2022-04-04 08:12:35.443 ServerApp] Kernel started: 0883213c-acba-4fa9-8273-c2ab59bad255
[I 2022-04-04 08:12:35.444 ServerApp] Kernel started: 9f44bd4a-8aa6-4e65-a058-e50fe812379c
[I 2022-04-04 08:12:35.445 ServerApp] Kernel started: fd0ce94a-7b81-400d-955f-3a98e2bb498f
[I 2022-04-04 08:12:35.446 ServerApp] Kernel started: 359647f9-4e4f-425d-ad29-a5f3d5f7e05c
[I 2022-04-04 08:12:35.448 ServerApp] Kernel started: 45a50ad9-66f4-490f-9853-579ec624a3f0
[IPKernelApp] ERROR | No such comm target registered: jupyter.widget.control
[IPKernelApp] ERROR | No such comm target registered: jupyter.widget.control
[IPKernelApp] ERROR | No such comm target registered: jupyter.widget.control
[IPKernelApp] WARNING | No such comm: 305fd264-218c-4fbb-946d-290cb2d5f8b5
[IPKernelApp] ERROR | No such comm target registered: jupyter.widget.control
[IPKernelApp] WARNING | No such comm: 04872724-d2c7-4860-b71b-1d4fefa47554
[IPKernelApp] WARNING | No such comm: 017b6f85-529f-4edf-acc7-d264bc7e63c9
[IPKernelApp] WARNING | No such comm: 2acf7920-bb3c-4b68-a4e0-53b3276f7ece
[IPKernelApp] ERROR | No such comm target registered: jupyter.widget.control
[IPKernelApp] WARNING | No such comm: 37e17d00-b8be-4f48-bfae-8e0a61e9b2b8
[I 2022-04-04 08:12:44.461 ServerApp] Starting buffering for 0883213c-acba-4fa9-8273-c2ab59bad255:6fa3a6da-886b-4503-979e-88463fe3cf6c
[I 2022-04-04 08:12:45.433 ServerApp] Starting buffering for fd0ce94a-7b81-400d-955f-3a98e2bb498f:bd152f82-d38c-4982-af3b-47af3d9cf1de
[I 2022-04-04 08:12:46.000 ServerApp] Starting buffering for 9f44bd4a-8aa6-4e65-a058-e50fe812379c:a23f7fd5-6efd-4a57-8839-e7f6e50e9dc4
[IPKernelApp] ERROR | No such comm target registered: jupyter.widget.control
[IPKernelApp] WARNING | No such comm: 22437ec6-5979-4c2a-9cd6-e7390ea1de97
[I 2022-04-04 08:14:34.289 ServerApp] Saving file at /jupyter_notebooks/07.Reverse_learning.ipynb
[I 2022-04-04 08:16:35.990 ServerApp] Saving file at /jupyter_notebooks/07.Reverse_learning.ipynb
[I 2022-04-04 08:18:37.056 ServerApp] Saving file at /jupyter_notebooks/07.Reverse_learning.ipynb
[I 2022-04-04 08:20:38.279 ServerApp] Saving file at /jupyter_notebooks/07.Reverse_learning.ipynb
[I 2022-04-04 08:22:39.564 ServerApp] Saving file at /jupyter_notebooks/07.Reverse_learning.ipynb
[I 2022-04-04 08:24:40.861 ServerApp] Saving file at /jupyter_notebooks/07.Reverse_learning.ipynb
[I 2022-04-04 08:26:42.086 ServerApp] Saving file at /jupyter_notebooks/07.Reverse_learning.ipynb
[I 2022-04-04 08:28:43.216 ServerApp] Saving file at /jupyter_notebooks/07.Reverse_learning.ipynb
[I 2022-04-04 08:30:27.296 ServerApp] Saving file at /jupyter_notebooks/07.Reverse_learning.ipynb
[I 2022-04-04 08:32:29.710 ServerApp] Saving file at /jupyter_notebooks/07.Reverse_learning.ipynb
[I 2022-04-04 08:34:32.274 ServerApp] Saving file at /jupyter_notebooks/07.Reverse_learning.ipynb
[I 2022-04-04 08:36:34.824 ServerApp] Saving file at /jupyter_notebooks/07.Reverse_learning.ipynb
[I 2022-04-04 08:38:37.566 ServerApp] Saving file at /jupyter_notebooks/07.Reverse_learning.ipynb
[I 2022-04-04 08:40:40.202 ServerApp] Saving file at /jupyter_notebooks/07.Reverse_learning.ipynb
[I 2022-04-04 08:42:42.812 ServerApp] Saving file at /jupyter_notebooks/07.Reverse_learning.ipynb
[I 2022-04-04 08:44:44.215 ServerApp] Saving file at /jupyter_notebooks/07.Reverse_learning.ipynb
[IPKernelApp] ERROR | No such comm target registered: jupyter.widget.control
[IPKernelApp] WARNING | No such comm: 0c336515-a4b1-4607-a6b1-b9354561f0f7
[I 2022-04-04 08:46:45.500 ServerApp] Saving file at /jupyter_notebooks/07.Reverse_learning.ipynb
[I 2022-04-04 08:48:48.299 ServerApp] Saving file at /jupyter_notebooks/07.Reverse_learning.ipynb
[I 2022-04-04 08:50:50.993 ServerApp] Saving file at /jupyter_notebooks/07.Reverse_learning.ipynb
[I 2022-04-04 08:52:53.461 ServerApp] Saving file at /jupyter_notebooks/07.Reverse_learning.ipynb
[I 2022-04-04 08:54:56.863 ServerApp] Saving file at /jupyter_notebooks/07.Reverse_learning.ipynb
[I 2022-04-04 08:56:59.521 ServerApp] Saving file at /jupyter_notebooks/07.Reverse_learning.ipynb
[I 2022-04-04 08:58:03.187 ServerApp] Kernel interrupted: 359647f9-4e4f-425d-ad29-a5f3d5f7e05c
[I 2022-04-04 08:59:02.423 ServerApp] Saving file at /jupyter_notebooks/07.Reverse_learning.ipynb
[I 2022-04-04 09:01:05.028 ServerApp] Saving file at /jupyter_notebooks/07.Reverse_learning.ipynb
[I 2022-04-04 09:03:14.921 ServerApp] Saving file at /jupyter_notebooks/07.Reverse_learning.ipynb
[I 2022-04-04 09:05:17.470 ServerApp] Saving file at /jupyter_notebooks/07.Reverse_learning.ipynb
[I 2022-04-04 09:07:20.084 ServerApp] Saving file at /jupyter_notebooks/07.Reverse_learning.ipynb
[I 2022-04-04 09:09:23.061 ServerApp] Saving file at /jupyter_notebooks/07.Reverse_learning.ipynb
[I 2022-04-04 09:11:25.701 ServerApp] Saving file at /jupyter_notebooks/07.Reverse_learning.ipynb
[I 2022-04-04 09:13:32.319 ServerApp] Saving file at /jupyter_notebooks/07.Reverse_learning.ipynb
[I 2022-04-04 09:15:34.909 ServerApp] Saving file at /jupyter_notebooks/07.Reverse_learning.ipynb
[I 2022-04-04 09:16:20.032 ServerApp] Saving file at /jupyter_notebooks/07.Reverse_learning.ipynb
[W 2022-04-04 09:33:37.789 ServerApp] WebSocket ping timeout after 119896 ms.
[W 2022-04-04 09:33:38.019 ServerApp] WebSocket ping timeout after 119983 ms.
[W 2022-04-04 09:33:39.050 ServerApp] WebSocket ping timeout after 119975 ms.
[I 2022-04-04 09:33:42.794 ServerApp] Starting buffering for 359647f9-4e4f-425d-ad29-a5f3d5f7e05c:bc45a670-7d4a-4af7-b5c1-f58ac309cccc
[I 2022-04-04 09:33:44.053 ServerApp] Starting buffering for 45a50ad9-66f4-490f-9853-579ec624a3f0:9df07c19-0582-4a3a-89ce-f157339586d3
[W 2022-04-04 09:33:44.758 ServerApp] WebSocket ping timeout after 119796 ms.
[I 2022-04-04 09:33:49.762 ServerApp] Starting buffering for 0883213c-acba-4fa9-8273-c2ab59bad255:68a51616-2a3a-4a94-adcf-7d76724aeabb
[I 2022-04-04 09:57:32.963 ServerApp] Restoring connection for 359647f9-4e4f-425d-ad29-a5f3d5f7e05c:bc45a670-7d4a-4af7-b5c1-f58ac309cccc
[I 2022-04-04 09:57:33.406 ServerApp] Restoring connection for 45a50ad9-66f4-490f-9853-579ec624a3f0:9df07c19-0582-4a3a-89ce-f157339586d3
[IPKernelApp] ERROR | No such comm target registered: jupyter.widget.control
[IPKernelApp] WARNING | No such comm: 9847705b-ff27-4cba-8544-e7d57bdd41f3
[W 2022-04-04 09:59:02.963 ServerApp] WebSocket ping timeout after 90000 ms.
[W 2022-04-04 09:59:03.407 ServerApp] WebSocket ping timeout after 90000 ms.
[I 2022-04-04 09:59:07.967 ServerApp] Starting buffering for 359647f9-4e4f-425d-ad29-a5f3d5f7e05c:bc45a670-7d4a-4af7-b5c1-f58ac309cccc
[I 2022-04-04 09:59:08.408 ServerApp] Starting buffering for 45a50ad9-66f4-490f-9853-579ec624a3f0:9df07c19-0582-4a3a-89ce-f157339586d3
[W 2022-04-04 10:01:49.903 LabApp] Could not determine jupyterlab build status without nodejs
[IPKernelApp] ERROR | No such comm target registered: jupyter.widget.control
[IPKernelApp] ERROR | No such comm target registered: jupyter.widget.control
[IPKernelApp] WARNING | No such comm: 5d42e532-dca1-4d8e-9c41-7ac85998af82
[IPKernelApp] WARNING | No such comm: 5bba0c05-fccc-4920-8b15-2ad623101658
[I 2022-04-04 10:05:54.913 ServerApp] Saving file at /jupyter_notebooks/07.Reverse_learning.ipynb
[I 2022-04-04 10:07:57.713 ServerApp] Saving file at /jupyter_notebooks/07.Reverse_learning.ipynb
[I 2022-04-04 10:10:01.126 ServerApp] Saving file at /jupyter_notebooks/07.Reverse_learning.ipynb
[I 2022-04-04 10:12:03.723 ServerApp] Saving file at /jupyter_notebooks/07.Reverse_learning.ipynb
[I 2022-04-04 10:35:40.728 ServerApp] Copying scripts/feature_importance.py to /scripts
[IPKernelApp] ERROR | No such comm target registered: jupyter.widget.control
[IPKernelApp] WARNING | No such comm: f88ca4d0-6607-49d1-a68b-9f063f958c7a
[I 2022-04-04 10:37:56.991 ServerApp] Saving file at /scripts/training_feature_importance.py
[I 2022-04-04 10:38:54.015 ServerApp] Saving file at /jupyter_notebooks/Untitled.ipynb
[I 2022-04-04 10:40:56.634 ServerApp] Saving file at /jupyter_notebooks/Untitled.ipynb
[I 2022-04-04 10:42:56.784 ServerApp] Saving file at /jupyter_notebooks/Untitled.ipynb
[I 2022-04-04 10:44:07.648 ServerApp] Saving file at /scripts/training_feature_importance.py
[I 2022-04-04 10:44:56.953 ServerApp] Saving file at /jupyter_notebooks/Untitled.ipynb
[I 2022-04-04 10:46:07.720 ServerApp] Saving file at /scripts/training_feature_importance.py
[I 2022-04-04 10:48:07.796 ServerApp] Saving file at /scripts/training_feature_importance.py
[I 2022-04-04 10:49:35.691 ServerApp] Saving file at /scripts/training_feature_importance.py
[I 2022-04-04 10:51:35.757 ServerApp] Saving file at /scripts/training_feature_importance.py
[I 2022-04-04 10:52:30.010 ServerApp] Saving file at /scripts/train_and_predict_GPU.py
[I 2022-04-04 10:52:30.169 ServerApp] Saving file at /scripts/train_and_predict_GPU.py
[I 2022-04-04 10:52:30.493 ServerApp] Saving file at /scripts/train_and_predict_GPU.py
[I 2022-04-04 10:53:35.824 ServerApp] Saving file at /scripts/training_feature_importance.py
[I 2022-04-04 10:55:35.901 ServerApp] Saving file at /scripts/training_feature_importance.py
[I 2022-04-04 10:57:35.964 ServerApp] Saving file at /scripts/training_feature_importance.py
[I 2022-04-04 10:59:36.079 ServerApp] Saving file at /scripts/training_feature_importance.py
[I 2022-04-04 11:00:36.420 ServerApp] Saving file at /scripts/training_feature_importance.py
[I 2022-04-04 11:02:36.492 ServerApp] Saving file at /scripts/training_feature_importance.py
[I 2022-04-04 11:03:39.969 ServerApp] Saving file at /scripts/training_feature_importance.py
[I 2022-04-04 11:03:57.133 ServerApp] Saving file at /scripts/training_feature_importance.py
[I 2022-04-04 11:09:18.745 ServerApp] Copying jupyter_notebooks/05b.Analysis_vs_skt.ipynb to /jupyter_notebooks
[I 2022-04-04 11:09:27.358 ServerApp] Kernel started: 9c943281-670f-4356-ac37-926d36e44225
[IPKernelApp] ERROR | No such comm target registered: jupyter.widget.control
[IPKernelApp] WARNING | No such comm: 8b356392-d155-4925-bf85-e6b82a96975b
[I 2022-04-04 11:11:29.558 ServerApp] Saving file at /jupyter_notebooks/05b.Analysis_vs_skt-Copy1.ipynb
[I 2022-04-04 11:12:36.744 ServerApp] Saving file at /scripts/training_feature_importance.py
[I 2022-04-04 11:12:37.174 ServerApp] Saving file at /scripts/training_feature_importance.py
[I 2022-04-04 11:12:46.231 ServerApp] Saving file at /scripts/training_feature_importance.py
[I 2022-04-04 11:13:34.517 ServerApp] Saving file at /jupyter_notebooks/05b.Analysis_vs_skt-Copy1.ipynb
[I 2022-04-04 11:15:08.464 ServerApp] Saving file at /scripts/training_feature_importance.py
[I 2022-04-04 11:42:52.548 ServerApp] Saving file at /jupyter_notebooks/06. Feature_Importance.ipynb
[I 2022-04-04 11:44:54.639 ServerApp] Saving file at /jupyter_notebooks/06. Feature_Importance.ipynb
[I 2022-04-04 11:46:49.262 ServerApp] Saving file at /scripts/train_and_predict_GPU.py
[I 2022-04-04 11:46:49.467 ServerApp] Saving file at /scripts/train_and_predict_GPU.py
[I 2022-04-04 11:46:49.680 ServerApp] Saving file at /scripts/train_and_predict_GPU.py
[I 2022-04-04 11:46:49.954 ServerApp] Saving file at /scripts/train_and_predict_GPU.py
[I 2022-04-04 11:46:52.472 ServerApp] Saving file at /scripts/train_and_predict_GPU.py
[I 2022-04-04 12:02:59.415 ServerApp] Saving file at /jupyter_notebooks/05b.Analysis_vs_skt_not2m.ipynb
[I 2022-04-04 12:05:11.202 ServerApp] Saving file at /jupyter_notebooks/05b.Analysis_vs_skt_not2m.ipynb
[I 2022-04-04 12:09:14.327 ServerApp] Saving file at /jupyter_notebooks/05b.Analysis_vs_skt_not2m.ipynb
[I 2022-04-04 12:11:19.174 ServerApp] Saving file at /jupyter_notebooks/05b.Analysis_vs_skt_not2m.ipynb
[I 2022-04-04 12:11:54.942 ServerApp] Saving file at /jupyter_notebooks/06. Feature_Importance.ipynb
[I 2022-04-04 12:22:22.356 ServerApp] Saving file at /scripts/train_and_predict_GPU.py
[I 2022-04-04 12:22:53.019 ServerApp] Saving file at /scripts/train_and_predict_GPU.py
[I 2022-04-04 12:22:53.822 ServerApp] Saving file at /scripts/train_and_predict_GPU.py
[I 2022-04-04 12:22:57.188 ServerApp] Saving file at /scripts/train_and_predict_GPU.py
[I 2022-04-04 12:23:56.831 ServerApp] Saving file at /jupyter_notebooks/06. Feature_Importance.ipynb
[I 2022-04-04 12:25:57.208 ServerApp] Saving file at /jupyter_notebooks/06. Feature_Importance.ipynb
[I 2022-04-04 12:51:26.136 ServerApp] Saving file at /jupyter_notebooks/05b.Analysis_vs_skt_not2m.ipynb
[I 2022-04-04 12:53:32.097 ServerApp] Saving file at /jupyter_notebooks/05b.Analysis_vs_skt_not2m.ipynb
[I 2022-04-04 12:53:44.061 ServerApp] Creating new notebook in /jupyter_notebooks
[I 2022-04-04 12:53:44.657 ServerApp] Kernel started: e7ccbd4a-e577-48fb-b899-e5b22a44ab96
[IPKernelApp] ERROR | No such comm target registered: jupyter.widget.control
[IPKernelApp] WARNING | No such comm: bea5ece6-30ea-49c2-83aa-ad9006eb62c5
[I 2022-04-04 12:55:44.410 ServerApp] Saving file at /jupyter_notebooks/Compare_Models.ipynb
[I 2022-04-04 12:57:44.498 ServerApp] Saving file at /jupyter_notebooks/Compare_Models.ipynb
[I 2022-04-04 12:59:44.664 ServerApp] Saving file at /jupyter_notebooks/Compare_Models.ipynb
[I 2022-04-04 13:01:44.788 ServerApp] Saving file at /jupyter_notebooks/Compare_Models.ipynb
[I 2022-04-04 13:03:44.931 ServerApp] Saving file at /jupyter_notebooks/Compare_Models.ipynb
[I 2022-04-04 13:05:46.256 ServerApp] Saving file at /jupyter_notebooks/Compare_Models.ipynb
[I 2022-04-04 13:07:47.778 ServerApp] Saving file at /jupyter_notebooks/Compare_Models.ipynb
[I 2022-04-04 13:09:49.826 ServerApp] Saving file at /jupyter_notebooks/Compare_Models.ipynb
[I 2022-04-04 13:11:52.020 ServerApp] Saving file at /jupyter_notebooks/Compare_Models.ipynb
[I 2022-04-04 13:13:55.063 ServerApp] Saving file at /jupyter_notebooks/Compare_Models.ipynb
[I 2022-04-04 13:13:56.801 ServerApp] Saving file at /scripts/training_feature_importance.py
[I 2022-04-04 13:15:56.934 ServerApp] Saving file at /scripts/training_feature_importance.py
[I 2022-04-04 13:15:59.399 ServerApp] Saving file at /scripts/training_feature_importance.py
[I 2022-04-04 13:17:27.036 ServerApp] Saving file at /scripts/training_feature_importance.py
[I 2022-04-04 13:17:27.384 ServerApp] Saving file at /scripts/training_feature_importance.py
[I 2022-04-04 13:17:27.687 ServerApp] Saving file at /scripts/training_feature_importance.py
[I 2022-04-04 13:17:27.975 ServerApp] Saving file at /scripts/training_feature_importance.py
[I 2022-04-04 13:19:11.670 ServerApp] Saving file at /scripts/training_feature_importance.py
[I 2022-04-04 13:19:12.064 ServerApp] Saving file at /scripts/training_feature_importance.py
[I 2022-04-04 13:19:24.705 ServerApp] Saving file at /scripts/training_feature_importance.py
[I 2022-04-04 13:19:25.095 ServerApp] Saving file at /scripts/training_feature_importance.py
[I 2022-04-04 13:20:10.803 ServerApp] Saving file at /scripts/training_feature_importance.py
[I 2022-04-04 13:20:22.662 ServerApp] Saving file at /scripts/training_feature_importance.py
[I 2022-04-04 13:20:37.527 ServerApp] Saving file at /scripts/training_feature_importance.py
[I 2022-04-04 13:20:37.830 ServerApp] Saving file at /scripts/training_feature_importance.py
[I 2022-04-04 13:20:55.330 ServerApp] Saving file at /scripts/training_feature_importance.py
[I 2022-04-04 13:29:24.694 ServerApp] Saving file at /scripts/training_feature_importance.py
[I 2022-04-04 13:36:47.923 ServerApp] Saving file at /scripts/training_feature_importance.py
[I 2022-04-04 13:36:48.093 ServerApp] Saving file at /scripts/training_feature_importance.py
[I 2022-04-04 13:36:48.761 ServerApp] Saving file at /scripts/training_feature_importance.py
[I 2022-04-04 13:36:50.967 ServerApp] Saving file at /scripts/training_feature_importance.py
[I 2022-04-04 13:36:51.318 ServerApp] Saving file at /scripts/training_feature_importance.py
[I 2022-04-04 13:36:51.704 ServerApp] Saving file at /scripts/training_feature_importance.py
[I 2022-04-04 13:36:57.732 ServerApp] Saving file at /scripts/training_feature_importance.py
[I 2022-04-04 13:37:01.004 ServerApp] Saving file at /scripts/training_feature_importance.py
[I 2022-04-04 13:37:01.408 ServerApp] Saving file at /scripts/training_feature_importance.py
[I 2022-04-04 13:37:01.867 ServerApp] Saving file at /scripts/training_feature_importance.py
[I 2022-04-04 13:37:40.831 ServerApp] Saving file at /scripts/training_feature_importance.py
[I 2022-04-04 13:54:47.651 ServerApp] Saving file at /jupyter_notebooks/Untitled.ipynb
[W 2022-04-04 17:38:24.305 ServerApp] WebSocket ping timeout after 119980 ms.
[W 2022-04-04 17:38:24.768 ServerApp] WebSocket ping timeout after 119981 ms.
[W 2022-04-04 17:38:24.889 ServerApp] WebSocket ping timeout after 119955 ms.
[W 2022-04-04 17:38:24.897 ServerApp] WebSocket ping timeout after 119947 ms.
[I 2022-04-04 17:38:29.307 ServerApp] Starting buffering for 9f44bd4a-8aa6-4e65-a058-e50fe812379c:2c638591-e93e-4dd9-bbac-afa3c43772d3
[I 2022-04-04 17:38:29.770 ServerApp] Starting buffering for 359647f9-4e4f-425d-ad29-a5f3d5f7e05c:92c7e4c9-0498-406b-95b5-9e9615f18204
[I 2022-04-04 17:38:29.891 ServerApp] Starting buffering for 0883213c-acba-4fa9-8273-c2ab59bad255:633dee19-3fdb-48f4-afbe-3e5d859908a1
[I 2022-04-04 17:38:29.899 ServerApp] Starting buffering for 45a50ad9-66f4-490f-9853-579ec624a3f0:1df0393f-3196-4fb2-9169-96f5552d7980
[W 2022-04-04 17:38:31.843 ServerApp] WebSocket ping timeout after 119981 ms.
[W 2022-04-04 17:38:31.845 ServerApp] WebSocket ping timeout after 119968 ms.
[I 2022-04-04 17:38:36.847 ServerApp] Starting buffering for 9c943281-670f-4356-ac37-926d36e44225:6edb56f1-2d28-49eb-ba84-883b959e0519
[W 2022-04-04 17:38:46.738 ServerApp] WebSocket ping timeout after 119982 ms.
[I 2022-04-04 17:38:51.740 ServerApp] Starting buffering for e7ccbd4a-e577-48fb-b899-e5b22a44ab96:b13669ae-a7d4-4ed8-804d-1c6dae8c0f9f
[I 2022-04-05 08:38:08.975 ServerApp] 302 GET / (::1) 1.14ms
[I 2022-04-05 08:38:09.087 LabApp] 302 GET /lab? (::1) 2.02ms
[I 2022-04-05 08:38:14.995 ServerApp] Restoring connection for 359647f9-4e4f-425d-ad29-a5f3d5f7e05c:92c7e4c9-0498-406b-95b5-9e9615f18204
[I 2022-04-05 08:38:16.988 ServerApp] Restoring connection for 45a50ad9-66f4-490f-9853-579ec624a3f0:1df0393f-3196-4fb2-9169-96f5552d7980
[IPKernelApp] ERROR | No such comm target registered: jupyter.widget.control
[IPKernelApp] WARNING | No such comm: 17705b31-c6f9-4208-b7c2-0f3e2330ebdc
[W 2022-04-05 08:38:18.607 ServerApp] 401 POST /login?next=%2Flab%3F (::1) 4.06ms referer=http://localhost:8884/login?next=%2Flab%3F
[I 2022-04-05 08:38:18.693 ServerApp] Restoring connection for e7ccbd4a-e577-48fb-b899-e5b22a44ab96:b13669ae-a7d4-4ed8-804d-1c6dae8c0f9f
[I 2022-04-05 08:38:22.718 ServerApp] 302 POST /login?next=%2Flab%3F (::1) 2.69ms
[I 2022-04-05 08:38:27.000 ServerApp] Restoring connection for 9f44bd4a-8aa6-4e65-a058-e50fe812379c:2c638591-e93e-4dd9-bbac-afa3c43772d3
[IPKernelApp] ERROR | No such comm target registered: jupyter.widget.control
[IPKernelApp] WARNING | No such comm: c86241d7-f776-4066-832a-f30c84ce465a
[I 2022-04-05 08:38:34.395 ServerApp] Restoring connection for 0883213c-acba-4fa9-8273-c2ab59bad255:633dee19-3fdb-48f4-afbe-3e5d859908a1
[W 2022-04-05 08:38:34.536 LabApp] Could not determine jupyterlab build status without nodejs
[IPKernelApp] ERROR | No such comm target registered: jupyter.widget.control
[IPKernelApp] WARNING | No such comm: e6aa407c-4846-4e74-84a2-3e39a5bed964
[IPKernelApp] ERROR | No such comm target registered: jupyter.widget.control
[IPKernelApp] WARNING | No such comm: cc0e06e8-6524-4b47-ade3-d078cf109692
[IPKernelApp] ERROR | No such comm target registered: jupyter.widget.control
[IPKernelApp] WARNING | No such comm: 6335e076-f649-48cc-a0e7-0f17bfd37573
[IPKernelApp] ERROR | No such comm target registered: jupyter.widget.control
[IPKernelApp] WARNING | No such comm: 0f3a8f16-6bf1-4c34-8301-ebaadaee68bd
[I 2022-04-05 08:40:38.702 ServerApp] Saving file at /jupyter_notebooks/06. Feature_Importance.ipynb
[I 2022-04-05 08:42:15.857 ServerApp] Saving file at /jupyter_notebooks/06. Feature_Importance.ipynb
[I 2022-04-05 08:42:16.145 ServerApp] Saving file at /jupyter_notebooks/06. Feature_Importance.ipynb
[I 2022-04-05 08:42:16.396 ServerApp] Saving file at /jupyter_notebooks/06. Feature_Importance.ipynb
[I 2022-04-05 08:44:16.660 ServerApp] Saving file at /jupyter_notebooks/06. Feature_Importance.ipynb
[I 2022-04-05 08:46:16.902 ServerApp] Saving file at /jupyter_notebooks/06. Feature_Importance.ipynb
[I 2022-04-05 08:47:26.575 ServerApp] Kernel interrupted: 0883213c-acba-4fa9-8273-c2ab59bad255
[I 2022-04-05 08:47:26.926 ServerApp] Kernel interrupted: 0883213c-acba-4fa9-8273-c2ab59bad255
[I 2022-04-05 08:47:27.098 ServerApp] Kernel interrupted: 0883213c-acba-4fa9-8273-c2ab59bad255
[I 2022-04-05 08:47:27.393 ServerApp] Kernel interrupted: 0883213c-acba-4fa9-8273-c2ab59bad255
[I 2022-04-05 08:47:38.851 ServerApp] Kernel interrupted: 0883213c-acba-4fa9-8273-c2ab59bad255
[I 2022-04-05 08:47:39.044 ServerApp] Kernel interrupted: 0883213c-acba-4fa9-8273-c2ab59bad255
[I 2022-04-05 08:47:39.269 ServerApp] Kernel interrupted: 0883213c-acba-4fa9-8273-c2ab59bad255
[I 2022-04-05 08:47:39.413 ServerApp] Kernel interrupted: 0883213c-acba-4fa9-8273-c2ab59bad255
[I 2022-04-05 08:48:17.124 ServerApp] Saving file at /jupyter_notebooks/06. Feature_Importance.ipynb
[I 2022-04-05 08:48:40.172 ServerApp] Kernel interrupted: 0883213c-acba-4fa9-8273-c2ab59bad255
[I 2022-04-05 08:48:40.379 ServerApp] Kernel interrupted: 0883213c-acba-4fa9-8273-c2ab59bad255
[I 2022-04-05 08:48:40.566 ServerApp] Kernel interrupted: 0883213c-acba-4fa9-8273-c2ab59bad255
[I 2022-04-05 08:48:40.743 ServerApp] Kernel interrupted: 0883213c-acba-4fa9-8273-c2ab59bad255
[I 2022-04-05 08:48:40.920 ServerApp] Kernel interrupted: 0883213c-acba-4fa9-8273-c2ab59bad255
[I 2022-04-05 08:50:17.369 ServerApp] Saving file at /jupyter_notebooks/06. Feature_Importance.ipynb
[I 2022-04-05 08:52:18.673 ServerApp] Saving file at /jupyter_notebooks/06. Feature_Importance.ipynb
[I 2022-04-05 08:54:19.707 ServerApp] Saving file at /jupyter_notebooks/06. Feature_Importance.ipynb
[I 2022-04-05 08:56:20.792 ServerApp] Saving file at /jupyter_notebooks/06. Feature_Importance.ipynb
[I 2022-04-05 08:58:21.662 ServerApp] Saving file at /jupyter_notebooks/06. Feature_Importance.ipynb
[I 2022-04-05 09:02:22.255 ServerApp] Saving file at /jupyter_notebooks/06. Feature_Importance.ipynb
[I 2022-04-05 09:06:22.819 ServerApp] Saving file at /jupyter_notebooks/06. Feature_Importance.ipynb
[I 2022-04-05 09:16:50.506 ServerApp] AsyncIOLoopKernelRestarter: restarting kernel (1/5), keep random ports
[W 2022-04-05 09:16:50.586 ServerApp] kernel 0883213c-acba-4fa9-8273-c2ab59bad255 restarted
[W 2022-04-05 09:16:51.041 ServerApp] kernel 0883213c-acba-4fa9-8273-c2ab59bad255 restarted
[I 2022-04-05 09:16:51.987 ServerApp] Starting buffering for 0883213c-acba-4fa9-8273-c2ab59bad255:633dee19-3fdb-48f4-afbe-3e5d859908a1
[IPKernelApp] ERROR | No such comm target registered: jupyter.widget.control
[IPKernelApp] ERROR | No such comm target registered: jupyter.widget.control
[IPKernelApp] WARNING | No such comm: b8ff8d31-65ed-4ae6-b9b2-bd39befd1796
[IPKernelApp] WARNING | No such comm: d2cb9b6b-7202-4854-87bb-f1e5fd15efcd
[I 2022-04-05 09:20:25.764 ServerApp] Saving file at /jupyter_notebooks/06. Feature_Importance.ipynb
[I 2022-04-05 09:22:26.654 ServerApp] Saving file at /jupyter_notebooks/06. Feature_Importance.ipynb
[I 2022-04-05 09:26:27.671 ServerApp] Saving file at /jupyter_notebooks/06. Feature_Importance.ipynb
[I 2022-04-05 09:28:28.734 ServerApp] Saving file at /jupyter_notebooks/06. Feature_Importance.ipynb
[I 2022-04-05 09:30:29.677 ServerApp] Saving file at /jupyter_notebooks/06. Feature_Importance.ipynb
[I 2022-04-05 09:32:30.100 ServerApp] Saving file at /jupyter_notebooks/06. Feature_Importance.ipynb
[I 2022-04-05 09:34:30.675 ServerApp] Saving file at /jupyter_notebooks/06. Feature_Importance.ipynb
[I 2022-04-05 09:36:31.402 ServerApp] Saving file at /jupyter_notebooks/06. Feature_Importance.ipynb
[I 2022-04-05 09:38:32.799 ServerApp] Saving file at /jupyter_notebooks/06. Feature_Importance.ipynb
[I 2022-04-05 09:40:33.286 ServerApp] Saving file at /jupyter_notebooks/06. Feature_Importance.ipynb
[I 2022-04-05 09:42:33.668 ServerApp] Saving file at /jupyter_notebooks/06. Feature_Importance.ipynb
[I 2022-04-05 09:44:36.686 ServerApp] Saving file at /jupyter_notebooks/06. Feature_Importance.ipynb
[I 2022-04-05 09:46:37.138 ServerApp] Saving file at /jupyter_notebooks/06. Feature_Importance.ipynb
[I 2022-04-05 09:48:37.468 ServerApp] Saving file at /jupyter_notebooks/06. Feature_Importance.ipynb
[I 2022-04-05 09:50:43.204 ServerApp] Saving file at /jupyter_notebooks/06. Feature_Importance.ipynb
[I 2022-04-05 09:52:53.757 ServerApp] Saving file at /jupyter_notebooks/06. Feature_Importance.ipynb
[I 2022-04-05 09:55:11.089 ServerApp] Saving file at /jupyter_notebooks/06. Feature_Importance.ipynb
[I 2022-04-05 09:58:26.681 ServerApp] Saving file at /jupyter_notebooks/06. Feature_Importance.ipynb
[I 2022-04-05 10:21:44.654 ServerApp] Saving file at /jupyter_notebooks/06. Feature_Importance.ipynb
[I 2022-04-05 10:23:45.247 ServerApp] Saving file at /jupyter_notebooks/06. Feature_Importance.ipynb
[I 2022-04-05 10:25:45.765 ServerApp] Saving file at /jupyter_notebooks/06. Feature_Importance.ipynb
[I 2022-04-05 10:27:46.148 ServerApp] Saving file at /jupyter_notebooks/06. Feature_Importance.ipynb
[I 2022-04-05 10:29:46.570 ServerApp] Saving file at /jupyter_notebooks/06. Feature_Importance.ipynb
[I 2022-04-05 10:31:36.053 ServerApp] Kernel interrupted: 0883213c-acba-4fa9-8273-c2ab59bad255
[I 2022-04-05 10:31:36.243 ServerApp] Kernel interrupted: 0883213c-acba-4fa9-8273-c2ab59bad255
[I 2022-04-05 10:31:47.763 ServerApp] Saving file at /jupyter_notebooks/06. Feature_Importance.ipynb
[I 2022-04-05 10:34:09.246 ServerApp] Saving file at /jupyter_notebooks/06. Feature_Importance.ipynb
[I 2022-04-05 10:38:19.076 ServerApp] Saving file at /jupyter_notebooks/06. Feature_Importance.ipynb
[I 2022-04-05 10:42:07.354 ServerApp] Saving file at /jupyter_notebooks/06. Feature_Importance.ipynb
[I 2022-04-05 10:49:02.188 ServerApp] Saving file at /jupyter_notebooks/06. Feature_Importance.ipynb
[I 2022-04-05 10:55:17.147 ServerApp] Saving file at /jupyter_notebooks/06. Feature_Importance.ipynb
[I 2022-04-05 11:01:35.103 ServerApp] Saving file at /jupyter_notebooks/06. Feature_Importance.ipynb
[I 2022-04-05 11:02:11.280 ServerApp] Saving file at /jupyter_notebooks/06. Feature_Importance.ipynb
[I 2022-04-05 11:08:22.818 ServerApp] Saving file at /jupyter_notebooks/06. Feature_Importance.ipynb
[I 2022-04-05 11:14:54.748 ServerApp] Saving file at /jupyter_notebooks/06. Feature_Importance.ipynb
[I 2022-04-05 11:17:11.285 ServerApp] Saving file at /jupyter_notebooks/07.Reverse_learning.ipynb
[I 2022-04-05 11:17:15.177 ServerApp] Saving file at /jupyter_notebooks/07.Reverse_learning.ipynb
[I 2022-04-05 11:20:38.697 ServerApp] Saving file at /jupyter_notebooks/06. Feature_Importance.ipynb
[I 2022-04-05 11:21:49.080 ServerApp] Saving file at /jupyter_notebooks/06. Feature_Importance.ipynb
