[I 2022-05-05 12:55:45.805 ServerApp] jupyterlab | extension was successfully linked.
[I 2022-05-05 12:55:45.828 ServerApp] nbclassic | extension was successfully linked.
[I 2022-05-05 12:55:48.433 ServerApp] notebook_shim | extension was successfully linked.
[I 2022-05-05 12:55:48.568 ServerApp] notebook_shim | extension was successfully loaded.
[I 2022-05-05 12:55:48.570 LabApp] JupyterLab extension loaded from /home/k/kimpson/bin/conda/envs/GPU/lib/python3.7/site-packages/jupyterlab
[I 2022-05-05 12:55:48.570 LabApp] JupyterLab application directory is /home/k/kimpson/bin/conda/envs/GPU/share/jupyter/lab
[I 2022-05-05 12:55:48.590 ServerApp] jupyterlab | extension was successfully loaded.
[I 2022-05-05 12:55:48.652 ServerApp] nbclassic | extension was successfully loaded.
[I 2022-05-05 12:55:48.653 ServerApp] Serving notebooks from local directory: /network/aopp/chaos/pred/kimpson/ML4L
[I 2022-05-05 12:55:48.653 ServerApp] Jupyter Server 1.13.5 is running at:
[I 2022-05-05 12:55:48.653 ServerApp] http://localhost:9180/lab
[I 2022-05-05 12:55:48.653 ServerApp]  or http://127.0.0.1:9180/lab
[I 2022-05-05 12:55:48.653 ServerApp] Use Control-C to stop this server and shut down all kernels (twice to skip confirmation).
[I 2022-05-05 12:59:01.644 ServerApp] 302 GET / (::1) 1.27ms
[I 2022-05-05 12:59:01.660 LabApp] 302 GET /lab? (::1) 3.46ms
[I 2022-05-05 12:59:05.171 ServerApp] 302 POST /login?next=%2Flab%3F (::1) 3.22ms
[W 2022-05-05 12:59:14.438 LabApp] Could not determine jupyterlab build status without nodejs
[I 2022-05-05 12:59:18.875 ServerApp] Kernel started: 96357581-60aa-4c43-a8d6-8d13e7ccf06c
[I 2022-05-05 12:59:53.590 ServerApp] Creating new notebook in /reproducible_workflow/scripts/dev
[I 2022-05-05 12:59:54.247 ServerApp] Kernel started: 75ed887d-5bc0-4f14-bee3-796d71515726
[IPKernelApp] ERROR | No such comm target registered: jupyter.widget.control
[IPKernelApp] WARNING | No such comm: 15da6468-a1e5-45a4-b5e8-311b97418e7e
[I 2022-05-05 13:01:54.075 ServerApp] Saving file at /reproducible_workflow/scripts/dev/Untitled.ipynb
2022-05-05 13:06:09.282489: W tensorflow/stream_executor/platform/default/dso_loader.cc:64] Could not load dynamic library 'libcuda.so.1'; dlerror: libcuda.so.1: cannot open shared object file: No such file or directory
2022-05-05 13:06:09.282551: W tensorflow/stream_executor/cuda/cuda_driver.cc:269] failed call to cuInit: UNKNOWN ERROR (303)
2022-05-05 13:06:09.282607: I tensorflow/stream_executor/cuda/cuda_diagnostics.cc:156] kernel driver does not appear to be running on this host (atmlxint3.atm.ox.ac.uk): /proc/driver/nvidia/version does not exist
2022-05-05 13:06:09.294327: I tensorflow/core/platform/cpu_feature_guard.cc:151] This TensorFlow binary is optimized with oneAPI Deep Neural Network Library (oneDNN) to use the following CPU instructions in performance-critical operations:  SSE4.1 SSE4.2 AVX FMA
To enable them in other operations, rebuild TensorFlow with the appropriate compiler flags.
[I 2022-05-05 13:07:54.362 ServerApp] Saving file at /reproducible_workflow/scripts/dev/Untitled.ipynb
[I 2022-05-05 13:09:54.459 ServerApp] Saving file at /reproducible_workflow/scripts/dev/Untitled.ipynb
[I 2022-05-05 13:11:54.550 ServerApp] Saving file at /reproducible_workflow/scripts/dev/Untitled.ipynb
[I 2022-05-05 13:13:54.998 ServerApp] Saving file at /reproducible_workflow/scripts/dev/Untitled.ipynb
[I 2022-05-05 13:18:54.748 ServerApp] Starting buffering for 75ed887d-5bc0-4f14-bee3-796d71515726:87cdc702-6f22-4d4a-952f-272b032b5171
[I 2022-05-05 13:18:54.749 ServerApp] Starting buffering for 96357581-60aa-4c43-a8d6-8d13e7ccf06c:01b8072e-1e27-45f9-84b1-7828d999453a
