opened x data OK
/network/group/aopp/predict/TIP016_PAXTON_RPSPEEDY/ML4L/e4ftl01.cr.usgs.gov/MOLT/MOD11C3.006/2017.01.01/MOD11C3.A2017001.006.2017032204847.hdf
Counter =  0
/network/group/aopp/predict/TIP016_PAXTON_RPSPEEDY/ML4L/e4ftl01.cr.usgs.gov/MOLT/MOD11C3.006/2017.02.01/MOD11C3.A2017032.006.2017062155051.hdf
Counter =  1
/network/group/aopp/predict/TIP016_PAXTON_RPSPEEDY/ML4L/e4ftl01.cr.usgs.gov/MOLT/MOD11C3.006/2011.01.01/MOD11C3.A2011001.006.2016053231853.hdf
Counter =  2
/network/group/aopp/predict/TIP016_PAXTON_RPSPEEDY/ML4L/e4ftl01.cr.usgs.gov/MOLT/MOD11C3.006/2011.02.01/MOD11C3.A2011032.006.2016053232552.hdf
Counter =  3
/network/group/aopp/predict/TIP016_PAXTON_RPSPEEDY/ML4L/e4ftl01.cr.usgs.gov/MOLT/MOD11C3.006/2011.03.01/MOD11C3.A2011060.006.2016053233141.hdf
Counter =  4
/network/group/aopp/predict/TIP016_PAXTON_RPSPEEDY/ML4L/e4ftl01.cr.usgs.gov/MOLT/MOD11C3.006/2011.04.01/MOD11C3.A2011091.006.2016055034833.hdf
Counter =  5
/network/group/aopp/predict/TIP016_PAXTON_RPSPEEDY/ML4L/e4ftl01.cr.usgs.gov/MOLT/MOD11C3.006/2011.05.01/MOD11C3.A2011121.006.2016077043850.hdf
Counter =  6
/network/group/aopp/predict/TIP016_PAXTON_RPSPEEDY/ML4L/e4ftl01.cr.usgs.gov/MOLT/MOD11C3.006/2011.06.01/MOD11C3.A2011152.006.2016077043841.hdf
Counter =  7
/network/group/aopp/predict/TIP016_PAXTON_RPSPEEDY/ML4L/e4ftl01.cr.usgs.gov/MOLT/MOD11C3.006/2011.07.01/MOD11C3.A2011182.006.2016077044003.hdf
Counter =  8
/network/group/aopp/predict/TIP016_PAXTON_RPSPEEDY/ML4L/e4ftl01.cr.usgs.gov/MOLT/MOD11C3.006/2011.08.01/MOD11C3.A2011213.006.2016077043853.hdf
Counter =  9
/network/group/aopp/predict/TIP016_PAXTON_RPSPEEDY/ML4L/e4ftl01.cr.usgs.gov/MOLT/MOD11C3.006/2011.09.01/MOD11C3.A2011244.006.2016077043853.hdf
Counter =  10
/network/group/aopp/predict/TIP016_PAXTON_RPSPEEDY/ML4L/e4ftl01.cr.usgs.gov/MOLT/MOD11C3.006/2011.10.01/MOD11C3.A2011274.006.2021214154245.hdf
Counter =  11
/network/group/aopp/predict/TIP016_PAXTON_RPSPEEDY/ML4L/e4ftl01.cr.usgs.gov/MOLT/MOD11C3.006/2011.11.01/MOD11C3.A2011305.006.2016083042644.hdf
Counter =  12
/network/group/aopp/predict/TIP016_PAXTON_RPSPEEDY/ML4L/e4ftl01.cr.usgs.gov/MOLT/MOD11C3.006/2011.12.01/MOD11C3.A2011335.006.2016083053717.hdf
Counter =  13
/network/group/aopp/predict/TIP016_PAXTON_RPSPEEDY/ML4L/e4ftl01.cr.usgs.gov/MOLT/MOD11C3.006/2012.01.01/MOD11C3.A2012001.006.2016104190154.hdf
Counter =  14
/network/group/aopp/predict/TIP016_PAXTON_RPSPEEDY/ML4L/e4ftl01.cr.usgs.gov/MOLT/MOD11C3.006/2012.02.01/MOD11C3.A2012032.006.2016105152522.hdf
Counter =  15
/network/group/aopp/predict/TIP016_PAXTON_RPSPEEDY/ML4L/e4ftl01.cr.usgs.gov/MOLT/MOD11C3.006/2012.03.01/MOD11C3.A2012061.006.2016107052016.hdf
Counter =  16
/network/group/aopp/predict/TIP016_PAXTON_RPSPEEDY/ML4L/e4ftl01.cr.usgs.gov/MOLT/MOD11C3.006/2012.04.01/MOD11C3.A2012092.006.2016127182625.hdf
Counter =  17
/network/group/aopp/predict/TIP016_PAXTON_RPSPEEDY/ML4L/e4ftl01.cr.usgs.gov/MOLT/MOD11C3.006/2012.05.01/MOD11C3.A2012122.006.2016127181622.hdf
Counter =  18
/network/group/aopp/predict/TIP016_PAXTON_RPSPEEDY/ML4L/e4ftl01.cr.usgs.gov/MOLT/MOD11C3.006/2012.06.01/MOD11C3.A2012153.006.2016127181639.hdf
Counter =  19
/network/group/aopp/predict/TIP016_PAXTON_RPSPEEDY/ML4L/e4ftl01.cr.usgs.gov/MOLT/MOD11C3.006/2012.07.01/MOD11C3.A2012183.006.2016131164636.hdf
Counter =  20
/network/group/aopp/predict/TIP016_PAXTON_RPSPEEDY/ML4L/e4ftl01.cr.usgs.gov/MOLT/MOD11C3.006/2012.08.01/MOD11C3.A2012214.006.2016131164637.hdf
Counter =  21
/network/group/aopp/predict/TIP016_PAXTON_RPSPEEDY/ML4L/e4ftl01.cr.usgs.gov/MOLT/MOD11C3.006/2012.09.01/MOD11C3.A2012245.006.2016131164644.hdf
Counter =  22
/network/group/aopp/predict/TIP016_PAXTON_RPSPEEDY/ML4L/e4ftl01.cr.usgs.gov/MOLT/MOD11C3.006/2012.10.01/MOD11C3.A2012275.006.2016135201732.hdf
Counter =  23
/network/group/aopp/predict/TIP016_PAXTON_RPSPEEDY/ML4L/e4ftl01.cr.usgs.gov/MOLT/MOD11C3.006/2012.11.01/MOD11C3.A2012306.006.2016135203526.hdf
Counter =  24
/network/group/aopp/predict/TIP016_PAXTON_RPSPEEDY/ML4L/e4ftl01.cr.usgs.gov/MOLT/MOD11C3.006/2012.12.01/MOD11C3.A2012336.006.2016141171948.hdf
Counter =  25
/network/group/aopp/predict/TIP016_PAXTON_RPSPEEDY/ML4L/e4ftl01.cr.usgs.gov/MOLT/MOD11C3.006/2013.01.01/MOD11C3.A2013001.006.2016156075046.hdf
Counter =  26
/network/group/aopp/predict/TIP016_PAXTON_RPSPEEDY/ML4L/e4ftl01.cr.usgs.gov/MOLT/MOD11C3.006/2013.02.01/MOD11C3.A2013032.006.2016156075039.hdf
Counter =  27
/network/group/aopp/predict/TIP016_PAXTON_RPSPEEDY/ML4L/e4ftl01.cr.usgs.gov/MOLT/MOD11C3.006/2013.03.01/MOD11C3.A2013060.006.2016156075058.hdf
Counter =  28
/network/group/aopp/predict/TIP016_PAXTON_RPSPEEDY/ML4L/e4ftl01.cr.usgs.gov/MOLT/MOD11C3.006/2013.04.01/MOD11C3.A2013091.006.2016157005759.hdf
Counter =  29
/network/group/aopp/predict/TIP016_PAXTON_RPSPEEDY/ML4L/e4ftl01.cr.usgs.gov/MOLT/MOD11C3.006/2013.05.01/MOD11C3.A2013121.006.2016161003505.hdf
Counter =  30
/network/group/aopp/predict/TIP016_PAXTON_RPSPEEDY/ML4L/e4ftl01.cr.usgs.gov/MOLT/MOD11C3.006/2013.06.01/MOD11C3.A2013152.006.2016162061523.hdf
Counter =  31
/network/group/aopp/predict/TIP016_PAXTON_RPSPEEDY/ML4L/e4ftl01.cr.usgs.gov/MOLT/MOD11C3.006/2013.07.01/MOD11C3.A2013182.006.2016166234606.hdf
Counter =  32
/network/group/aopp/predict/TIP016_PAXTON_RPSPEEDY/ML4L/e4ftl01.cr.usgs.gov/MOLT/MOD11C3.006/2013.08.01/MOD11C3.A2013213.006.2016166234557.hdf
Counter =  33
/network/group/aopp/predict/TIP016_PAXTON_RPSPEEDY/ML4L/e4ftl01.cr.usgs.gov/MOLT/MOD11C3.006/2013.09.01/MOD11C3.A2013244.006.2016170001630.hdf
Counter =  34
/network/group/aopp/predict/TIP016_PAXTON_RPSPEEDY/ML4L/e4ftl01.cr.usgs.gov/MOLT/MOD11C3.006/2013.10.01/MOD11C3.A2013274.006.2016173163728.hdf
Counter =  35
/network/group/aopp/predict/TIP016_PAXTON_RPSPEEDY/ML4L/e4ftl01.cr.usgs.gov/MOLT/MOD11C3.006/2013.11.01/MOD11C3.A2013305.006.2016175045738.hdf
Counter =  36
/network/group/aopp/predict/TIP016_PAXTON_RPSPEEDY/ML4L/e4ftl01.cr.usgs.gov/MOLT/MOD11C3.006/2013.12.01/MOD11C3.A2013335.006.2016198014908.hdf
Counter =  37
/network/group/aopp/predict/TIP016_PAXTON_RPSPEEDY/ML4L/e4ftl01.cr.usgs.gov/MOLT/MOD11C3.006/2014.01.01/MOD11C3.A2014001.006.2016198015922.hdf
Counter =  38
/network/group/aopp/predict/TIP016_PAXTON_RPSPEEDY/ML4L/e4ftl01.cr.usgs.gov/MOLT/MOD11C3.006/2014.02.01/MOD11C3.A2014032.006.2016198015912.hdf
Counter =  39
/network/group/aopp/predict/TIP016_PAXTON_RPSPEEDY/ML4L/e4ftl01.cr.usgs.gov/MOLT/MOD11C3.006/2014.03.01/MOD11C3.A2014060.006.2016201175112.hdf
Counter =  40
/network/group/aopp/predict/TIP016_PAXTON_RPSPEEDY/ML4L/e4ftl01.cr.usgs.gov/MOLT/MOD11C3.006/2014.04.01/MOD11C3.A2014091.006.2016203043447.hdf
Counter =  41
/network/group/aopp/predict/TIP016_PAXTON_RPSPEEDY/ML4L/e4ftl01.cr.usgs.gov/MOLT/MOD11C3.006/2014.05.01/MOD11C3.A2014121.006.2016204075046.hdf
Counter =  42
/network/group/aopp/predict/TIP016_PAXTON_RPSPEEDY/ML4L/e4ftl01.cr.usgs.gov/MOLT/MOD11C3.006/2014.06.01/MOD11C3.A2014152.006.2016210010556.hdf
Counter =  43
/network/group/aopp/predict/TIP016_PAXTON_RPSPEEDY/ML4L/e4ftl01.cr.usgs.gov/MOLT/MOD11C3.006/2014.07.01/MOD11C3.A2014182.006.2016210010600.hdf
Counter =  44
/network/group/aopp/predict/TIP016_PAXTON_RPSPEEDY/ML4L/e4ftl01.cr.usgs.gov/MOLT/MOD11C3.006/2014.08.01/MOD11C3.A2014213.006.2016210010611.hdf
Counter =  45
/network/group/aopp/predict/TIP016_PAXTON_RPSPEEDY/ML4L/e4ftl01.cr.usgs.gov/MOLT/MOD11C3.006/2014.09.01/MOD11C3.A2014244.006.2016210011609.hdf
Counter =  46
/network/group/aopp/predict/TIP016_PAXTON_RPSPEEDY/ML4L/e4ftl01.cr.usgs.gov/MOLT/MOD11C3.006/2014.10.01/MOD11C3.A2014274.006.2016210130514.hdf
Counter =  47
/network/group/aopp/predict/TIP016_PAXTON_RPSPEEDY/ML4L/e4ftl01.cr.usgs.gov/MOLT/MOD11C3.006/2014.11.01/MOD11C3.A2014305.006.2016211185741.hdf
Counter =  48
/network/group/aopp/predict/TIP016_PAXTON_RPSPEEDY/ML4L/e4ftl01.cr.usgs.gov/MOLT/MOD11C3.006/2014.12.01/MOD11C3.A2014335.006.2016223165244.hdf
Counter =  49
/network/group/aopp/predict/TIP016_PAXTON_RPSPEEDY/ML4L/e4ftl01.cr.usgs.gov/MOLT/MOD11C3.006/2015.01.01/MOD11C3.A2015001.006.2016223171404.hdf
Counter =  50
/network/group/aopp/predict/TIP016_PAXTON_RPSPEEDY/ML4L/e4ftl01.cr.usgs.gov/MOLT/MOD11C3.006/2015.02.01/MOD11C3.A2015032.006.2016223171450.hdf
Counter =  51
/network/group/aopp/predict/TIP016_PAXTON_RPSPEEDY/ML4L/e4ftl01.cr.usgs.gov/MOLT/MOD11C3.006/2015.03.01/MOD11C3.A2015060.006.2016223171408.hdf
Counter =  52
/network/group/aopp/predict/TIP016_PAXTON_RPSPEEDY/ML4L/e4ftl01.cr.usgs.gov/MOLT/MOD11C3.006/2015.04.01/MOD11C3.A2015091.006.2016223171359.hdf
Counter =  53
/network/group/aopp/predict/TIP016_PAXTON_RPSPEEDY/ML4L/e4ftl01.cr.usgs.gov/MOLT/MOD11C3.006/2015.05.01/MOD11C3.A2015121.006.2016223171406.hdf
Counter =  54
/network/group/aopp/predict/TIP016_PAXTON_RPSPEEDY/ML4L/e4ftl01.cr.usgs.gov/MOLT/MOD11C3.006/2015.06.01/MOD11C3.A2015152.006.2016223171353.hdf
Counter =  55
/network/group/aopp/predict/TIP016_PAXTON_RPSPEEDY/ML4L/e4ftl01.cr.usgs.gov/MOLT/MOD11C3.006/2015.07.01/MOD11C3.A2015182.006.2016224093218.hdf
Counter =  56
/network/group/aopp/predict/TIP016_PAXTON_RPSPEEDY/ML4L/e4ftl01.cr.usgs.gov/MOLT/MOD11C3.006/2015.08.01/MOD11C3.A2015213.006.2016227013226.hdf
Counter =  57
/network/group/aopp/predict/TIP016_PAXTON_RPSPEEDY/ML4L/e4ftl01.cr.usgs.gov/MOLT/MOD11C3.006/2015.09.01/MOD11C3.A2015244.006.2016228040328.hdf
Counter =  58
/network/group/aopp/predict/TIP016_PAXTON_RPSPEEDY/ML4L/e4ftl01.cr.usgs.gov/MOLT/MOD11C3.006/2015.10.01/MOD11C3.A2015274.006.2016229085916.hdf
Counter =  59
/network/group/aopp/predict/TIP016_PAXTON_RPSPEEDY/ML4L/e4ftl01.cr.usgs.gov/MOLT/MOD11C3.006/2015.11.01/MOD11C3.A2015305.006.2016230145029.hdf
Counter =  60
/network/group/aopp/predict/TIP016_PAXTON_RPSPEEDY/ML4L/e4ftl01.cr.usgs.gov/MOLT/MOD11C3.006/2015.12.01/MOD11C3.A2015335.006.2016234032021.hdf
Counter =  61
/network/group/aopp/predict/TIP016_PAXTON_RPSPEEDY/ML4L/e4ftl01.cr.usgs.gov/MOLT/MOD11C3.006/2016.01.01/MOD11C3.A2016001.006.2016234032549.hdf
Counter =  62
/network/group/aopp/predict/TIP016_PAXTON_RPSPEEDY/ML4L/e4ftl01.cr.usgs.gov/MOLT/MOD11C3.006/2016.02.01/MOD11C3.A2016032.006.2016235185442.hdf
Counter =  63
/network/group/aopp/predict/TIP016_PAXTON_RPSPEEDY/ML4L/e4ftl01.cr.usgs.gov/MOLT/MOD11C3.006/2016.03.01/MOD11C3.A2016061.006.2016242201416.hdf
Counter =  64
/network/group/aopp/predict/TIP016_PAXTON_RPSPEEDY/ML4L/e4ftl01.cr.usgs.gov/MOLT/MOD11C3.006/2016.04.01/MOD11C3.A2016092.006.2016242201829.hdf
Counter =  65
/network/group/aopp/predict/TIP016_PAXTON_RPSPEEDY/ML4L/e4ftl01.cr.usgs.gov/MOLT/MOD11C3.006/2016.05.01/MOD11C3.A2016122.006.2016242202235.hdf
Counter =  66
/network/group/aopp/predict/TIP016_PAXTON_RPSPEEDY/ML4L/e4ftl01.cr.usgs.gov/MOLT/MOD11C3.006/2016.06.01/MOD11C3.A2016153.006.2016242203102.hdf
Counter =  67
/network/group/aopp/predict/TIP016_PAXTON_RPSPEEDY/ML4L/e4ftl01.cr.usgs.gov/MOLT/MOD11C3.006/2016.07.01/MOD11C3.A2016183.006.2016243201931.hdf
Counter =  68
/network/group/aopp/predict/TIP016_PAXTON_RPSPEEDY/ML4L/e4ftl01.cr.usgs.gov/MOLT/MOD11C3.006/2016.08.01/MOD11C3.A2016214.006.2016286174519.hdf
Counter =  69
/network/group/aopp/predict/TIP016_PAXTON_RPSPEEDY/ML4L/e4ftl01.cr.usgs.gov/MOLT/MOD11C3.006/2016.09.01/MOD11C3.A2016245.006.2016275092314.hdf
Counter =  70
/network/group/aopp/predict/TIP016_PAXTON_RPSPEEDY/ML4L/e4ftl01.cr.usgs.gov/MOLT/MOD11C3.006/2016.10.01/MOD11C3.A2016275.006.2016306101141.hdf
Counter =  71
/network/group/aopp/predict/TIP016_PAXTON_RPSPEEDY/ML4L/e4ftl01.cr.usgs.gov/MOLT/MOD11C3.006/2016.11.01/MOD11C3.A2016306.006.2016340145445.hdf
Counter =  72
/network/group/aopp/predict/TIP016_PAXTON_RPSPEEDY/ML4L/e4ftl01.cr.usgs.gov/MOLT/MOD11C3.006/2016.12.01/MOD11C3.A2016336.006.2017003134141.hdf
Counter =  73
/network/group/aopp/predict/TIP016_PAXTON_RPSPEEDY/ML4L/e4ftl01.cr.usgs.gov/MOLT/MOD11C3.006/2017.03.01/MOD11C3.A2017060.006.2017092184027.hdf
Counter =  74
/network/group/aopp/predict/TIP016_PAXTON_RPSPEEDY/ML4L/e4ftl01.cr.usgs.gov/MOLT/MOD11C3.006/2017.04.01/MOD11C3.A2017091.006.2017128142739.hdf
Counter =  75
/network/group/aopp/predict/TIP016_PAXTON_RPSPEEDY/ML4L/e4ftl01.cr.usgs.gov/MOLT/MOD11C3.006/2017.05.01/MOD11C3.A2017121.006.2017162222451.hdf
Counter =  76
/network/group/aopp/predict/TIP016_PAXTON_RPSPEEDY/ML4L/e4ftl01.cr.usgs.gov/MOLT/MOD11C3.006/2017.06.01/MOD11C3.A2017152.006.2017187193442.hdf
Counter =  77
/network/group/aopp/predict/TIP016_PAXTON_RPSPEEDY/ML4L/e4ftl01.cr.usgs.gov/MOLT/MOD11C3.006/2017.07.01/MOD11C3.A2017182.006.2017213085355.hdf
Counter =  78
/network/group/aopp/predict/TIP016_PAXTON_RPSPEEDY/ML4L/e4ftl01.cr.usgs.gov/MOLT/MOD11C3.006/2017.08.01/MOD11C3.A2017213.006.2017249231323.hdf
Counter =  79
/network/group/aopp/predict/TIP016_PAXTON_RPSPEEDY/ML4L/e4ftl01.cr.usgs.gov/MOLT/MOD11C3.006/2017.09.01/MOD11C3.A2017244.006.2017275195152.hdf
Counter =  80
/network/group/aopp/predict/TIP016_PAXTON_RPSPEEDY/ML4L/e4ftl01.cr.usgs.gov/MOLT/MOD11C3.006/2017.10.01/MOD11C3.A2017274.006.2017305192434.hdf
Counter =  81
/network/group/aopp/predict/TIP016_PAXTON_RPSPEEDY/ML4L/e4ftl01.cr.usgs.gov/MOLT/MOD11C3.006/2017.11.01/MOD11C3.A2017305.006.2017335083953.hdf
Counter =  82
/network/group/aopp/predict/TIP016_PAXTON_RPSPEEDY/ML4L/e4ftl01.cr.usgs.gov/MOLT/MOD11C3.006/2017.12.01/MOD11C3.A2017335.006.2018003155403.hdf
Counter =  83
/network/group/aopp/predict/TIP016_PAXTON_RPSPEEDY/ML4L/e4ftl01.cr.usgs.gov/MOLT/MOD11C3.006/2018.01.01/MOD11C3.A2018001.006.2018032091151.hdf
Counter =  84
/network/group/aopp/predict/TIP016_PAXTON_RPSPEEDY/ML4L/e4ftl01.cr.usgs.gov/MOLT/MOD11C3.006/2018.02.01/MOD11C3.A2018032.006.2018060085728.hdf
Counter =  85
/network/group/aopp/predict/TIP016_PAXTON_RPSPEEDY/ML4L/e4ftl01.cr.usgs.gov/MOLT/MOD11C3.006/2018.03.01/MOD11C3.A2018060.006.2018093182920.hdf
Counter =  86
/network/group/aopp/predict/TIP016_PAXTON_RPSPEEDY/ML4L/e4ftl01.cr.usgs.gov/MOLT/MOD11C3.006/2018.04.01/MOD11C3.A2018091.006.2018121150952.hdf
Counter =  87
/network/group/aopp/predict/TIP016_PAXTON_RPSPEEDY/ML4L/e4ftl01.cr.usgs.gov/MOLT/MOD11C3.006/2018.05.01/MOD11C3.A2018121.006.2018153093002.hdf
Counter =  88
/network/group/aopp/predict/TIP016_PAXTON_RPSPEEDY/ML4L/e4ftl01.cr.usgs.gov/MOLT/MOD11C3.006/2018.06.01/MOD11C3.A2018152.006.2018182091649.hdf
Counter =  89
/network/group/aopp/predict/TIP016_PAXTON_RPSPEEDY/ML4L/e4ftl01.cr.usgs.gov/MOLT/MOD11C3.006/2018.07.01/MOD11C3.A2018182.006.2018213093743.hdf
Counter =  90
/network/group/aopp/predict/TIP016_PAXTON_RPSPEEDY/ML4L/e4ftl01.cr.usgs.gov/MOLT/MOD11C3.006/2018.08.01/MOD11C3.A2018213.006.2018247183632.hdf
Counter =  91
/network/group/aopp/predict/TIP016_PAXTON_RPSPEEDY/ML4L/e4ftl01.cr.usgs.gov/MOLT/MOD11C3.006/2018.09.01/MOD11C3.A2018244.006.2018278151628.hdf
Counter =  92
/network/group/aopp/predict/TIP016_PAXTON_RPSPEEDY/ML4L/e4ftl01.cr.usgs.gov/MOLT/MOD11C3.006/2018.10.01/MOD11C3.A2018274.006.2018313170053.hdf
Counter =  93
/network/group/aopp/predict/TIP016_PAXTON_RPSPEEDY/ML4L/e4ftl01.cr.usgs.gov/MOLT/MOD11C3.006/2018.11.01/MOD11C3.A2018305.006.2018335100941.hdf
Counter =  94
/network/group/aopp/predict/TIP016_PAXTON_RPSPEEDY/ML4L/e4ftl01.cr.usgs.gov/MOLT/MOD11C3.006/2018.12.01/MOD11C3.A2018335.006.2019032183326.hdf
Counter =  95
/network/group/aopp/predict/TIP016_PAXTON_RPSPEEDY/ML4L/e4ftl01.cr.usgs.gov/MOLT/MOD11C3.006/2019.01.01/MOD11C3.A2019001.006.2019038152143.hdf
Counter =  96
/network/group/aopp/predict/TIP016_PAXTON_RPSPEEDY/ML4L/e4ftl01.cr.usgs.gov/MOLT/MOD11C3.006/2019.02.01/MOD11C3.A2019032.006.2019082041423.hdf
Counter =  97
/network/group/aopp/predict/TIP016_PAXTON_RPSPEEDY/ML4L/e4ftl01.cr.usgs.gov/MOLT/MOD11C3.006/2019.03.01/MOD11C3.A2019060.006.2019091090500.hdf
Counter =  98
/network/group/aopp/predict/TIP016_PAXTON_RPSPEEDY/ML4L/e4ftl01.cr.usgs.gov/MOLT/MOD11C3.006/2019.04.01/MOD11C3.A2019091.006.2019121091211.hdf
Counter =  99
/network/group/aopp/predict/TIP016_PAXTON_RPSPEEDY/ML4L/e4ftl01.cr.usgs.gov/MOLT/MOD11C3.006/2019.05.01/MOD11C3.A2019121.006.2019152083229.hdf
Counter =  100
/network/group/aopp/predict/TIP016_PAXTON_RPSPEEDY/ML4L/e4ftl01.cr.usgs.gov/MOLT/MOD11C3.006/2019.06.01/MOD11C3.A2019152.006.2019184070427.hdf
Counter =  101
/network/group/aopp/predict/TIP016_PAXTON_RPSPEEDY/ML4L/e4ftl01.cr.usgs.gov/MOLT/MOD11C3.006/2019.07.01/MOD11C3.A2019182.006.2019213085210.hdf
Counter =  102
/network/group/aopp/predict/TIP016_PAXTON_RPSPEEDY/ML4L/e4ftl01.cr.usgs.gov/MOLT/MOD11C3.006/2019.08.01/MOD11C3.A2019213.006.2019248213841.hdf
Counter =  103
/network/group/aopp/predict/TIP016_PAXTON_RPSPEEDY/ML4L/e4ftl01.cr.usgs.gov/MOLT/MOD11C3.006/2019.09.01/MOD11C3.A2019244.006.2019275220210.hdf
Counter =  104
/network/group/aopp/predict/TIP016_PAXTON_RPSPEEDY/ML4L/e4ftl01.cr.usgs.gov/MOLT/MOD11C3.006/2019.10.01/MOD11C3.A2019274.006.2019305093058.hdf
Counter =  105
/network/group/aopp/predict/TIP016_PAXTON_RPSPEEDY/ML4L/e4ftl01.cr.usgs.gov/MOLT/MOD11C3.006/2019.11.01/MOD11C3.A2019305.006.2019335090127.hdf
Counter =  106
/network/group/aopp/predict/TIP016_PAXTON_RPSPEEDY/ML4L/e4ftl01.cr.usgs.gov/MOLT/MOD11C3.006/2019.12.01/MOD11C3.A2019335.006.2020003002230.hdf
Counter =  107
2904.59user 535.10system 1:00:16elapsed 95%CPU (0avgtext+0avgdata 22066556maxresident)k
14549528inputs+40outputs (0major+124453563minor)pagefaults 0swaps
