aquaDay_2018-01-02_0H_70L_10T.pkl
aquaDay_2018-01-02_1H_70L_10T.pkl
aquaDay_2018-01-02_2H_70L_10T.pkl
aquaDay_2018-01-02_3H_70L_10T.pkl
aquaDay_2018-01-02_4H_70L_10T.pkl
aquaDay_2018-01-02_5H_70L_10T.pkl
aquaDay_2018-01-02_6H_70L_10T.pkl
aquaDay_2018-01-02_7H_70L_10T.pkl
aquaDay_2018-01-02_8H_70L_10T.pkl
aquaDay_2018-01-02_9H_70L_10T.pkl
aquaDay_2018-01-02_10H_70L_10T.pkl
aquaDay_2018-01-02_11H_70L_10T.pkl
aquaDay_2018-01-02_12H_70L_10T.pkl
aquaDay_2018-01-02_13H_70L_10T.pkl
aquaDay_2018-01-02_14H_70L_10T.pkl
aquaDay_2018-01-02_15H_70L_10T.pkl
aquaDay_2018-01-02_16H_70L_10T.pkl
aquaDay_2018-01-02_17H_70L_10T.pkl
aquaDay_2018-01-02_18H_70L_10T.pkl
aquaDay_2018-01-02_19H_70L_10T.pkl
aquaDay_2018-01-02_20H_70L_10T.pkl
aquaDay_2018-01-02_21H_70L_10T.pkl
aquaDay_2018-01-02_22H_70L_10T.pkl
aquaDay_2018-01-02_23H_70L_10T.pkl
aquaDay_2018-01-03_0H_70L_10T.pkl
aquaDay_2018-01-03_1H_70L_10T.pkl
aquaDay_2018-01-03_2H_70L_10T.pkl
aquaDay_2018-01-03_3H_70L_10T.pkl
aquaDay_2018-01-03_4H_70L_10T.pkl
aquaDay_2018-01-03_5H_70L_10T.pkl
aquaDay_2018-01-03_6H_70L_10T.pkl
aquaDay_2018-01-03_7H_70L_10T.pkl
aquaDay_2018-01-03_8H_70L_10T.pkl
aquaDay_2018-01-03_9H_70L_10T.pkl
aquaDay_2018-01-03_10H_70L_10T.pkl
aquaDay_2018-01-03_11H_70L_10T.pkl
aquaDay_2018-01-03_12H_70L_10T.pkl
aquaDay_2018-01-03_13H_70L_10T.pkl
aquaDay_2018-01-03_14H_70L_10T.pkl
aquaDay_2018-01-03_15H_70L_10T.pkl
aquaDay_2018-01-03_16H_70L_10T.pkl
aquaDay_2018-01-03_17H_70L_10T.pkl
aquaDay_2018-01-03_18H_70L_10T.pkl
aquaDay_2018-01-03_19H_70L_10T.pkl
aquaDay_2018-01-03_20H_70L_10T.pkl
aquaDay_2018-01-03_21H_70L_10T.pkl
aquaDay_2018-01-03_22H_70L_10T.pkl
aquaDay_2018-01-03_23H_70L_10T.pkl
aquaDay_2018-01-04_0H_70L_10T.pkl
aquaDay_2018-01-04_1H_70L_10T.pkl
aquaDay_2018-01-04_2H_70L_10T.pkl
aquaDay_2018-01-04_3H_70L_10T.pkl
aquaDay_2018-01-04_4H_70L_10T.pkl
aquaDay_2018-01-04_5H_70L_10T.pkl
aquaDay_2018-01-04_6H_70L_10T.pkl
aquaDay_2018-01-04_7H_70L_10T.pkl
aquaDay_2018-01-04_8H_70L_10T.pkl
aquaDay_2018-01-04_9H_70L_10T.pkl
aquaDay_2018-01-04_10H_70L_10T.pkl
aquaDay_2018-01-04_11H_70L_10T.pkl
aquaDay_2018-01-04_12H_70L_10T.pkl
aquaDay_2018-01-04_13H_70L_10T.pkl
aquaDay_2018-01-04_14H_70L_10T.pkl
aquaDay_2018-01-04_15H_70L_10T.pkl
aquaDay_2018-01-04_16H_70L_10T.pkl
aquaDay_2018-01-04_17H_70L_10T.pkl
aquaDay_2018-01-04_18H_70L_10T.pkl
aquaDay_2018-01-04_19H_70L_10T.pkl
aquaDay_2018-01-04_20H_70L_10T.pkl
aquaDay_2018-01-04_21H_70L_10T.pkl
aquaDay_2018-01-04_22H_70L_10T.pkl
aquaDay_2018-01-04_23H_70L_10T.pkl
aquaDay_2018-01-05_0H_70L_10T.pkl
aquaDay_2018-01-05_1H_70L_10T.pkl
aquaDay_2018-01-05_2H_70L_10T.pkl
aquaDay_2018-01-05_3H_70L_10T.pkl
aquaDay_2018-01-05_4H_70L_10T.pkl
aquaDay_2018-01-05_5H_70L_10T.pkl
aquaDay_2018-01-05_6H_70L_10T.pkl
aquaDay_2018-01-05_7H_70L_10T.pkl
aquaDay_2018-01-05_8H_70L_10T.pkl
aquaDay_2018-01-05_9H_70L_10T.pkl
aquaDay_2018-01-05_10H_70L_10T.pkl
aquaDay_2018-01-05_11H_70L_10T.pkl
aquaDay_2018-01-05_12H_70L_10T.pkl
aquaDay_2018-01-05_13H_70L_10T.pkl
aquaDay_2018-01-05_14H_70L_10T.pkl
aquaDay_2018-01-05_15H_70L_10T.pkl
aquaDay_2018-01-05_16H_70L_10T.pkl
aquaDay_2018-01-05_17H_70L_10T.pkl
aquaDay_2018-01-05_18H_70L_10T.pkl
aquaDay_2018-01-05_19H_70L_10T.pkl
aquaDay_2018-01-05_20H_70L_10T.pkl
aquaDay_2018-01-05_21H_70L_10T.pkl
aquaDay_2018-01-05_22H_70L_10T.pkl
aquaDay_2018-01-05_23H_70L_10T.pkl
aquaDay_2018-01-06_0H_70L_10T.pkl
aquaDay_2018-01-06_1H_70L_10T.pkl
aquaDay_2018-01-06_2H_70L_10T.pkl
aquaDay_2018-01-06_3H_70L_10T.pkl
aquaDay_2018-01-06_4H_70L_10T.pkl
aquaDay_2018-01-06_5H_70L_10T.pkl
aquaDay_2018-01-06_6H_70L_10T.pkl
aquaDay_2018-01-06_7H_70L_10T.pkl
aquaDay_2018-01-06_8H_70L_10T.pkl
aquaDay_2018-01-06_9H_70L_10T.pkl
aquaDay_2018-01-06_10H_70L_10T.pkl
aquaDay_2018-01-06_11H_70L_10T.pkl
aquaDay_2018-01-06_12H_70L_10T.pkl
aquaDay_2018-01-06_13H_70L_10T.pkl
aquaDay_2018-01-06_14H_70L_10T.pkl
aquaDay_2018-01-06_15H_70L_10T.pkl
aquaDay_2018-01-06_16H_70L_10T.pkl
aquaDay_2018-01-06_17H_70L_10T.pkl
aquaDay_2018-01-06_18H_70L_10T.pkl
aquaDay_2018-01-06_19H_70L_10T.pkl
aquaDay_2018-01-06_20H_70L_10T.pkl
aquaDay_2018-01-06_21H_70L_10T.pkl
aquaDay_2018-01-06_22H_70L_10T.pkl
aquaDay_2018-01-06_23H_70L_10T.pkl
aquaDay_2018-01-07_0H_70L_10T.pkl
aquaDay_2018-01-07_1H_70L_10T.pkl
aquaDay_2018-01-07_2H_70L_10T.pkl
aquaDay_2018-01-07_3H_70L_10T.pkl
aquaDay_2018-01-07_4H_70L_10T.pkl
aquaDay_2018-01-07_5H_70L_10T.pkl
aquaDay_2018-01-07_6H_70L_10T.pkl
aquaDay_2018-01-07_7H_70L_10T.pkl
aquaDay_2018-01-07_8H_70L_10T.pkl
aquaDay_2018-01-07_9H_70L_10T.pkl
aquaDay_2018-01-07_10H_70L_10T.pkl
aquaDay_2018-01-07_11H_70L_10T.pkl
aquaDay_2018-01-07_12H_70L_10T.pkl
aquaDay_2018-01-07_13H_70L_10T.pkl
aquaDay_2018-01-07_14H_70L_10T.pkl
aquaDay_2018-01-07_15H_70L_10T.pkl
aquaDay_2018-01-07_16H_70L_10T.pkl
aquaDay_2018-01-07_17H_70L_10T.pkl
aquaDay_2018-01-07_18H_70L_10T.pkl
aquaDay_2018-01-07_19H_70L_10T.pkl
aquaDay_2018-01-07_20H_70L_10T.pkl
aquaDay_2018-01-07_21H_70L_10T.pkl
aquaDay_2018-01-07_22H_70L_10T.pkl
aquaDay_2018-01-07_23H_70L_10T.pkl
aquaDay_2018-01-08_0H_70L_10T.pkl
aquaDay_2018-01-08_1H_70L_10T.pkl
aquaDay_2018-01-08_2H_70L_10T.pkl
aquaDay_2018-01-08_3H_70L_10T.pkl
aquaDay_2018-01-08_4H_70L_10T.pkl
aquaDay_2018-01-08_5H_70L_10T.pkl
aquaDay_2018-01-08_6H_70L_10T.pkl
aquaDay_2018-01-08_7H_70L_10T.pkl
aquaDay_2018-01-08_8H_70L_10T.pkl
aquaDay_2018-01-08_9H_70L_10T.pkl
aquaDay_2018-01-08_10H_70L_10T.pkl
aquaDay_2018-01-08_11H_70L_10T.pkl
aquaDay_2018-01-08_12H_70L_10T.pkl
aquaDay_2018-01-08_13H_70L_10T.pkl
aquaDay_2018-01-08_14H_70L_10T.pkl
aquaDay_2018-01-08_15H_70L_10T.pkl
aquaDay_2018-01-08_16H_70L_10T.pkl
aquaDay_2018-01-08_17H_70L_10T.pkl
aquaDay_2018-01-08_18H_70L_10T.pkl
aquaDay_2018-01-08_19H_70L_10T.pkl
aquaDay_2018-01-08_20H_70L_10T.pkl
aquaDay_2018-01-08_21H_70L_10T.pkl
aquaDay_2018-01-08_22H_70L_10T.pkl
aquaDay_2018-01-08_23H_70L_10T.pkl
aquaDay_2018-01-09_0H_70L_10T.pkl
aquaDay_2018-01-09_1H_70L_10T.pkl
aquaDay_2018-01-09_2H_70L_10T.pkl
aquaDay_2018-01-09_3H_70L_10T.pkl
aquaDay_2018-01-09_4H_70L_10T.pkl
aquaDay_2018-01-09_5H_70L_10T.pkl
aquaDay_2018-01-09_6H_70L_10T.pkl
aquaDay_2018-01-09_7H_70L_10T.pkl
aquaDay_2018-01-09_8H_70L_10T.pkl
aquaDay_2018-01-09_9H_70L_10T.pkl
aquaDay_2018-01-09_10H_70L_10T.pkl
aquaDay_2018-01-09_11H_70L_10T.pkl
aquaDay_2018-01-09_12H_70L_10T.pkl
aquaDay_2018-01-09_13H_70L_10T.pkl
aquaDay_2018-01-09_14H_70L_10T.pkl
aquaDay_2018-01-09_15H_70L_10T.pkl
aquaDay_2018-01-09_16H_70L_10T.pkl
aquaDay_2018-01-09_17H_70L_10T.pkl
aquaDay_2018-01-09_18H_70L_10T.pkl
aquaDay_2018-01-09_19H_70L_10T.pkl
aquaDay_2018-01-09_20H_70L_10T.pkl
aquaDay_2018-01-09_21H_70L_10T.pkl
aquaDay_2018-01-09_22H_70L_10T.pkl
aquaDay_2018-01-09_23H_70L_10T.pkl
aquaDay_2018-01-10_0H_70L_10T.pkl
aquaDay_2018-01-10_1H_70L_10T.pkl
aquaDay_2018-01-10_2H_70L_10T.pkl
aquaDay_2018-01-10_3H_70L_10T.pkl
aquaDay_2018-01-10_4H_70L_10T.pkl
aquaDay_2018-01-10_5H_70L_10T.pkl
aquaDay_2018-01-10_6H_70L_10T.pkl
aquaDay_2018-01-10_7H_70L_10T.pkl
aquaDay_2018-01-10_8H_70L_10T.pkl
aquaDay_2018-01-10_9H_70L_10T.pkl
aquaDay_2018-01-10_10H_70L_10T.pkl
aquaDay_2018-01-10_11H_70L_10T.pkl
aquaDay_2018-01-10_12H_70L_10T.pkl
aquaDay_2018-01-10_13H_70L_10T.pkl
aquaDay_2018-01-10_14H_70L_10T.pkl
aquaDay_2018-01-10_15H_70L_10T.pkl
aquaDay_2018-01-10_16H_70L_10T.pkl
aquaDay_2018-01-10_17H_70L_10T.pkl
aquaDay_2018-01-10_18H_70L_10T.pkl
aquaDay_2018-01-10_19H_70L_10T.pkl
aquaDay_2018-01-10_20H_70L_10T.pkl
aquaDay_2018-01-10_21H_70L_10T.pkl
aquaDay_2018-01-10_22H_70L_10T.pkl
aquaDay_2018-01-10_23H_70L_10T.pkl
aquaDay_2018-01-11_0H_70L_10T.pkl
aquaDay_2018-01-11_1H_70L_10T.pkl
aquaDay_2018-01-11_2H_70L_10T.pkl
aquaDay_2018-01-11_3H_70L_10T.pkl
aquaDay_2018-01-11_4H_70L_10T.pkl
aquaDay_2018-01-11_5H_70L_10T.pkl
aquaDay_2018-01-11_6H_70L_10T.pkl
aquaDay_2018-01-11_7H_70L_10T.pkl
aquaDay_2018-01-11_8H_70L_10T.pkl
aquaDay_2018-01-11_9H_70L_10T.pkl
aquaDay_2018-01-11_10H_70L_10T.pkl
aquaDay_2018-01-11_11H_70L_10T.pkl
aquaDay_2018-01-11_12H_70L_10T.pkl
aquaDay_2018-01-11_13H_70L_10T.pkl
aquaDay_2018-01-11_14H_70L_10T.pkl
aquaDay_2018-01-11_15H_70L_10T.pkl
aquaDay_2018-01-11_16H_70L_10T.pkl
aquaDay_2018-01-11_17H_70L_10T.pkl
aquaDay_2018-01-11_18H_70L_10T.pkl
aquaDay_2018-01-11_19H_70L_10T.pkl
aquaDay_2018-01-11_20H_70L_10T.pkl
aquaDay_2018-01-11_21H_70L_10T.pkl
aquaDay_2018-01-11_22H_70L_10T.pkl
aquaDay_2018-01-11_23H_70L_10T.pkl
aquaDay_2018-01-12_0H_70L_10T.pkl
aquaDay_2018-01-12_1H_70L_10T.pkl
aquaDay_2018-01-12_2H_70L_10T.pkl
aquaDay_2018-01-12_3H_70L_10T.pkl
aquaDay_2018-01-12_4H_70L_10T.pkl
aquaDay_2018-01-12_5H_70L_10T.pkl
aquaDay_2018-01-12_6H_70L_10T.pkl
aquaDay_2018-01-12_7H_70L_10T.pkl
aquaDay_2018-01-12_8H_70L_10T.pkl
aquaDay_2018-01-12_9H_70L_10T.pkl
aquaDay_2018-01-12_10H_70L_10T.pkl
aquaDay_2018-01-12_11H_70L_10T.pkl
aquaDay_2018-01-12_12H_70L_10T.pkl
aquaDay_2018-01-12_13H_70L_10T.pkl
aquaDay_2018-01-12_14H_70L_10T.pkl
aquaDay_2018-01-12_15H_70L_10T.pkl
aquaDay_2018-01-12_16H_70L_10T.pkl
aquaDay_2018-01-12_17H_70L_10T.pkl
aquaDay_2018-01-12_18H_70L_10T.pkl
aquaDay_2018-01-12_19H_70L_10T.pkl
aquaDay_2018-01-12_20H_70L_10T.pkl
aquaDay_2018-01-12_21H_70L_10T.pkl
aquaDay_2018-01-12_22H_70L_10T.pkl
aquaDay_2018-01-12_23H_70L_10T.pkl
aquaDay_2018-01-13_0H_70L_10T.pkl
aquaDay_2018-01-13_1H_70L_10T.pkl
aquaDay_2018-01-13_2H_70L_10T.pkl
aquaDay_2018-01-13_3H_70L_10T.pkl
aquaDay_2018-01-13_4H_70L_10T.pkl
aquaDay_2018-01-13_5H_70L_10T.pkl
aquaDay_2018-01-13_6H_70L_10T.pkl
aquaDay_2018-01-13_7H_70L_10T.pkl
aquaDay_2018-01-13_8H_70L_10T.pkl
aquaDay_2018-01-13_9H_70L_10T.pkl
aquaDay_2018-01-13_10H_70L_10T.pkl
aquaDay_2018-01-13_11H_70L_10T.pkl
aquaDay_2018-01-13_12H_70L_10T.pkl
aquaDay_2018-01-13_13H_70L_10T.pkl
aquaDay_2018-01-13_14H_70L_10T.pkl
aquaDay_2018-01-13_15H_70L_10T.pkl
aquaDay_2018-01-13_16H_70L_10T.pkl
aquaDay_2018-01-13_17H_70L_10T.pkl
aquaDay_2018-01-13_18H_70L_10T.pkl
aquaDay_2018-01-13_19H_70L_10T.pkl
aquaDay_2018-01-13_20H_70L_10T.pkl
aquaDay_2018-01-13_21H_70L_10T.pkl
aquaDay_2018-01-13_22H_70L_10T.pkl
aquaDay_2018-01-13_23H_70L_10T.pkl
aquaDay_2018-01-14_0H_70L_10T.pkl
aquaDay_2018-01-14_1H_70L_10T.pkl
aquaDay_2018-01-14_2H_70L_10T.pkl
aquaDay_2018-01-14_3H_70L_10T.pkl
aquaDay_2018-01-14_4H_70L_10T.pkl
aquaDay_2018-01-14_5H_70L_10T.pkl
aquaDay_2018-01-14_6H_70L_10T.pkl
aquaDay_2018-01-14_7H_70L_10T.pkl
aquaDay_2018-01-14_8H_70L_10T.pkl
aquaDay_2018-01-14_9H_70L_10T.pkl
aquaDay_2018-01-14_10H_70L_10T.pkl
aquaDay_2018-01-14_11H_70L_10T.pkl
aquaDay_2018-01-14_12H_70L_10T.pkl
aquaDay_2018-01-14_13H_70L_10T.pkl
aquaDay_2018-01-14_14H_70L_10T.pkl
aquaDay_2018-01-14_15H_70L_10T.pkl
aquaDay_2018-01-14_16H_70L_10T.pkl
aquaDay_2018-01-14_17H_70L_10T.pkl
aquaDay_2018-01-14_18H_70L_10T.pkl
aquaDay_2018-01-14_19H_70L_10T.pkl
aquaDay_2018-01-14_20H_70L_10T.pkl
aquaDay_2018-01-14_21H_70L_10T.pkl
aquaDay_2018-01-14_22H_70L_10T.pkl
aquaDay_2018-01-14_23H_70L_10T.pkl
aquaDay_2018-01-15_0H_70L_10T.pkl
aquaDay_2018-01-15_1H_70L_10T.pkl
aquaDay_2018-01-15_2H_70L_10T.pkl
aquaDay_2018-01-15_3H_70L_10T.pkl
aquaDay_2018-01-15_4H_70L_10T.pkl
aquaDay_2018-01-15_5H_70L_10T.pkl
aquaDay_2018-01-15_6H_70L_10T.pkl
aquaDay_2018-01-15_7H_70L_10T.pkl
aquaDay_2018-01-15_8H_70L_10T.pkl
aquaDay_2018-01-15_9H_70L_10T.pkl
aquaDay_2018-01-15_10H_70L_10T.pkl
aquaDay_2018-01-15_11H_70L_10T.pkl
aquaDay_2018-01-15_12H_70L_10T.pkl
aquaDay_2018-01-15_13H_70L_10T.pkl
aquaDay_2018-01-15_14H_70L_10T.pkl
aquaDay_2018-01-15_15H_70L_10T.pkl
aquaDay_2018-01-15_16H_70L_10T.pkl
aquaDay_2018-01-15_17H_70L_10T.pkl
aquaDay_2018-01-15_18H_70L_10T.pkl
aquaDay_2018-01-15_19H_70L_10T.pkl
aquaDay_2018-01-15_20H_70L_10T.pkl
aquaDay_2018-01-15_21H_70L_10T.pkl
aquaDay_2018-01-15_22H_70L_10T.pkl
aquaDay_2018-01-15_23H_70L_10T.pkl
aquaDay_2018-01-16_0H_70L_10T.pkl
aquaDay_2018-01-16_1H_70L_10T.pkl
aquaDay_2018-01-16_2H_70L_10T.pkl
aquaDay_2018-01-16_3H_70L_10T.pkl
aquaDay_2018-01-16_4H_70L_10T.pkl
aquaDay_2018-01-16_5H_70L_10T.pkl
aquaDay_2018-01-16_6H_70L_10T.pkl
aquaDay_2018-01-16_7H_70L_10T.pkl
aquaDay_2018-01-16_8H_70L_10T.pkl
aquaDay_2018-01-16_9H_70L_10T.pkl
aquaDay_2018-01-16_10H_70L_10T.pkl
aquaDay_2018-01-16_11H_70L_10T.pkl
aquaDay_2018-01-16_12H_70L_10T.pkl
aquaDay_2018-01-16_13H_70L_10T.pkl
aquaDay_2018-01-16_14H_70L_10T.pkl
aquaDay_2018-01-16_15H_70L_10T.pkl
aquaDay_2018-01-16_16H_70L_10T.pkl
aquaDay_2018-01-16_17H_70L_10T.pkl
aquaDay_2018-01-16_18H_70L_10T.pkl
aquaDay_2018-01-16_19H_70L_10T.pkl
aquaDay_2018-01-16_20H_70L_10T.pkl
aquaDay_2018-01-16_21H_70L_10T.pkl
aquaDay_2018-01-16_22H_70L_10T.pkl
aquaDay_2018-01-16_23H_70L_10T.pkl
aquaDay_2018-01-17_0H_70L_10T.pkl
aquaDay_2018-01-17_1H_70L_10T.pkl
aquaDay_2018-01-17_2H_70L_10T.pkl
aquaDay_2018-01-17_3H_70L_10T.pkl
aquaDay_2018-01-17_4H_70L_10T.pkl
aquaDay_2018-01-17_5H_70L_10T.pkl
aquaDay_2018-01-17_6H_70L_10T.pkl
aquaDay_2018-01-17_7H_70L_10T.pkl
aquaDay_2018-01-17_8H_70L_10T.pkl
aquaDay_2018-01-17_9H_70L_10T.pkl
aquaDay_2018-01-17_10H_70L_10T.pkl
aquaDay_2018-01-17_11H_70L_10T.pkl
aquaDay_2018-01-17_12H_70L_10T.pkl
aquaDay_2018-01-17_13H_70L_10T.pkl
aquaDay_2018-01-17_14H_70L_10T.pkl
aquaDay_2018-01-17_15H_70L_10T.pkl
aquaDay_2018-01-17_16H_70L_10T.pkl
aquaDay_2018-01-17_17H_70L_10T.pkl
aquaDay_2018-01-17_18H_70L_10T.pkl
aquaDay_2018-01-17_19H_70L_10T.pkl
aquaDay_2018-01-17_20H_70L_10T.pkl
aquaDay_2018-01-17_21H_70L_10T.pkl
aquaDay_2018-01-17_22H_70L_10T.pkl
aquaDay_2018-01-17_23H_70L_10T.pkl
aquaDay_2018-01-18_0H_70L_10T.pkl
aquaDay_2018-01-18_1H_70L_10T.pkl
aquaDay_2018-01-18_2H_70L_10T.pkl
aquaDay_2018-01-18_3H_70L_10T.pkl
aquaDay_2018-01-18_4H_70L_10T.pkl
aquaDay_2018-01-18_5H_70L_10T.pkl
aquaDay_2018-01-18_6H_70L_10T.pkl
aquaDay_2018-01-18_7H_70L_10T.pkl
aquaDay_2018-01-18_8H_70L_10T.pkl
aquaDay_2018-01-18_9H_70L_10T.pkl
aquaDay_2018-01-18_10H_70L_10T.pkl
aquaDay_2018-01-18_11H_70L_10T.pkl
aquaDay_2018-01-18_12H_70L_10T.pkl
aquaDay_2018-01-18_13H_70L_10T.pkl
aquaDay_2018-01-18_14H_70L_10T.pkl
aquaDay_2018-01-18_15H_70L_10T.pkl
aquaDay_2018-01-18_16H_70L_10T.pkl
aquaDay_2018-01-18_17H_70L_10T.pkl
aquaDay_2018-01-18_18H_70L_10T.pkl
aquaDay_2018-01-18_19H_70L_10T.pkl
aquaDay_2018-01-18_20H_70L_10T.pkl
aquaDay_2018-01-18_21H_70L_10T.pkl
aquaDay_2018-01-18_22H_70L_10T.pkl
aquaDay_2018-01-18_23H_70L_10T.pkl
aquaDay_2018-01-19_0H_70L_10T.pkl
aquaDay_2018-01-19_1H_70L_10T.pkl
aquaDay_2018-01-19_2H_70L_10T.pkl
aquaDay_2018-01-19_3H_70L_10T.pkl
aquaDay_2018-01-19_4H_70L_10T.pkl
aquaDay_2018-01-19_5H_70L_10T.pkl
aquaDay_2018-01-19_6H_70L_10T.pkl
aquaDay_2018-01-19_7H_70L_10T.pkl
aquaDay_2018-01-19_8H_70L_10T.pkl
aquaDay_2018-01-19_9H_70L_10T.pkl
aquaDay_2018-01-19_10H_70L_10T.pkl
aquaDay_2018-01-19_11H_70L_10T.pkl
aquaDay_2018-01-19_12H_70L_10T.pkl
aquaDay_2018-01-19_13H_70L_10T.pkl
aquaDay_2018-01-19_14H_70L_10T.pkl
aquaDay_2018-01-19_15H_70L_10T.pkl
aquaDay_2018-01-19_16H_70L_10T.pkl
aquaDay_2018-01-19_17H_70L_10T.pkl
aquaDay_2018-01-19_18H_70L_10T.pkl
aquaDay_2018-01-19_19H_70L_10T.pkl
aquaDay_2018-01-19_20H_70L_10T.pkl
aquaDay_2018-01-19_21H_70L_10T.pkl
aquaDay_2018-01-19_22H_70L_10T.pkl
aquaDay_2018-01-19_23H_70L_10T.pkl
aquaDay_2018-01-20_0H_70L_10T.pkl
aquaDay_2018-01-20_1H_70L_10T.pkl
aquaDay_2018-01-20_2H_70L_10T.pkl
aquaDay_2018-01-20_3H_70L_10T.pkl
aquaDay_2018-01-20_4H_70L_10T.pkl
aquaDay_2018-01-20_5H_70L_10T.pkl
aquaDay_2018-01-20_6H_70L_10T.pkl
aquaDay_2018-01-20_7H_70L_10T.pkl
aquaDay_2018-01-20_8H_70L_10T.pkl
aquaDay_2018-01-20_9H_70L_10T.pkl
aquaDay_2018-01-20_10H_70L_10T.pkl
aquaDay_2018-01-20_11H_70L_10T.pkl
aquaDay_2018-01-20_12H_70L_10T.pkl
aquaDay_2018-01-20_13H_70L_10T.pkl
aquaDay_2018-01-20_14H_70L_10T.pkl
aquaDay_2018-01-20_15H_70L_10T.pkl
aquaDay_2018-01-20_16H_70L_10T.pkl
aquaDay_2018-01-20_17H_70L_10T.pkl
aquaDay_2018-01-20_18H_70L_10T.pkl
aquaDay_2018-01-20_19H_70L_10T.pkl
aquaDay_2018-01-20_20H_70L_10T.pkl
aquaDay_2018-01-20_21H_70L_10T.pkl
aquaDay_2018-01-20_22H_70L_10T.pkl
aquaDay_2018-01-20_23H_70L_10T.pkl
aquaDay_2018-01-21_0H_70L_10T.pkl
aquaDay_2018-01-21_1H_70L_10T.pkl
aquaDay_2018-01-21_2H_70L_10T.pkl
aquaDay_2018-01-21_3H_70L_10T.pkl
aquaDay_2018-01-21_4H_70L_10T.pkl
aquaDay_2018-01-21_5H_70L_10T.pkl
aquaDay_2018-01-21_6H_70L_10T.pkl
aquaDay_2018-01-21_7H_70L_10T.pkl
aquaDay_2018-01-21_8H_70L_10T.pkl
aquaDay_2018-01-21_9H_70L_10T.pkl
aquaDay_2018-01-21_10H_70L_10T.pkl
aquaDay_2018-01-21_11H_70L_10T.pkl
aquaDay_2018-01-21_12H_70L_10T.pkl
aquaDay_2018-01-21_13H_70L_10T.pkl
aquaDay_2018-01-21_14H_70L_10T.pkl
aquaDay_2018-01-21_15H_70L_10T.pkl
aquaDay_2018-01-21_16H_70L_10T.pkl
aquaDay_2018-01-21_17H_70L_10T.pkl
aquaDay_2018-01-21_18H_70L_10T.pkl
aquaDay_2018-01-21_19H_70L_10T.pkl
aquaDay_2018-01-21_20H_70L_10T.pkl
aquaDay_2018-01-21_21H_70L_10T.pkl
aquaDay_2018-01-21_22H_70L_10T.pkl
aquaDay_2018-01-21_23H_70L_10T.pkl
aquaDay_2018-01-22_0H_70L_10T.pkl
aquaDay_2018-01-22_1H_70L_10T.pkl
aquaDay_2018-01-22_2H_70L_10T.pkl
aquaDay_2018-01-22_3H_70L_10T.pkl
aquaDay_2018-01-22_4H_70L_10T.pkl
aquaDay_2018-01-22_5H_70L_10T.pkl
aquaDay_2018-01-22_6H_70L_10T.pkl
aquaDay_2018-01-22_7H_70L_10T.pkl
aquaDay_2018-01-22_8H_70L_10T.pkl
aquaDay_2018-01-22_9H_70L_10T.pkl
aquaDay_2018-01-22_10H_70L_10T.pkl
aquaDay_2018-01-22_11H_70L_10T.pkl
aquaDay_2018-01-22_12H_70L_10T.pkl
aquaDay_2018-01-22_13H_70L_10T.pkl
aquaDay_2018-01-22_14H_70L_10T.pkl
aquaDay_2018-01-22_15H_70L_10T.pkl
aquaDay_2018-01-22_16H_70L_10T.pkl
aquaDay_2018-01-22_17H_70L_10T.pkl
aquaDay_2018-01-22_18H_70L_10T.pkl
aquaDay_2018-01-22_19H_70L_10T.pkl
aquaDay_2018-01-22_20H_70L_10T.pkl
aquaDay_2018-01-22_21H_70L_10T.pkl
aquaDay_2018-01-22_22H_70L_10T.pkl
aquaDay_2018-01-22_23H_70L_10T.pkl
aquaDay_2018-01-23_0H_70L_10T.pkl
aquaDay_2018-01-23_1H_70L_10T.pkl
aquaDay_2018-01-23_2H_70L_10T.pkl
aquaDay_2018-01-23_3H_70L_10T.pkl
aquaDay_2018-01-23_4H_70L_10T.pkl
aquaDay_2018-01-23_5H_70L_10T.pkl
aquaDay_2018-01-23_6H_70L_10T.pkl
aquaDay_2018-01-23_7H_70L_10T.pkl
aquaDay_2018-01-23_8H_70L_10T.pkl
aquaDay_2018-01-23_9H_70L_10T.pkl
aquaDay_2018-01-23_10H_70L_10T.pkl
aquaDay_2018-01-23_11H_70L_10T.pkl
aquaDay_2018-01-23_12H_70L_10T.pkl
aquaDay_2018-01-23_13H_70L_10T.pkl
aquaDay_2018-01-23_14H_70L_10T.pkl
aquaDay_2018-01-23_15H_70L_10T.pkl
aquaDay_2018-01-23_16H_70L_10T.pkl
aquaDay_2018-01-23_17H_70L_10T.pkl
aquaDay_2018-01-23_18H_70L_10T.pkl
aquaDay_2018-01-23_19H_70L_10T.pkl
aquaDay_2018-01-23_20H_70L_10T.pkl
aquaDay_2018-01-23_21H_70L_10T.pkl
aquaDay_2018-01-23_22H_70L_10T.pkl
aquaDay_2018-01-23_23H_70L_10T.pkl
aquaDay_2018-01-24_0H_70L_10T.pkl
aquaDay_2018-01-24_1H_70L_10T.pkl
aquaDay_2018-01-24_2H_70L_10T.pkl
aquaDay_2018-01-24_3H_70L_10T.pkl
aquaDay_2018-01-24_4H_70L_10T.pkl
aquaDay_2018-01-24_5H_70L_10T.pkl
aquaDay_2018-01-24_6H_70L_10T.pkl
aquaDay_2018-01-24_7H_70L_10T.pkl
aquaDay_2018-01-24_8H_70L_10T.pkl
aquaDay_2018-01-24_9H_70L_10T.pkl
aquaDay_2018-01-24_10H_70L_10T.pkl
aquaDay_2018-01-24_11H_70L_10T.pkl
aquaDay_2018-01-24_12H_70L_10T.pkl
aquaDay_2018-01-24_13H_70L_10T.pkl
aquaDay_2018-01-24_14H_70L_10T.pkl
aquaDay_2018-01-24_15H_70L_10T.pkl
aquaDay_2018-01-24_16H_70L_10T.pkl
aquaDay_2018-01-24_17H_70L_10T.pkl
aquaDay_2018-01-24_18H_70L_10T.pkl
aquaDay_2018-01-24_19H_70L_10T.pkl
aquaDay_2018-01-24_20H_70L_10T.pkl
aquaDay_2018-01-24_21H_70L_10T.pkl
aquaDay_2018-01-24_22H_70L_10T.pkl
aquaDay_2018-01-24_23H_70L_10T.pkl
aquaDay_2018-01-25_0H_70L_10T.pkl
aquaDay_2018-01-25_1H_70L_10T.pkl
aquaDay_2018-01-25_2H_70L_10T.pkl
aquaDay_2018-01-25_3H_70L_10T.pkl
aquaDay_2018-01-25_4H_70L_10T.pkl
aquaDay_2018-01-25_5H_70L_10T.pkl
aquaDay_2018-01-25_6H_70L_10T.pkl
aquaDay_2018-01-25_7H_70L_10T.pkl
aquaDay_2018-01-25_8H_70L_10T.pkl
aquaDay_2018-01-25_9H_70L_10T.pkl
aquaDay_2018-01-25_10H_70L_10T.pkl
aquaDay_2018-01-25_11H_70L_10T.pkl
aquaDay_2018-01-25_12H_70L_10T.pkl
aquaDay_2018-01-25_13H_70L_10T.pkl
aquaDay_2018-01-25_14H_70L_10T.pkl
aquaDay_2018-01-25_15H_70L_10T.pkl
aquaDay_2018-01-25_16H_70L_10T.pkl
aquaDay_2018-01-25_17H_70L_10T.pkl
aquaDay_2018-01-25_18H_70L_10T.pkl
aquaDay_2018-01-25_19H_70L_10T.pkl
aquaDay_2018-01-25_20H_70L_10T.pkl
aquaDay_2018-01-25_21H_70L_10T.pkl
aquaDay_2018-01-25_22H_70L_10T.pkl
aquaDay_2018-01-25_23H_70L_10T.pkl
aquaDay_2018-01-26_0H_70L_10T.pkl
aquaDay_2018-01-26_1H_70L_10T.pkl
aquaDay_2018-01-26_2H_70L_10T.pkl
aquaDay_2018-01-26_3H_70L_10T.pkl
aquaDay_2018-01-26_4H_70L_10T.pkl
aquaDay_2018-01-26_5H_70L_10T.pkl
aquaDay_2018-01-26_6H_70L_10T.pkl
aquaDay_2018-01-26_7H_70L_10T.pkl
aquaDay_2018-01-26_8H_70L_10T.pkl
aquaDay_2018-01-26_9H_70L_10T.pkl
aquaDay_2018-01-26_10H_70L_10T.pkl
aquaDay_2018-01-26_11H_70L_10T.pkl
aquaDay_2018-01-26_12H_70L_10T.pkl
aquaDay_2018-01-26_13H_70L_10T.pkl
aquaDay_2018-01-26_14H_70L_10T.pkl
aquaDay_2018-01-26_15H_70L_10T.pkl
aquaDay_2018-01-26_16H_70L_10T.pkl
aquaDay_2018-01-26_17H_70L_10T.pkl
aquaDay_2018-01-26_18H_70L_10T.pkl
aquaDay_2018-01-26_19H_70L_10T.pkl
aquaDay_2018-01-26_20H_70L_10T.pkl
aquaDay_2018-01-26_21H_70L_10T.pkl
aquaDay_2018-01-26_22H_70L_10T.pkl
aquaDay_2018-01-26_23H_70L_10T.pkl
aquaDay_2018-01-27_0H_70L_10T.pkl
aquaDay_2018-01-27_1H_70L_10T.pkl
aquaDay_2018-01-27_2H_70L_10T.pkl
aquaDay_2018-01-27_3H_70L_10T.pkl
aquaDay_2018-01-27_4H_70L_10T.pkl
aquaDay_2018-01-27_5H_70L_10T.pkl
aquaDay_2018-01-27_6H_70L_10T.pkl
aquaDay_2018-01-27_7H_70L_10T.pkl
aquaDay_2018-01-27_8H_70L_10T.pkl
aquaDay_2018-01-27_9H_70L_10T.pkl
aquaDay_2018-01-27_10H_70L_10T.pkl
aquaDay_2018-01-27_11H_70L_10T.pkl
aquaDay_2018-01-27_12H_70L_10T.pkl
aquaDay_2018-01-27_13H_70L_10T.pkl
aquaDay_2018-01-27_14H_70L_10T.pkl
aquaDay_2018-01-27_15H_70L_10T.pkl
aquaDay_2018-01-27_16H_70L_10T.pkl
aquaDay_2018-01-27_17H_70L_10T.pkl
aquaDay_2018-01-27_18H_70L_10T.pkl
aquaDay_2018-01-27_19H_70L_10T.pkl
aquaDay_2018-01-27_20H_70L_10T.pkl
aquaDay_2018-01-27_21H_70L_10T.pkl
aquaDay_2018-01-27_22H_70L_10T.pkl
aquaDay_2018-01-27_23H_70L_10T.pkl
aquaDay_2018-01-28_0H_70L_10T.pkl
aquaDay_2018-01-28_1H_70L_10T.pkl
aquaDay_2018-01-28_2H_70L_10T.pkl
aquaDay_2018-01-28_3H_70L_10T.pkl
aquaDay_2018-01-28_4H_70L_10T.pkl
aquaDay_2018-01-28_5H_70L_10T.pkl
aquaDay_2018-01-28_6H_70L_10T.pkl
aquaDay_2018-01-28_7H_70L_10T.pkl
aquaDay_2018-01-28_8H_70L_10T.pkl
aquaDay_2018-01-28_9H_70L_10T.pkl
aquaDay_2018-01-28_10H_70L_10T.pkl
aquaDay_2018-01-28_11H_70L_10T.pkl
aquaDay_2018-01-28_12H_70L_10T.pkl
aquaDay_2018-01-28_13H_70L_10T.pkl
aquaDay_2018-01-28_14H_70L_10T.pkl
aquaDay_2018-01-28_15H_70L_10T.pkl
aquaDay_2018-01-28_16H_70L_10T.pkl
aquaDay_2018-01-28_17H_70L_10T.pkl
aquaDay_2018-01-28_18H_70L_10T.pkl
aquaDay_2018-01-28_19H_70L_10T.pkl
aquaDay_2018-01-28_20H_70L_10T.pkl
aquaDay_2018-01-28_21H_70L_10T.pkl
aquaDay_2018-01-28_22H_70L_10T.pkl
aquaDay_2018-01-28_23H_70L_10T.pkl
aquaDay_2018-01-29_0H_70L_10T.pkl
aquaDay_2018-01-29_1H_70L_10T.pkl
aquaDay_2018-01-29_2H_70L_10T.pkl
aquaDay_2018-01-29_3H_70L_10T.pkl
aquaDay_2018-01-29_4H_70L_10T.pkl
aquaDay_2018-01-29_5H_70L_10T.pkl
aquaDay_2018-01-29_6H_70L_10T.pkl
aquaDay_2018-01-29_7H_70L_10T.pkl
aquaDay_2018-01-29_8H_70L_10T.pkl
aquaDay_2018-01-29_9H_70L_10T.pkl
aquaDay_2018-01-29_10H_70L_10T.pkl
aquaDay_2018-01-29_11H_70L_10T.pkl
aquaDay_2018-01-29_12H_70L_10T.pkl
aquaDay_2018-01-29_13H_70L_10T.pkl
aquaDay_2018-01-29_14H_70L_10T.pkl
aquaDay_2018-01-29_15H_70L_10T.pkl
aquaDay_2018-01-29_16H_70L_10T.pkl
aquaDay_2018-01-29_17H_70L_10T.pkl
aquaDay_2018-01-29_18H_70L_10T.pkl
aquaDay_2018-01-29_19H_70L_10T.pkl
aquaDay_2018-01-29_20H_70L_10T.pkl
aquaDay_2018-01-29_21H_70L_10T.pkl
aquaDay_2018-01-29_22H_70L_10T.pkl
aquaDay_2018-01-29_23H_70L_10T.pkl
aquaDay_2018-01-30_0H_70L_10T.pkl
aquaDay_2018-01-30_1H_70L_10T.pkl
aquaDay_2018-01-30_2H_70L_10T.pkl
aquaDay_2018-01-30_3H_70L_10T.pkl
aquaDay_2018-01-30_4H_70L_10T.pkl
aquaDay_2018-01-30_5H_70L_10T.pkl
aquaDay_2018-01-30_6H_70L_10T.pkl
aquaDay_2018-01-30_7H_70L_10T.pkl
aquaDay_2018-01-30_8H_70L_10T.pkl
aquaDay_2018-01-30_9H_70L_10T.pkl
aquaDay_2018-01-30_10H_70L_10T.pkl
aquaDay_2018-01-30_11H_70L_10T.pkl
aquaDay_2018-01-30_12H_70L_10T.pkl
aquaDay_2018-01-30_13H_70L_10T.pkl
aquaDay_2018-01-30_14H_70L_10T.pkl
aquaDay_2018-01-30_15H_70L_10T.pkl
aquaDay_2018-01-30_16H_70L_10T.pkl
aquaDay_2018-01-30_17H_70L_10T.pkl
aquaDay_2018-01-30_18H_70L_10T.pkl
aquaDay_2018-01-30_19H_70L_10T.pkl
aquaDay_2018-01-30_20H_70L_10T.pkl
aquaDay_2018-01-30_21H_70L_10T.pkl
aquaDay_2018-01-30_22H_70L_10T.pkl
aquaDay_2018-01-30_23H_70L_10T.pkl
aquaDay_2018-01-31_0H_70L_10T.pkl
aquaDay_2018-01-31_1H_70L_10T.pkl
aquaDay_2018-01-31_2H_70L_10T.pkl
aquaDay_2018-01-31_3H_70L_10T.pkl
aquaDay_2018-01-31_4H_70L_10T.pkl
aquaDay_2018-01-31_5H_70L_10T.pkl
aquaDay_2018-01-31_6H_70L_10T.pkl
aquaDay_2018-01-31_7H_70L_10T.pkl
aquaDay_2018-01-31_8H_70L_10T.pkl
aquaDay_2018-01-31_9H_70L_10T.pkl
aquaDay_2018-01-31_10H_70L_10T.pkl
aquaDay_2018-01-31_11H_70L_10T.pkl
aquaDay_2018-01-31_12H_70L_10T.pkl
aquaDay_2018-01-31_13H_70L_10T.pkl
aquaDay_2018-01-31_14H_70L_10T.pkl
aquaDay_2018-01-31_15H_70L_10T.pkl
aquaDay_2018-01-31_16H_70L_10T.pkl
aquaDay_2018-01-31_17H_70L_10T.pkl
aquaDay_2018-01-31_18H_70L_10T.pkl
aquaDay_2018-01-31_19H_70L_10T.pkl
aquaDay_2018-01-31_20H_70L_10T.pkl
aquaDay_2018-01-31_21H_70L_10T.pkl
aquaDay_2018-01-31_22H_70L_10T.pkl
aquaDay_2018-01-31_23H_70L_10T.pkl
aquaDay_2018-02-01_0H_70L_10T.pkl
aquaDay_2018-02-01_1H_70L_10T.pkl
aquaDay_2018-02-01_2H_70L_10T.pkl
aquaDay_2018-02-01_3H_70L_10T.pkl
aquaDay_2018-02-01_4H_70L_10T.pkl
aquaDay_2018-02-01_5H_70L_10T.pkl
aquaDay_2018-02-01_6H_70L_10T.pkl
aquaDay_2018-02-01_7H_70L_10T.pkl
aquaDay_2018-02-01_8H_70L_10T.pkl
aquaDay_2018-02-01_9H_70L_10T.pkl
aquaDay_2018-02-01_10H_70L_10T.pkl
aquaDay_2018-02-01_11H_70L_10T.pkl
aquaDay_2018-02-01_12H_70L_10T.pkl
aquaDay_2018-02-01_13H_70L_10T.pkl
aquaDay_2018-02-01_14H_70L_10T.pkl
aquaDay_2018-02-01_15H_70L_10T.pkl
Traceback (most recent call last):
  File "process.py", line 292, in <module>
    df = pipeline(d,h,satellite,latitude_bound,ERA_fields,tolerance)
  File "process.py", line 262, in pipeline
    ERA = get_era_data(date, utc_hour, field=ERA_fields,bounds=bounds)
  File "process.py", line 138, in get_era_data
    da_filtered = da.where(longitude_filter & latitude_filter,drop=True)
  File "/home/kimpson/miniconda3/envs/ML/lib/python3.8/site-packages/xarray/core/common.py", line 1286, in where
    return ops.where_method(self, cond, other)
  File "/home/kimpson/miniconda3/envs/ML/lib/python3.8/site-packages/xarray/core/ops.py", line 176, in where_method
    return apply_ufunc(
  File "/home/kimpson/miniconda3/envs/ML/lib/python3.8/site-packages/xarray/core/computation.py", line 1162, in apply_ufunc
    return apply_dataset_vfunc(
  File "/home/kimpson/miniconda3/envs/ML/lib/python3.8/site-packages/xarray/core/computation.py", line 450, in apply_dataset_vfunc
    result_vars = apply_dict_of_variables_vfunc(
  File "/home/kimpson/miniconda3/envs/ML/lib/python3.8/site-packages/xarray/core/computation.py", line 394, in apply_dict_of_variables_vfunc
    result_vars[name] = func(*variable_args)
  File "/home/kimpson/miniconda3/envs/ML/lib/python3.8/site-packages/xarray/core/computation.py", line 648, in apply_variable_ufunc
    input_data = [
  File "/home/kimpson/miniconda3/envs/ML/lib/python3.8/site-packages/xarray/core/computation.py", line 649, in <listcomp>
    broadcast_compat_data(arg, broadcast_dims, core_dims)
  File "/home/kimpson/miniconda3/envs/ML/lib/python3.8/site-packages/xarray/core/computation.py", line 564, in broadcast_compat_data
    data = variable.data
  File "/home/kimpson/miniconda3/envs/ML/lib/python3.8/site-packages/xarray/core/variable.py", line 344, in data
    return self.values
  File "/home/kimpson/miniconda3/envs/ML/lib/python3.8/site-packages/xarray/core/variable.py", line 517, in values
    return _as_array_or_item(self._data)
  File "/home/kimpson/miniconda3/envs/ML/lib/python3.8/site-packages/xarray/core/variable.py", line 259, in _as_array_or_item
    data = np.asarray(data)
  File "/home/kimpson/miniconda3/envs/ML/lib/python3.8/site-packages/numpy/core/_asarray.py", line 83, in asarray
    return array(a, dtype, copy=False, order=order)
  File "/home/kimpson/miniconda3/envs/ML/lib/python3.8/site-packages/xarray/core/indexing.py", line 548, in __array__
    self._ensure_cached()
  File "/home/kimpson/miniconda3/envs/ML/lib/python3.8/site-packages/xarray/core/indexing.py", line 545, in _ensure_cached
    self.array = NumpyIndexingAdapter(np.asarray(self.array))
  File "/home/kimpson/miniconda3/envs/ML/lib/python3.8/site-packages/numpy/core/_asarray.py", line 83, in asarray
    return array(a, dtype, copy=False, order=order)
  File "/home/kimpson/miniconda3/envs/ML/lib/python3.8/site-packages/xarray/core/indexing.py", line 518, in __array__
    return np.asarray(self.array, dtype=dtype)
  File "/home/kimpson/miniconda3/envs/ML/lib/python3.8/site-packages/numpy/core/_asarray.py", line 83, in asarray
    return array(a, dtype, copy=False, order=order)
  File "/home/kimpson/miniconda3/envs/ML/lib/python3.8/site-packages/xarray/core/indexing.py", line 419, in __array__
    return np.asarray(array[self.key], dtype=None)
  File "/home/kimpson/miniconda3/envs/ML/lib/python3.8/site-packages/cfgrib/xarray_plugin.py", line 144, in __getitem__
    return xr.core.indexing.explicit_indexing_adapter(
  File "/home/kimpson/miniconda3/envs/ML/lib/python3.8/site-packages/xarray/core/indexing.py", line 709, in explicit_indexing_adapter
    raw_key, numpy_indices = decompose_indexer(key, shape, indexing_support)
  File "/home/kimpson/miniconda3/envs/ML/lib/python3.8/site-packages/xarray/core/indexing.py", line 723, in decompose_indexer
    return _decompose_outer_indexer(indexer, shape, indexing_support)
  File "/home/kimpson/miniconda3/envs/ML/lib/python3.8/site-packages/xarray/core/indexing.py", line 941, in _decompose_outer_indexer
    backend_indexer.append(slice(np.min(k), np.max(k) + 1))
  File "<__array_function__ internals>", line 5, in amin
  File "/home/kimpson/miniconda3/envs/ML/lib/python3.8/site-packages/numpy/core/fromnumeric.py", line 2830, in amin
    return _wrapreduction(a, np.minimum, 'min', axis, None, out,
  File "/home/kimpson/miniconda3/envs/ML/lib/python3.8/site-packages/numpy/core/fromnumeric.py", line 87, in _wrapreduction
    return ufunc.reduce(obj, axis, dtype, out, **passkwargs)
ValueError: zero-size array to reduction operation minimum which has no identity
