v: v15
/network/group/aopp/predict/TIP016_PAXTON_RPSPEEDY/ML4L/ECMWF_files/raw/processed_data/joined_data/v15/matched_0.pkl
/network/group/aopp/predict/TIP016_PAXTON_RPSPEEDY/ML4L/ECMWF_files/raw/processed_data/joined_data/v15/matched_1.pkl
/network/group/aopp/predict/TIP016_PAXTON_RPSPEEDY/ML4L/ECMWF_files/raw/processed_data/joined_data/v15/matched_2.pkl
/network/group/aopp/predict/TIP016_PAXTON_RPSPEEDY/ML4L/ECMWF_files/raw/processed_data/joined_data/v15/matched_3.pkl
/network/group/aopp/predict/TIP016_PAXTON_RPSPEEDY/ML4L/ECMWF_files/raw/processed_data/joined_data/v15/matched_4.pkl
/network/group/aopp/predict/TIP016_PAXTON_RPSPEEDY/ML4L/ECMWF_files/raw/processed_data/joined_data/v15/matched_5.pkl
/network/group/aopp/predict/TIP016_PAXTON_RPSPEEDY/ML4L/ECMWF_files/raw/processed_data/joined_data/v15/matched_6.pkl
/network/group/aopp/predict/TIP016_PAXTON_RPSPEEDY/ML4L/ECMWF_files/raw/processed_data/joined_data/v15/matched_7.pkl
/network/group/aopp/predict/TIP016_PAXTON_RPSPEEDY/ML4L/ECMWF_files/raw/processed_data/joined_data/v15/matched_8.pkl
/network/group/aopp/predict/TIP016_PAXTON_RPSPEEDY/ML4L/ECMWF_files/raw/processed_data/joined_data/v15/matched_9.pkl
/network/group/aopp/predict/TIP016_PAXTON_RPSPEEDY/ML4L/ECMWF_files/raw/processed_data/joined_data/v15/matched_10.pkl
/network/group/aopp/predict/TIP016_PAXTON_RPSPEEDY/ML4L/ECMWF_files/raw/processed_data/joined_data/v15/matched_11.pkl
/network/group/aopp/predict/TIP016_PAXTON_RPSPEEDY/ML4L/ECMWF_files/raw/processed_data/joined_data/v15/matched_12.pkl
/network/group/aopp/predict/TIP016_PAXTON_RPSPEEDY/ML4L/ECMWF_files/raw/processed_data/joined_data/v15/matched_13.pkl
/network/group/aopp/predict/TIP016_PAXTON_RPSPEEDY/ML4L/ECMWF_files/raw/processed_data/joined_data/v15/matched_14.pkl
/network/group/aopp/predict/TIP016_PAXTON_RPSPEEDY/ML4L/ECMWF_files/raw/processed_data/joined_data/v15/matched_15.pkl
/network/group/aopp/predict/TIP016_PAXTON_RPSPEEDY/ML4L/ECMWF_files/raw/processed_data/joined_data/v15/matched_16.pkl
/network/group/aopp/predict/TIP016_PAXTON_RPSPEEDY/ML4L/ECMWF_files/raw/processed_data/joined_data/v15/matched_17.pkl
/network/group/aopp/predict/TIP016_PAXTON_RPSPEEDY/ML4L/ECMWF_files/raw/processed_data/joined_data/v15/matched_18.pkl
/network/group/aopp/predict/TIP016_PAXTON_RPSPEEDY/ML4L/ECMWF_files/raw/processed_data/joined_data/v15/matched_19.pkl
/network/group/aopp/predict/TIP016_PAXTON_RPSPEEDY/ML4L/ECMWF_files/raw/processed_data/joined_data/v15/matched_20.pkl
/network/group/aopp/predict/TIP016_PAXTON_RPSPEEDY/ML4L/ECMWF_files/raw/processed_data/joined_data/v15/matched_21.pkl
/network/group/aopp/predict/TIP016_PAXTON_RPSPEEDY/ML4L/ECMWF_files/raw/processed_data/joined_data/v15/matched_22.pkl
/network/group/aopp/predict/TIP016_PAXTON_RPSPEEDY/ML4L/ECMWF_files/raw/processed_data/joined_data/v15/matched_23.pkl
/network/group/aopp/predict/TIP016_PAXTON_RPSPEEDY/ML4L/ECMWF_files/raw/processed_data/joined_data/v15/matched_24.pkl
/network/group/aopp/predict/TIP016_PAXTON_RPSPEEDY/ML4L/ECMWF_files/raw/processed_data/joined_data/v15/matched_25.pkl
/network/group/aopp/predict/TIP016_PAXTON_RPSPEEDY/ML4L/ECMWF_files/raw/processed_data/joined_data/v15/matched_26.pkl
/network/group/aopp/predict/TIP016_PAXTON_RPSPEEDY/ML4L/ECMWF_files/raw/processed_data/joined_data/v15/matched_27.pkl
/network/group/aopp/predict/TIP016_PAXTON_RPSPEEDY/ML4L/ECMWF_files/raw/processed_data/joined_data/v15/matched_28.pkl
/network/group/aopp/predict/TIP016_PAXTON_RPSPEEDY/ML4L/ECMWF_files/raw/processed_data/joined_data/v15/matched_29.pkl
/network/group/aopp/predict/TIP016_PAXTON_RPSPEEDY/ML4L/ECMWF_files/raw/processed_data/joined_data/v15/matched_30.pkl
/network/group/aopp/predict/TIP016_PAXTON_RPSPEEDY/ML4L/ECMWF_files/raw/processed_data/joined_data/v15/matched_31.pkl
/network/group/aopp/predict/TIP016_PAXTON_RPSPEEDY/ML4L/ECMWF_files/raw/processed_data/joined_data/v15/matched_32.pkl
/network/group/aopp/predict/TIP016_PAXTON_RPSPEEDY/ML4L/ECMWF_files/raw/processed_data/joined_data/v15/matched_33.pkl
/network/group/aopp/predict/TIP016_PAXTON_RPSPEEDY/ML4L/ECMWF_files/raw/processed_data/joined_data/v15/matched_34.pkl
/network/group/aopp/predict/TIP016_PAXTON_RPSPEEDY/ML4L/ECMWF_files/raw/processed_data/joined_data/v15/matched_35.pkl
Concat
Writing HDF
Traceback (most recent call last):
  File "unify_monthly_matches.py", line 37, in <module>
    df.to_hdf(fout, key='df', mode='w') 
  File "/home/k/kimpson/bin/conda/envs/GPU/lib/python3.7/site-packages/pandas/core/generic.py", line 2718, in to_hdf
    encoding=encoding,
  File "/home/k/kimpson/bin/conda/envs/GPU/lib/python3.7/site-packages/pandas/io/pytables.py", line 312, in to_hdf
    path_or_buf, mode=mode, complevel=complevel, complib=complib
  File "/home/k/kimpson/bin/conda/envs/GPU/lib/python3.7/site-packages/pandas/io/pytables.py", line 572, in __init__
    tables = import_optional_dependency("tables")
  File "/home/k/kimpson/bin/conda/envs/GPU/lib/python3.7/site-packages/pandas/compat/_optional.py", line 118, in import_optional_dependency
    raise ImportError(msg) from None
ImportError: Missing optional dependency 'tables'.  Use pip or conda to install tables.
Command exited with non-zero status 1
5.53user 126.61system 2:46.55elapsed 79%CPU (0avgtext+0avgdata 38270548maxresident)k
38148280inputs+16outputs (45major+12407334minor)pagefaults 0swaps
