v: v15
/network/group/aopp/predict/TIP016_PAXTON_RPSPEEDY/ML4L/ECMWF_files/raw/processed_data/joined_data/v15/matched_0.pkl
/network/group/aopp/predict/TIP016_PAXTON_RPSPEEDY/ML4L/ECMWF_files/raw/processed_data/joined_data/v15/matched_1.pkl
/network/group/aopp/predict/TIP016_PAXTON_RPSPEEDY/ML4L/ECMWF_files/raw/processed_data/joined_data/v15/matched_2.pkl
/network/group/aopp/predict/TIP016_PAXTON_RPSPEEDY/ML4L/ECMWF_files/raw/processed_data/joined_data/v15/matched_3.pkl
/network/group/aopp/predict/TIP016_PAXTON_RPSPEEDY/ML4L/ECMWF_files/raw/processed_data/joined_data/v15/matched_4.pkl
/network/group/aopp/predict/TIP016_PAXTON_RPSPEEDY/ML4L/ECMWF_files/raw/processed_data/joined_data/v15/matched_5.pkl
/network/group/aopp/predict/TIP016_PAXTON_RPSPEEDY/ML4L/ECMWF_files/raw/processed_data/joined_data/v15/matched_6.pkl
/network/group/aopp/predict/TIP016_PAXTON_RPSPEEDY/ML4L/ECMWF_files/raw/processed_data/joined_data/v15/matched_7.pkl
/network/group/aopp/predict/TIP016_PAXTON_RPSPEEDY/ML4L/ECMWF_files/raw/processed_data/joined_data/v15/matched_8.pkl
/network/group/aopp/predict/TIP016_PAXTON_RPSPEEDY/ML4L/ECMWF_files/raw/processed_data/joined_data/v15/matched_9.pkl
/network/group/aopp/predict/TIP016_PAXTON_RPSPEEDY/ML4L/ECMWF_files/raw/processed_data/joined_data/v15/matched_10.pkl
/network/group/aopp/predict/TIP016_PAXTON_RPSPEEDY/ML4L/ECMWF_files/raw/processed_data/joined_data/v15/matched_11.pkl
/network/group/aopp/predict/TIP016_PAXTON_RPSPEEDY/ML4L/ECMWF_files/raw/processed_data/joined_data/v15/matched_12.pkl
/network/group/aopp/predict/TIP016_PAXTON_RPSPEEDY/ML4L/ECMWF_files/raw/processed_data/joined_data/v15/matched_13.pkl
/network/group/aopp/predict/TIP016_PAXTON_RPSPEEDY/ML4L/ECMWF_files/raw/processed_data/joined_data/v15/matched_14.pkl
/network/group/aopp/predict/TIP016_PAXTON_RPSPEEDY/ML4L/ECMWF_files/raw/processed_data/joined_data/v15/matched_15.pkl
/network/group/aopp/predict/TIP016_PAXTON_RPSPEEDY/ML4L/ECMWF_files/raw/processed_data/joined_data/v15/matched_16.pkl
/network/group/aopp/predict/TIP016_PAXTON_RPSPEEDY/ML4L/ECMWF_files/raw/processed_data/joined_data/v15/matched_17.pkl
/network/group/aopp/predict/TIP016_PAXTON_RPSPEEDY/ML4L/ECMWF_files/raw/processed_data/joined_data/v15/matched_18.pkl
/network/group/aopp/predict/TIP016_PAXTON_RPSPEEDY/ML4L/ECMWF_files/raw/processed_data/joined_data/v15/matched_19.pkl
/network/group/aopp/predict/TIP016_PAXTON_RPSPEEDY/ML4L/ECMWF_files/raw/processed_data/joined_data/v15/matched_20.pkl
/network/group/aopp/predict/TIP016_PAXTON_RPSPEEDY/ML4L/ECMWF_files/raw/processed_data/joined_data/v15/matched_21.pkl
/network/group/aopp/predict/TIP016_PAXTON_RPSPEEDY/ML4L/ECMWF_files/raw/processed_data/joined_data/v15/matched_22.pkl
/network/group/aopp/predict/TIP016_PAXTON_RPSPEEDY/ML4L/ECMWF_files/raw/processed_data/joined_data/v15/matched_23.pkl
/network/group/aopp/predict/TIP016_PAXTON_RPSPEEDY/ML4L/ECMWF_files/raw/processed_data/joined_data/v15/matched_24.pkl
/network/group/aopp/predict/TIP016_PAXTON_RPSPEEDY/ML4L/ECMWF_files/raw/processed_data/joined_data/v15/matched_25.pkl
/network/group/aopp/predict/TIP016_PAXTON_RPSPEEDY/ML4L/ECMWF_files/raw/processed_data/joined_data/v15/matched_26.pkl
/network/group/aopp/predict/TIP016_PAXTON_RPSPEEDY/ML4L/ECMWF_files/raw/processed_data/joined_data/v15/matched_27.pkl
/network/group/aopp/predict/TIP016_PAXTON_RPSPEEDY/ML4L/ECMWF_files/raw/processed_data/joined_data/v15/matched_28.pkl
/network/group/aopp/predict/TIP016_PAXTON_RPSPEEDY/ML4L/ECMWF_files/raw/processed_data/joined_data/v15/matched_29.pkl
/network/group/aopp/predict/TIP016_PAXTON_RPSPEEDY/ML4L/ECMWF_files/raw/processed_data/joined_data/v15/matched_30.pkl
/network/group/aopp/predict/TIP016_PAXTON_RPSPEEDY/ML4L/ECMWF_files/raw/processed_data/joined_data/v15/matched_31.pkl
/network/group/aopp/predict/TIP016_PAXTON_RPSPEEDY/ML4L/ECMWF_files/raw/processed_data/joined_data/v15/matched_32.pkl
/network/group/aopp/predict/TIP016_PAXTON_RPSPEEDY/ML4L/ECMWF_files/raw/processed_data/joined_data/v15/matched_33.pkl
/network/group/aopp/predict/TIP016_PAXTON_RPSPEEDY/ML4L/ECMWF_files/raw/processed_data/joined_data/v15/matched_34.pkl
/network/group/aopp/predict/TIP016_PAXTON_RPSPEEDY/ML4L/ECMWF_files/raw/processed_data/joined_data/v15/matched_35.pkl
Concat
Writing HDF
Done
v: v20
/network/group/aopp/predict/TIP016_PAXTON_RPSPEEDY/ML4L/ECMWF_files/raw/processed_data/joined_data/v20/matched_0.pkl
/network/group/aopp/predict/TIP016_PAXTON_RPSPEEDY/ML4L/ECMWF_files/raw/processed_data/joined_data/v20/matched_1.pkl
/network/group/aopp/predict/TIP016_PAXTON_RPSPEEDY/ML4L/ECMWF_files/raw/processed_data/joined_data/v20/matched_2.pkl
/network/group/aopp/predict/TIP016_PAXTON_RPSPEEDY/ML4L/ECMWF_files/raw/processed_data/joined_data/v20/matched_3.pkl
/network/group/aopp/predict/TIP016_PAXTON_RPSPEEDY/ML4L/ECMWF_files/raw/processed_data/joined_data/v20/matched_4.pkl
/network/group/aopp/predict/TIP016_PAXTON_RPSPEEDY/ML4L/ECMWF_files/raw/processed_data/joined_data/v20/matched_5.pkl
/network/group/aopp/predict/TIP016_PAXTON_RPSPEEDY/ML4L/ECMWF_files/raw/processed_data/joined_data/v20/matched_6.pkl
/network/group/aopp/predict/TIP016_PAXTON_RPSPEEDY/ML4L/ECMWF_files/raw/processed_data/joined_data/v20/matched_7.pkl
/network/group/aopp/predict/TIP016_PAXTON_RPSPEEDY/ML4L/ECMWF_files/raw/processed_data/joined_data/v20/matched_8.pkl
/network/group/aopp/predict/TIP016_PAXTON_RPSPEEDY/ML4L/ECMWF_files/raw/processed_data/joined_data/v20/matched_9.pkl
/network/group/aopp/predict/TIP016_PAXTON_RPSPEEDY/ML4L/ECMWF_files/raw/processed_data/joined_data/v20/matched_10.pkl
/network/group/aopp/predict/TIP016_PAXTON_RPSPEEDY/ML4L/ECMWF_files/raw/processed_data/joined_data/v20/matched_11.pkl
/network/group/aopp/predict/TIP016_PAXTON_RPSPEEDY/ML4L/ECMWF_files/raw/processed_data/joined_data/v20/matched_12.pkl
/network/group/aopp/predict/TIP016_PAXTON_RPSPEEDY/ML4L/ECMWF_files/raw/processed_data/joined_data/v20/matched_13.pkl
/network/group/aopp/predict/TIP016_PAXTON_RPSPEEDY/ML4L/ECMWF_files/raw/processed_data/joined_data/v20/matched_14.pkl
/network/group/aopp/predict/TIP016_PAXTON_RPSPEEDY/ML4L/ECMWF_files/raw/processed_data/joined_data/v20/matched_15.pkl
/network/group/aopp/predict/TIP016_PAXTON_RPSPEEDY/ML4L/ECMWF_files/raw/processed_data/joined_data/v20/matched_16.pkl
/network/group/aopp/predict/TIP016_PAXTON_RPSPEEDY/ML4L/ECMWF_files/raw/processed_data/joined_data/v20/matched_17.pkl
/network/group/aopp/predict/TIP016_PAXTON_RPSPEEDY/ML4L/ECMWF_files/raw/processed_data/joined_data/v20/matched_18.pkl
/network/group/aopp/predict/TIP016_PAXTON_RPSPEEDY/ML4L/ECMWF_files/raw/processed_data/joined_data/v20/matched_19.pkl
/network/group/aopp/predict/TIP016_PAXTON_RPSPEEDY/ML4L/ECMWF_files/raw/processed_data/joined_data/v20/matched_20.pkl
/network/group/aopp/predict/TIP016_PAXTON_RPSPEEDY/ML4L/ECMWF_files/raw/processed_data/joined_data/v20/matched_21.pkl
/network/group/aopp/predict/TIP016_PAXTON_RPSPEEDY/ML4L/ECMWF_files/raw/processed_data/joined_data/v20/matched_22.pkl
/network/group/aopp/predict/TIP016_PAXTON_RPSPEEDY/ML4L/ECMWF_files/raw/processed_data/joined_data/v20/matched_23.pkl
/network/group/aopp/predict/TIP016_PAXTON_RPSPEEDY/ML4L/ECMWF_files/raw/processed_data/joined_data/v20/matched_24.pkl
/network/group/aopp/predict/TIP016_PAXTON_RPSPEEDY/ML4L/ECMWF_files/raw/processed_data/joined_data/v20/matched_25.pkl
/network/group/aopp/predict/TIP016_PAXTON_RPSPEEDY/ML4L/ECMWF_files/raw/processed_data/joined_data/v20/matched_26.pkl
/network/group/aopp/predict/TIP016_PAXTON_RPSPEEDY/ML4L/ECMWF_files/raw/processed_data/joined_data/v20/matched_27.pkl
/network/group/aopp/predict/TIP016_PAXTON_RPSPEEDY/ML4L/ECMWF_files/raw/processed_data/joined_data/v20/matched_28.pkl
/network/group/aopp/predict/TIP016_PAXTON_RPSPEEDY/ML4L/ECMWF_files/raw/processed_data/joined_data/v20/matched_29.pkl
/network/group/aopp/predict/TIP016_PAXTON_RPSPEEDY/ML4L/ECMWF_files/raw/processed_data/joined_data/v20/matched_30.pkl
/network/group/aopp/predict/TIP016_PAXTON_RPSPEEDY/ML4L/ECMWF_files/raw/processed_data/joined_data/v20/matched_31.pkl
/network/group/aopp/predict/TIP016_PAXTON_RPSPEEDY/ML4L/ECMWF_files/raw/processed_data/joined_data/v20/matched_32.pkl
/network/group/aopp/predict/TIP016_PAXTON_RPSPEEDY/ML4L/ECMWF_files/raw/processed_data/joined_data/v20/matched_33.pkl
/network/group/aopp/predict/TIP016_PAXTON_RPSPEEDY/ML4L/ECMWF_files/raw/processed_data/joined_data/v20/matched_34.pkl
/network/group/aopp/predict/TIP016_PAXTON_RPSPEEDY/ML4L/ECMWF_files/raw/processed_data/joined_data/v20/matched_35.pkl
Concat
Writing HDF
Done
32.01user 418.31system 8:56.90elapsed 83%CPU (0avgtext+0avgdata 68939248maxresident)k
75102480inputs+24outputs (370major+33294470minor)pagefaults 0swaps
