0 /network/group/aopp/predict/TIP016_PAXTON_RPSPEEDY/ML4L/ECMWF_files/raw/processed_data/ERA_timevariable/ERA_0.grib
/network/group/aopp/predict/TIP016_PAXTON_RPSPEEDY/ML4L/ECMWF_files/raw/ERA_sfc/sfc_unstructured_2018_01.grib
/network/group/aopp/predict/TIP016_PAXTON_RPSPEEDY/ML4L/ECMWF_files/raw/ERA_skin/sfc_skin_unstructured_2018_01.grib
/network/group/aopp/predict/TIP016_PAXTON_RPSPEEDY/ML4L/ECMWF_files/raw/ERA_skt/skt_unstructured_2018_01.grib
-----------------
Created tmpfile
Extracting time variable features
Setting the non surface levels to same type: istl1,2
Merging all time variable files
1 /network/group/aopp/predict/TIP016_PAXTON_RPSPEEDY/ML4L/ECMWF_files/raw/processed_data/ERA_timevariable/ERA_1.grib
/network/group/aopp/predict/TIP016_PAXTON_RPSPEEDY/ML4L/ECMWF_files/raw/ERA_sfc/sfc_unstructured_2018_02.grib
/network/group/aopp/predict/TIP016_PAXTON_RPSPEEDY/ML4L/ECMWF_files/raw/ERA_skin/sfc_skin_unstructured_2018_02.grib
/network/group/aopp/predict/TIP016_PAXTON_RPSPEEDY/ML4L/ECMWF_files/raw/ERA_skt/skt_unstructured_2018_02.grib
-----------------
Created tmpfile
Extracting time variable features
Setting the non surface levels to same type: istl1,2
Merging all time variable files
2 /network/group/aopp/predict/TIP016_PAXTON_RPSPEEDY/ML4L/ECMWF_files/raw/processed_data/ERA_timevariable/ERA_2.grib
/network/group/aopp/predict/TIP016_PAXTON_RPSPEEDY/ML4L/ECMWF_files/raw/ERA_sfc/sfc_unstructured_2018_03.grib
/network/group/aopp/predict/TIP016_PAXTON_RPSPEEDY/ML4L/ECMWF_files/raw/ERA_skin/sfc_skin_unstructured_2018_03.grib
/network/group/aopp/predict/TIP016_PAXTON_RPSPEEDY/ML4L/ECMWF_files/raw/ERA_skt/skt_unstructured_2018_03.grib
-----------------
Created tmpfile
Extracting time variable features
Setting the non surface levels to same type: istl1,2
Merging all time variable files
3 /network/group/aopp/predict/TIP016_PAXTON_RPSPEEDY/ML4L/ECMWF_files/raw/processed_data/ERA_timevariable/ERA_3.grib
/network/group/aopp/predict/TIP016_PAXTON_RPSPEEDY/ML4L/ECMWF_files/raw/ERA_sfc/sfc_unstructured_2018_04.grib
/network/group/aopp/predict/TIP016_PAXTON_RPSPEEDY/ML4L/ECMWF_files/raw/ERA_skin/sfc_skin_unstructured_2018_04.grib
/network/group/aopp/predict/TIP016_PAXTON_RPSPEEDY/ML4L/ECMWF_files/raw/ERA_skt/skt_unstructured_2018_04.grib
-----------------
Created tmpfile
Extracting time variable features
Setting the non surface levels to same type: istl1,2
Merging all time variable files
4 /network/group/aopp/predict/TIP016_PAXTON_RPSPEEDY/ML4L/ECMWF_files/raw/processed_data/ERA_timevariable/ERA_4.grib
/network/group/aopp/predict/TIP016_PAXTON_RPSPEEDY/ML4L/ECMWF_files/raw/ERA_sfc/sfc_unstructured_2018_05.grib
/network/group/aopp/predict/TIP016_PAXTON_RPSPEEDY/ML4L/ECMWF_files/raw/ERA_skin/sfc_skin_unstructured_2018_05.grib
/network/group/aopp/predict/TIP016_PAXTON_RPSPEEDY/ML4L/ECMWF_files/raw/ERA_skt/skt_unstructured_2018_05.grib
-----------------
Created tmpfile
Extracting time variable features
Setting the non surface levels to same type: istl1,2
Merging all time variable files
5 /network/group/aopp/predict/TIP016_PAXTON_RPSPEEDY/ML4L/ECMWF_files/raw/processed_data/ERA_timevariable/ERA_5.grib
/network/group/aopp/predict/TIP016_PAXTON_RPSPEEDY/ML4L/ECMWF_files/raw/ERA_sfc/sfc_unstructured_2018_06.grib
/network/group/aopp/predict/TIP016_PAXTON_RPSPEEDY/ML4L/ECMWF_files/raw/ERA_skin/sfc_skin_unstructured_2018_06.grib
/network/group/aopp/predict/TIP016_PAXTON_RPSPEEDY/ML4L/ECMWF_files/raw/ERA_skt/skt_unstructured_2018_06.grib
-----------------
Created tmpfile
Extracting time variable features
Setting the non surface levels to same type: istl1,2
Merging all time variable files
6 /network/group/aopp/predict/TIP016_PAXTON_RPSPEEDY/ML4L/ECMWF_files/raw/processed_data/ERA_timevariable/ERA_6.grib
/network/group/aopp/predict/TIP016_PAXTON_RPSPEEDY/ML4L/ECMWF_files/raw/ERA_sfc/sfc_unstructured_2018_07.grib
/network/group/aopp/predict/TIP016_PAXTON_RPSPEEDY/ML4L/ECMWF_files/raw/ERA_skin/sfc_skin_unstructured_2018_07.grib
/network/group/aopp/predict/TIP016_PAXTON_RPSPEEDY/ML4L/ECMWF_files/raw/ERA_skt/skt_unstructured_2018_07.grib
-----------------
Created tmpfile
Extracting time variable features
Setting the non surface levels to same type: istl1,2
Merging all time variable files
7 /network/group/aopp/predict/TIP016_PAXTON_RPSPEEDY/ML4L/ECMWF_files/raw/processed_data/ERA_timevariable/ERA_7.grib
/network/group/aopp/predict/TIP016_PAXTON_RPSPEEDY/ML4L/ECMWF_files/raw/ERA_sfc/sfc_unstructured_2018_08.grib
/network/group/aopp/predict/TIP016_PAXTON_RPSPEEDY/ML4L/ECMWF_files/raw/ERA_skin/sfc_skin_unstructured_2018_08.grib
/network/group/aopp/predict/TIP016_PAXTON_RPSPEEDY/ML4L/ECMWF_files/raw/ERA_skt/skt_unstructured_2018_08.grib
-----------------
Created tmpfile
Extracting time variable features
Setting the non surface levels to same type: istl1,2
Merging all time variable files
8 /network/group/aopp/predict/TIP016_PAXTON_RPSPEEDY/ML4L/ECMWF_files/raw/processed_data/ERA_timevariable/ERA_8.grib
/network/group/aopp/predict/TIP016_PAXTON_RPSPEEDY/ML4L/ECMWF_files/raw/ERA_sfc/sfc_unstructured_2018_09.grib
/network/group/aopp/predict/TIP016_PAXTON_RPSPEEDY/ML4L/ECMWF_files/raw/ERA_skin/sfc_skin_unstructured_2018_09.grib
/network/group/aopp/predict/TIP016_PAXTON_RPSPEEDY/ML4L/ECMWF_files/raw/ERA_skt/skt_unstructured_2018_09.grib
-----------------
Created tmpfile
Extracting time variable features
Setting the non surface levels to same type: istl1,2
Merging all time variable files
9 /network/group/aopp/predict/TIP016_PAXTON_RPSPEEDY/ML4L/ECMWF_files/raw/processed_data/ERA_timevariable/ERA_9.grib
/network/group/aopp/predict/TIP016_PAXTON_RPSPEEDY/ML4L/ECMWF_files/raw/ERA_sfc/sfc_unstructured_2018_10.grib
/network/group/aopp/predict/TIP016_PAXTON_RPSPEEDY/ML4L/ECMWF_files/raw/ERA_skin/sfc_skin_unstructured_2018_10.grib
/network/group/aopp/predict/TIP016_PAXTON_RPSPEEDY/ML4L/ECMWF_files/raw/ERA_skt/skt_unstructured_2018_10.grib
-----------------
Created tmpfile
Extracting time variable features
Setting the non surface levels to same type: istl1,2
Merging all time variable files
10 /network/group/aopp/predict/TIP016_PAXTON_RPSPEEDY/ML4L/ECMWF_files/raw/processed_data/ERA_timevariable/ERA_10.grib
/network/group/aopp/predict/TIP016_PAXTON_RPSPEEDY/ML4L/ECMWF_files/raw/ERA_sfc/sfc_unstructured_2018_11.grib
/network/group/aopp/predict/TIP016_PAXTON_RPSPEEDY/ML4L/ECMWF_files/raw/ERA_skin/sfc_skin_unstructured_2018_11.grib
/network/group/aopp/predict/TIP016_PAXTON_RPSPEEDY/ML4L/ECMWF_files/raw/ERA_skt/skt_unstructured_2018_11.grib
-----------------
Created tmpfile
Extracting time variable features
Setting the non surface levels to same type: istl1,2
Merging all time variable files
11 /network/group/aopp/predict/TIP016_PAXTON_RPSPEEDY/ML4L/ECMWF_files/raw/processed_data/ERA_timevariable/ERA_11.grib
/network/group/aopp/predict/TIP016_PAXTON_RPSPEEDY/ML4L/ECMWF_files/raw/ERA_sfc/sfc_unstructured_2018_12.grib
/network/group/aopp/predict/TIP016_PAXTON_RPSPEEDY/ML4L/ECMWF_files/raw/ERA_skin/sfc_skin_unstructured_2018_12.grib
/network/group/aopp/predict/TIP016_PAXTON_RPSPEEDY/ML4L/ECMWF_files/raw/ERA_skt/skt_unstructured_2018_12.grib
-----------------
Created tmpfile
Extracting time variable features
Setting the non surface levels to same type: istl1,2
Merging all time variable files
12 /network/group/aopp/predict/TIP016_PAXTON_RPSPEEDY/ML4L/ECMWF_files/raw/processed_data/ERA_timevariable/ERA_12.grib
/network/group/aopp/predict/TIP016_PAXTON_RPSPEEDY/ML4L/ECMWF_files/raw/ERA_sfc/sfc_unstructured_2019_01.grib
/network/group/aopp/predict/TIP016_PAXTON_RPSPEEDY/ML4L/ECMWF_files/raw/ERA_skin/sfc_skin_unstructured_2019_01.grib
/network/group/aopp/predict/TIP016_PAXTON_RPSPEEDY/ML4L/ECMWF_files/raw/ERA_skt/skt_unstructured_2019_01.grib
-----------------
Created tmpfile
Extracting time variable features
Setting the non surface levels to same type: istl1,2
Merging all time variable files
13 /network/group/aopp/predict/TIP016_PAXTON_RPSPEEDY/ML4L/ECMWF_files/raw/processed_data/ERA_timevariable/ERA_13.grib
/network/group/aopp/predict/TIP016_PAXTON_RPSPEEDY/ML4L/ECMWF_files/raw/ERA_sfc/sfc_unstructured_2019_02.grib
/network/group/aopp/predict/TIP016_PAXTON_RPSPEEDY/ML4L/ECMWF_files/raw/ERA_skin/sfc_skin_unstructured_2019_02.grib
/network/group/aopp/predict/TIP016_PAXTON_RPSPEEDY/ML4L/ECMWF_files/raw/ERA_skt/skt_unstructured_2019_02.grib
-----------------
Created tmpfile
Extracting time variable features
Setting the non surface levels to same type: istl1,2
Merging all time variable files
14 /network/group/aopp/predict/TIP016_PAXTON_RPSPEEDY/ML4L/ECMWF_files/raw/processed_data/ERA_timevariable/ERA_14.grib
/network/group/aopp/predict/TIP016_PAXTON_RPSPEEDY/ML4L/ECMWF_files/raw/ERA_sfc/sfc_unstructured_2019_03.grib
/network/group/aopp/predict/TIP016_PAXTON_RPSPEEDY/ML4L/ECMWF_files/raw/ERA_skin/sfc_skin_unstructured_2019_03.grib
/network/group/aopp/predict/TIP016_PAXTON_RPSPEEDY/ML4L/ECMWF_files/raw/ERA_skt/skt_unstructured_2019_03.grib
-----------------
Created tmpfile
Extracting time variable features
Setting the non surface levels to same type: istl1,2
Merging all time variable files
15 /network/group/aopp/predict/TIP016_PAXTON_RPSPEEDY/ML4L/ECMWF_files/raw/processed_data/ERA_timevariable/ERA_15.grib
/network/group/aopp/predict/TIP016_PAXTON_RPSPEEDY/ML4L/ECMWF_files/raw/ERA_sfc/sfc_unstructured_2019_04.grib
/network/group/aopp/predict/TIP016_PAXTON_RPSPEEDY/ML4L/ECMWF_files/raw/ERA_skin/sfc_skin_unstructured_2019_04.grib
/network/group/aopp/predict/TIP016_PAXTON_RPSPEEDY/ML4L/ECMWF_files/raw/ERA_skt/skt_unstructured_2019_04.grib
-----------------
Created tmpfile
Extracting time variable features
Setting the non surface levels to same type: istl1,2
Merging all time variable files
16 /network/group/aopp/predict/TIP016_PAXTON_RPSPEEDY/ML4L/ECMWF_files/raw/processed_data/ERA_timevariable/ERA_16.grib
/network/group/aopp/predict/TIP016_PAXTON_RPSPEEDY/ML4L/ECMWF_files/raw/ERA_sfc/sfc_unstructured_2019_05.grib
/network/group/aopp/predict/TIP016_PAXTON_RPSPEEDY/ML4L/ECMWF_files/raw/ERA_skin/sfc_skin_unstructured_2019_05.grib
/network/group/aopp/predict/TIP016_PAXTON_RPSPEEDY/ML4L/ECMWF_files/raw/ERA_skt/skt_unstructured_2019_05.grib
-----------------
Created tmpfile
Extracting time variable features
Setting the non surface levels to same type: istl1,2
Merging all time variable files
17 /network/group/aopp/predict/TIP016_PAXTON_RPSPEEDY/ML4L/ECMWF_files/raw/processed_data/ERA_timevariable/ERA_17.grib
/network/group/aopp/predict/TIP016_PAXTON_RPSPEEDY/ML4L/ECMWF_files/raw/ERA_sfc/sfc_unstructured_2019_06.grib
/network/group/aopp/predict/TIP016_PAXTON_RPSPEEDY/ML4L/ECMWF_files/raw/ERA_skin/sfc_skin_unstructured_2019_06.grib
/network/group/aopp/predict/TIP016_PAXTON_RPSPEEDY/ML4L/ECMWF_files/raw/ERA_skt/skt_unstructured_2019_06.grib
-----------------
Created tmpfile
Extracting time variable features
Setting the non surface levels to same type: istl1,2
Merging all time variable files
18 /network/group/aopp/predict/TIP016_PAXTON_RPSPEEDY/ML4L/ECMWF_files/raw/processed_data/ERA_timevariable/ERA_18.grib
/network/group/aopp/predict/TIP016_PAXTON_RPSPEEDY/ML4L/ECMWF_files/raw/ERA_sfc/sfc_unstructured_2019_07.grib
/network/group/aopp/predict/TIP016_PAXTON_RPSPEEDY/ML4L/ECMWF_files/raw/ERA_skin/sfc_skin_unstructured_2019_07.grib
/network/group/aopp/predict/TIP016_PAXTON_RPSPEEDY/ML4L/ECMWF_files/raw/ERA_skt/skt_unstructured_2019_07.grib
-----------------
Created tmpfile
Extracting time variable features
Setting the non surface levels to same type: istl1,2
Merging all time variable files
19 /network/group/aopp/predict/TIP016_PAXTON_RPSPEEDY/ML4L/ECMWF_files/raw/processed_data/ERA_timevariable/ERA_19.grib
/network/group/aopp/predict/TIP016_PAXTON_RPSPEEDY/ML4L/ECMWF_files/raw/ERA_sfc/sfc_unstructured_2019_08.grib
/network/group/aopp/predict/TIP016_PAXTON_RPSPEEDY/ML4L/ECMWF_files/raw/ERA_skin/sfc_skin_unstructured_2019_08.grib
/network/group/aopp/predict/TIP016_PAXTON_RPSPEEDY/ML4L/ECMWF_files/raw/ERA_skt/skt_unstructured_2019_08.grib
-----------------
Created tmpfile
Extracting time variable features
Setting the non surface levels to same type: istl1,2
Merging all time variable files
20 /network/group/aopp/predict/TIP016_PAXTON_RPSPEEDY/ML4L/ECMWF_files/raw/processed_data/ERA_timevariable/ERA_20.grib
/network/group/aopp/predict/TIP016_PAXTON_RPSPEEDY/ML4L/ECMWF_files/raw/ERA_sfc/sfc_unstructured_2019_09.grib
/network/group/aopp/predict/TIP016_PAXTON_RPSPEEDY/ML4L/ECMWF_files/raw/ERA_skin/sfc_skin_unstructured_2019_09.grib
/network/group/aopp/predict/TIP016_PAXTON_RPSPEEDY/ML4L/ECMWF_files/raw/ERA_skt/skt_unstructured_2019_09.grib
-----------------
Created tmpfile
Extracting time variable features
Setting the non surface levels to same type: istl1,2
Merging all time variable files
21 /network/group/aopp/predict/TIP016_PAXTON_RPSPEEDY/ML4L/ECMWF_files/raw/processed_data/ERA_timevariable/ERA_21.grib
/network/group/aopp/predict/TIP016_PAXTON_RPSPEEDY/ML4L/ECMWF_files/raw/ERA_sfc/sfc_unstructured_2019_10.grib
/network/group/aopp/predict/TIP016_PAXTON_RPSPEEDY/ML4L/ECMWF_files/raw/ERA_skin/sfc_skin_unstructured_2019_10.grib
/network/group/aopp/predict/TIP016_PAXTON_RPSPEEDY/ML4L/ECMWF_files/raw/ERA_skt/skt_unstructured_2019_10.grib
-----------------
Created tmpfile
Extracting time variable features
Setting the non surface levels to same type: istl1,2
Merging all time variable files
22 /network/group/aopp/predict/TIP016_PAXTON_RPSPEEDY/ML4L/ECMWF_files/raw/processed_data/ERA_timevariable/ERA_22.grib
/network/group/aopp/predict/TIP016_PAXTON_RPSPEEDY/ML4L/ECMWF_files/raw/ERA_sfc/sfc_unstructured_2019_11.grib
/network/group/aopp/predict/TIP016_PAXTON_RPSPEEDY/ML4L/ECMWF_files/raw/ERA_skin/sfc_skin_unstructured_2019_11.grib
/network/group/aopp/predict/TIP016_PAXTON_RPSPEEDY/ML4L/ECMWF_files/raw/ERA_skt/skt_unstructured_2019_11.grib
-----------------
Created tmpfile
Extracting time variable features
Setting the non surface levels to same type: istl1,2
Merging all time variable files
23 /network/group/aopp/predict/TIP016_PAXTON_RPSPEEDY/ML4L/ECMWF_files/raw/processed_data/ERA_timevariable/ERA_23.grib
/network/group/aopp/predict/TIP016_PAXTON_RPSPEEDY/ML4L/ECMWF_files/raw/ERA_sfc/sfc_unstructured_2019_12.grib
/network/group/aopp/predict/TIP016_PAXTON_RPSPEEDY/ML4L/ECMWF_files/raw/ERA_skin/sfc_skin_unstructured_2019_12.grib
/network/group/aopp/predict/TIP016_PAXTON_RPSPEEDY/ML4L/ECMWF_files/raw/ERA_skt/skt_unstructured_2019_12.grib
-----------------
Created tmpfile
Extracting time variable features
Setting the non surface levels to same type: istl1,2
Merging all time variable files
24 /network/group/aopp/predict/TIP016_PAXTON_RPSPEEDY/ML4L/ECMWF_files/raw/processed_data/ERA_timevariable/ERA_24.grib
/network/group/aopp/predict/TIP016_PAXTON_RPSPEEDY/ML4L/ECMWF_files/raw/ERA_sfc/sfc_unstructured_2020_01.grib
/network/group/aopp/predict/TIP016_PAXTON_RPSPEEDY/ML4L/ECMWF_files/raw/ERA_skin/sfc_skin_unstructured_2020_01.grib
/network/group/aopp/predict/TIP016_PAXTON_RPSPEEDY/ML4L/ECMWF_files/raw/ERA_skt/skt_unstructured_2020_01.grib
-----------------
Created tmpfile
Extracting time variable features
Setting the non surface levels to same type: istl1,2
Merging all time variable files
25 /network/group/aopp/predict/TIP016_PAXTON_RPSPEEDY/ML4L/ECMWF_files/raw/processed_data/ERA_timevariable/ERA_25.grib
/network/group/aopp/predict/TIP016_PAXTON_RPSPEEDY/ML4L/ECMWF_files/raw/ERA_sfc/sfc_unstructured_2020_02.grib
/network/group/aopp/predict/TIP016_PAXTON_RPSPEEDY/ML4L/ECMWF_files/raw/ERA_skin/sfc_skin_unstructured_2020_02.grib
/network/group/aopp/predict/TIP016_PAXTON_RPSPEEDY/ML4L/ECMWF_files/raw/ERA_skt/skt_unstructured_2020_02.grib
-----------------
Created tmpfile
Extracting time variable features
Setting the non surface levels to same type: istl1,2
Merging all time variable files
26 /network/group/aopp/predict/TIP016_PAXTON_RPSPEEDY/ML4L/ECMWF_files/raw/processed_data/ERA_timevariable/ERA_26.grib
/network/group/aopp/predict/TIP016_PAXTON_RPSPEEDY/ML4L/ECMWF_files/raw/ERA_sfc/sfc_unstructured_2020_03.grib
/network/group/aopp/predict/TIP016_PAXTON_RPSPEEDY/ML4L/ECMWF_files/raw/ERA_skin/sfc_skin_unstructured_2020_03.grib
/network/group/aopp/predict/TIP016_PAXTON_RPSPEEDY/ML4L/ECMWF_files/raw/ERA_skt/skt_unstructured_2020_03.grib
-----------------
Created tmpfile
Extracting time variable features
Setting the non surface levels to same type: istl1,2
Merging all time variable files
27 /network/group/aopp/predict/TIP016_PAXTON_RPSPEEDY/ML4L/ECMWF_files/raw/processed_data/ERA_timevariable/ERA_27.grib
/network/group/aopp/predict/TIP016_PAXTON_RPSPEEDY/ML4L/ECMWF_files/raw/ERA_sfc/sfc_unstructured_2020_04.grib
/network/group/aopp/predict/TIP016_PAXTON_RPSPEEDY/ML4L/ECMWF_files/raw/ERA_skin/sfc_skin_unstructured_2020_04.grib
/network/group/aopp/predict/TIP016_PAXTON_RPSPEEDY/ML4L/ECMWF_files/raw/ERA_skt/skt_unstructured_2020_04.grib
-----------------
Created tmpfile
Extracting time variable features
Setting the non surface levels to same type: istl1,2
Merging all time variable files
28 /network/group/aopp/predict/TIP016_PAXTON_RPSPEEDY/ML4L/ECMWF_files/raw/processed_data/ERA_timevariable/ERA_28.grib
/network/group/aopp/predict/TIP016_PAXTON_RPSPEEDY/ML4L/ECMWF_files/raw/ERA_sfc/sfc_unstructured_2020_05.grib
/network/group/aopp/predict/TIP016_PAXTON_RPSPEEDY/ML4L/ECMWF_files/raw/ERA_skin/sfc_skin_unstructured_2020_05.grib
/network/group/aopp/predict/TIP016_PAXTON_RPSPEEDY/ML4L/ECMWF_files/raw/ERA_skt/skt_unstructured_2020_05.grib
-----------------
Created tmpfile
Extracting time variable features
Setting the non surface levels to same type: istl1,2
Merging all time variable files
29 /network/group/aopp/predict/TIP016_PAXTON_RPSPEEDY/ML4L/ECMWF_files/raw/processed_data/ERA_timevariable/ERA_29.grib
/network/group/aopp/predict/TIP016_PAXTON_RPSPEEDY/ML4L/ECMWF_files/raw/ERA_sfc/sfc_unstructured_2020_06.grib
/network/group/aopp/predict/TIP016_PAXTON_RPSPEEDY/ML4L/ECMWF_files/raw/ERA_skin/sfc_skin_unstructured_2020_06.grib
/network/group/aopp/predict/TIP016_PAXTON_RPSPEEDY/ML4L/ECMWF_files/raw/ERA_skt/skt_unstructured_2020_06.grib
-----------------
Created tmpfile
Extracting time variable features
Setting the non surface levels to same type: istl1,2
Merging all time variable files
30 /network/group/aopp/predict/TIP016_PAXTON_RPSPEEDY/ML4L/ECMWF_files/raw/processed_data/ERA_timevariable/ERA_30.grib
/network/group/aopp/predict/TIP016_PAXTON_RPSPEEDY/ML4L/ECMWF_files/raw/ERA_sfc/sfc_unstructured_2020_07.grib
/network/group/aopp/predict/TIP016_PAXTON_RPSPEEDY/ML4L/ECMWF_files/raw/ERA_skin/sfc_skin_unstructured_2020_07.grib
/network/group/aopp/predict/TIP016_PAXTON_RPSPEEDY/ML4L/ECMWF_files/raw/ERA_skt/skt_unstructured_2020_07.grib
-----------------
Created tmpfile
Extracting time variable features
Setting the non surface levels to same type: istl1,2
Merging all time variable files
31 /network/group/aopp/predict/TIP016_PAXTON_RPSPEEDY/ML4L/ECMWF_files/raw/processed_data/ERA_timevariable/ERA_31.grib
/network/group/aopp/predict/TIP016_PAXTON_RPSPEEDY/ML4L/ECMWF_files/raw/ERA_sfc/sfc_unstructured_2020_08.grib
/network/group/aopp/predict/TIP016_PAXTON_RPSPEEDY/ML4L/ECMWF_files/raw/ERA_skin/sfc_skin_unstructured_2020_08.grib
/network/group/aopp/predict/TIP016_PAXTON_RPSPEEDY/ML4L/ECMWF_files/raw/ERA_skt/skt_unstructured_2020_08.grib
-----------------
Created tmpfile
Extracting time variable features
Setting the non surface levels to same type: istl1,2
Merging all time variable files
32 /network/group/aopp/predict/TIP016_PAXTON_RPSPEEDY/ML4L/ECMWF_files/raw/processed_data/ERA_timevariable/ERA_32.grib
/network/group/aopp/predict/TIP016_PAXTON_RPSPEEDY/ML4L/ECMWF_files/raw/ERA_sfc/sfc_unstructured_2020_09.grib
/network/group/aopp/predict/TIP016_PAXTON_RPSPEEDY/ML4L/ECMWF_files/raw/ERA_skin/sfc_skin_unstructured_2020_09.grib
/network/group/aopp/predict/TIP016_PAXTON_RPSPEEDY/ML4L/ECMWF_files/raw/ERA_skt/skt_unstructured_2020_09.grib
-----------------
Created tmpfile
Extracting time variable features
Setting the non surface levels to same type: istl1,2
Merging all time variable files
33 /network/group/aopp/predict/TIP016_PAXTON_RPSPEEDY/ML4L/ECMWF_files/raw/processed_data/ERA_timevariable/ERA_33.grib
/network/group/aopp/predict/TIP016_PAXTON_RPSPEEDY/ML4L/ECMWF_files/raw/ERA_sfc/sfc_unstructured_2020_10.grib
/network/group/aopp/predict/TIP016_PAXTON_RPSPEEDY/ML4L/ECMWF_files/raw/ERA_skin/sfc_skin_unstructured_2020_10.grib
/network/group/aopp/predict/TIP016_PAXTON_RPSPEEDY/ML4L/ECMWF_files/raw/ERA_skt/skt_unstructured_2020_10.grib
-----------------
Created tmpfile
Extracting time variable features
Setting the non surface levels to same type: istl1,2
Merging all time variable files
34 /network/group/aopp/predict/TIP016_PAXTON_RPSPEEDY/ML4L/ECMWF_files/raw/processed_data/ERA_timevariable/ERA_34.grib
/network/group/aopp/predict/TIP016_PAXTON_RPSPEEDY/ML4L/ECMWF_files/raw/ERA_sfc/sfc_unstructured_2020_11.grib
/network/group/aopp/predict/TIP016_PAXTON_RPSPEEDY/ML4L/ECMWF_files/raw/ERA_skin/sfc_skin_unstructured_2020_11.grib
/network/group/aopp/predict/TIP016_PAXTON_RPSPEEDY/ML4L/ECMWF_files/raw/ERA_skt/skt_unstructured_2020_11.grib
-----------------
Created tmpfile
Extracting time variable features
Setting the non surface levels to same type: istl1,2
Merging all time variable files
35 /network/group/aopp/predict/TIP016_PAXTON_RPSPEEDY/ML4L/ECMWF_files/raw/processed_data/ERA_timevariable/ERA_35.grib
/network/group/aopp/predict/TIP016_PAXTON_RPSPEEDY/ML4L/ECMWF_files/raw/ERA_sfc/sfc_unstructured_2020_12.grib
/network/group/aopp/predict/TIP016_PAXTON_RPSPEEDY/ML4L/ECMWF_files/raw/ERA_skin/sfc_skin_unstructured_2020_12.grib
/network/group/aopp/predict/TIP016_PAXTON_RPSPEEDY/ML4L/ECMWF_files/raw/ERA_skt/skt_unstructured_2020_12.grib
-----------------
Created tmpfile
Extracting time variable features
Setting the non surface levels to same type: istl1,2
Merging all time variable files
1899.37user 1389.24system 2:11:01elapsed 41%CPU (0avgtext+0avgdata 15420maxresident)k
1746563264inputs+1061493176outputs (9major+382302minor)pagefaults 0swaps
